mode: set
fp_kata/internal/app/app.go:11.27,26.2 8 0
fp_kata/internal/app/wire_gen.go:22.41,35.2 12 0
fp_kata/internal/app/wire_gen.go:53.15,59.2 1 0
fp_kata/common/utils/utils.go:5.26,7.2 1 0
fp_kata/common/middleware/auth-middleware.go:10.104,11.35 1 0
fp_kata/common/middleware/auth-middleware.go:11.35,16.23 4 0
fp_kata/common/middleware/auth-middleware.go:16.23,20.4 1 0
fp_kata/common/middleware/auth-middleware.go:23.3,27.17 3 0
fp_kata/common/middleware/auth-middleware.go:27.17,32.4 2 0
fp_kata/common/middleware/auth-middleware.go:34.3,35.17 2 0
fp_kata/common/middleware/auth-middleware.go:35.17,40.4 2 0
fp_kata/common/middleware/auth-middleware.go:41.3,49.20 5 0
fp_kata/common/middleware/logging-middleware.go:12.62,13.33 1 0
fp_kata/common/middleware/logging-middleware.go:13.33,32.3 7 0
fp_kata/common/middleware/auth-middleware.go:10.104,11.35 1 0
fp_kata/common/middleware/auth-middleware.go:11.35,16.23 4 0
fp_kata/common/middleware/auth-middleware.go:16.23,20.4 1 0
fp_kata/common/middleware/auth-middleware.go:23.3,27.17 3 0
fp_kata/common/middleware/auth-middleware.go:27.17,32.4 2 0
fp_kata/common/middleware/auth-middleware.go:34.3,35.17 2 0
fp_kata/common/middleware/auth-middleware.go:35.17,40.4 2 0
fp_kata/common/middleware/auth-middleware.go:41.3,49.20 5 0
fp_kata/common/middleware/logging-middleware.go:12.62,13.33 1 0
fp_kata/common/middleware/logging-middleware.go:13.33,32.3 7 0
fp_kata/common/utils/utils.go:5.26,7.2 1 0
fp_kata/internal/app/app.go:11.27,26.2 8 0
fp_kata/internal/app/wire_gen.go:22.41,35.2 12 0
fp_kata/internal/app/wire_gen.go:53.15,59.2 1 0
fp_kata/internal/controllers/orders_controller.go:20.80,24.2 1 0
fp_kata/internal/controllers/orders_controller.go:26.94,30.2 3 0
fp_kata/internal/controllers/orders_controller.go:32.61,42.54 6 0
fp_kata/internal/controllers/orders_controller.go:42.54,46.3 1 0
fp_kata/internal/controllers/orders_controller.go:49.2,50.54 2 0
fp_kata/internal/controllers/orders_controller.go:50.54,55.3 1 0
fp_kata/internal/controllers/orders_controller.go:57.2,62.16 4 0
fp_kata/internal/controllers/orders_controller.go:62.16,66.3 1 0
fp_kata/internal/controllers/orders_controller.go:68.2,69.60 2 0
fp_kata/internal/controllers/orders_controller.go:73.59,84.17 7 0
fp_kata/internal/controllers/orders_controller.go:84.17,86.17 2 0
fp_kata/internal/controllers/orders_controller.go:86.17,88.4 1 0
fp_kata/internal/controllers/orders_controller.go:90.3,90.44 1 0
fp_kata/internal/controllers/orders_controller.go:90.44,92.4 1 0
fp_kata/internal/controllers/orders_controller.go:94.3,95.17 2 0
fp_kata/internal/controllers/orders_controller.go:95.17,97.4 1 0
fp_kata/internal/controllers/orders_controller.go:98.8,101.17 3 0
fp_kata/internal/controllers/orders_controller.go:101.17,103.4 1 0
fp_kata/internal/controllers/orders_controller.go:106.2,107.31 2 0
fp_kata/internal/controllers/orders_controller.go:107.31,109.3 1 0
fp_kata/internal/controllers/orders_controller.go:110.2,110.56 1 0
fp_kata/internal/controllers/orders_controller.go:115.58,124.16 6 0
fp_kata/internal/controllers/orders_controller.go:124.16,126.3 1 0
fp_kata/internal/controllers/orders_controller.go:128.2,134.16 5 0
fp_kata/internal/controllers/orders_controller.go:134.16,136.3 1 0
fp_kata/internal/controllers/orders_controller.go:138.2,140.55 2 0
fp_kata/internal/controllers/users_controller.go:17.76,19.2 1 0
fp_kata/internal/controllers/users_controller.go:22.92,25.2 2 0
fp_kata/internal/controllers/users_controller.go:28.55,36.53 5 0
fp_kata/internal/controllers/users_controller.go:36.53,40.3 1 0
fp_kata/internal/controllers/users_controller.go:42.2,43.17 2 0
fp_kata/internal/controllers/users_controller.go:43.17,47.3 1 0
fp_kata/internal/controllers/users_controller.go:48.2,51.16 3 0
fp_kata/internal/controllers/users_controller.go:51.16,55.3 1 0
fp_kata/internal/controllers/users_controller.go:56.2,56.85 1 0
fp_kata/internal/controllers/users_controller.go:60.56,65.24 4 0
fp_kata/internal/controllers/users_controller.go:65.24,69.3 1 0
fp_kata/internal/controllers/users_controller.go:70.2,74.16 4 0
fp_kata/internal/controllers/users_controller.go:74.16,78.3 1 0
fp_kata/internal/controllers/users_controller.go:80.2,80.77 1 0
fp_kata/internal/datasources/file/orders_mem_storage.go:15.101,20.13 4 0
fp_kata/internal/datasources/file/orders_mem_storage.go:20.13,22.3 1 0
fp_kata/internal/datasources/file/orders_mem_storage.go:23.2,23.20 1 0
fp_kata/internal/datasources/file/orders_mem_storage.go:26.112,31.33 4 0
fp_kata/internal/datasources/file/orders_mem_storage.go:31.33,32.29 1 0
fp_kata/internal/datasources/file/orders_mem_storage.go:32.29,34.4 1 0
fp_kata/internal/datasources/file/orders_mem_storage.go:36.2,36.24 1 0
fp_kata/internal/datasources/file/orders_mem_storage.go:39.85,43.45 3 0
fp_kata/internal/datasources/file/orders_mem_storage.go:43.45,45.3 1 0
fp_kata/internal/datasources/file/orders_mem_storage.go:46.2,47.12 2 0
fp_kata/internal/datasources/file/orders_mem_storage.go:50.113,55.13 4 0
fp_kata/internal/datasources/file/orders_mem_storage.go:55.13,57.3 1 0
fp_kata/internal/datasources/file/orders_mem_storage.go:58.2,59.20 2 0
fp_kata/internal/datasources/file/orders_mem_storage.go:62.113,66.45 3 0
fp_kata/internal/datasources/file/orders_mem_storage.go:66.45,68.3 1 0
fp_kata/internal/datasources/file/orders_mem_storage.go:69.2,70.20 2 0
fp_kata/internal/datasources/file/orders_mem_storage.go:73.54,77.2 1 0
fp_kata/internal/datasources/file/users_mem_storage.go:15.52,20.2 1 0
fp_kata/internal/datasources/file/users_mem_storage.go:22.102,27.19 4 0
fp_kata/internal/datasources/file/users_mem_storage.go:27.19,29.3 1 0
fp_kata/internal/datasources/file/users_mem_storage.go:31.2,33.19 3 0
fp_kata/internal/datasources/file/users_mem_storage.go:36.88,40.13 4 0
fp_kata/internal/datasources/file/users_mem_storage.go:40.13,42.3 1 0
fp_kata/internal/datasources/file/users_mem_storage.go:43.2,43.19 1 0
fp_kata/internal/datasources/file/users_mem_storage.go:46.93,51.12 4 0
fp_kata/internal/datasources/file/users_mem_storage.go:51.12,53.3 1 0
fp_kata/internal/datasources/file/users_mem_storage.go:54.2,54.15 1 0
fp_kata/internal/datasources/file/users_mem_storage.go:57.73,61.39 3 0
fp_kata/internal/datasources/file/users_mem_storage.go:61.39,63.3 1 0
fp_kata/internal/datasources/file/users_mem_storage.go:65.2,67.16 3 0
fp_kata/internal/datasources/yugabyte/payments_mem_storage.go:16.58,18.2 1 1
fp_kata/internal/datasources/yugabyte/payments_mem_storage.go:20.108,27.2 6 1
fp_kata/internal/datasources/yugabyte/payments_mem_storage.go:29.94,32.41 3 1
fp_kata/internal/datasources/yugabyte/payments_mem_storage.go:32.41,34.3 1 1
fp_kata/internal/datasources/yugabyte/payments_mem_storage.go:35.2,35.75 1 1
fp_kata/internal/datasources/yugabyte/payments_mem_storage.go:38.108,41.43 3 1
fp_kata/internal/datasources/yugabyte/payments_mem_storage.go:41.43,44.3 2 1
fp_kata/internal/datasources/yugabyte/payments_mem_storage.go:45.2,45.77 1 1
fp_kata/internal/datasources/yugabyte/payments_mem_storage.go:48.76,51.41 3 1
fp_kata/internal/datasources/yugabyte/payments_mem_storage.go:51.41,54.3 2 1
fp_kata/internal/datasources/yugabyte/payments_mem_storage.go:55.2,55.55 1 1
fp_kata/internal/datasources/yugabyte/payments_mem_storage.go:58.109,63.37 4 1
fp_kata/internal/datasources/yugabyte/payments_mem_storage.go:63.37,64.33 1 1
fp_kata/internal/datasources/yugabyte/payments_mem_storage.go:64.33,66.4 1 1
fp_kata/internal/datasources/yugabyte/payments_mem_storage.go:70.2,70.43 1 1
fp_kata/internal/datasources/yugabyte/payments_mem_storage.go:70.43,72.3 1 1
fp_kata/internal/datasources/yugabyte/payments_mem_storage.go:73.2,73.24 1 1
fp_kata/internal/datasources/yugabyte/payments_mem_storage.go:73.24,75.3 1 1
fp_kata/internal/datasources/yugabyte/payments_mem_storage.go:76.2,76.22 1 1
fp_kata/internal/models/order.go:20.45,22.19 1 0
fp_kata/internal/models/order.go:22.19,24.3 1 0
fp_kata/internal/models/order.go:26.2,27.37 2 0
fp_kata/internal/models/order.go:27.37,29.3 1 0
fp_kata/internal/models/order.go:31.2,40.3 1 0
fp_kata/internal/models/order.go:44.77,56.2 1 0
fp_kata/internal/models/payment.go:16.48,17.37 1 0
fp_kata/internal/models/payment.go:17.37,19.3 1 0
fp_kata/internal/models/payment.go:20.2,26.3 1 0
fp_kata/internal/models/payment.go:28.82,29.33 1 0
fp_kata/internal/models/payment.go:29.33,31.3 1 0
fp_kata/internal/models/payment.go:32.2,38.3 1 0
fp_kata/internal/models/user.go:13.42,20.2 1 0
fp_kata/internal/models/user.go:21.44,29.2 1 0
fp_kata/internal/services/authentications_service.go:28.35,32.2 1 0
fp_kata/internal/services/authentications_service.go:35.96,39.18 3 0
fp_kata/internal/services/authentications_service.go:39.18,41.3 1 0
fp_kata/internal/services/authentications_service.go:43.2,51.23 6 0
fp_kata/internal/services/authentications_service.go:55.92,58.21 3 0
fp_kata/internal/services/authentications_service.go:58.21,60.3 1 0
fp_kata/internal/services/authentications_service.go:61.2,68.13 6 0
fp_kata/internal/services/authentications_service.go:68.13,70.3 1 0
fp_kata/internal/services/authentications_service.go:72.2,72.20 1 0
fp_kata/internal/services/authentications_service.go:76.39,79.2 1 0
fp_kata/internal/services/orders_service.go:25.107,27.2 1 0
fp_kata/internal/services/orders_service.go:31.118,36.65 3 0
fp_kata/internal/services/orders_service.go:36.65,38.3 1 0
fp_kata/internal/services/orders_service.go:40.2,42.16 2 0
fp_kata/internal/services/orders_service.go:42.16,44.3 1 0
fp_kata/internal/services/orders_service.go:48.2,49.16 2 0
fp_kata/internal/services/orders_service.go:49.16,51.3 1 0
fp_kata/internal/services/orders_service.go:54.2,55.16 2 0
fp_kata/internal/services/orders_service.go:55.16,57.3 1 0
fp_kata/internal/services/orders_service.go:57.8,59.3 1 0
fp_kata/internal/services/orders_service.go:60.2,60.16 1 0
fp_kata/internal/services/orders_service.go:60.16,62.3 1 0
fp_kata/internal/services/orders_service.go:65.2,66.22 2 0
fp_kata/internal/services/orders_service.go:70.116,73.41 2 0
fp_kata/internal/services/orders_service.go:73.41,76.17 3 0
fp_kata/internal/services/orders_service.go:76.17,78.4 1 0
fp_kata/internal/services/orders_service.go:79.3,80.36 2 0
fp_kata/internal/services/orders_service.go:83.2,83.28 1 0
fp_kata/internal/services/orders_service.go:86.104,90.17 3 0
fp_kata/internal/services/orders_service.go:90.17,92.3 1 0
fp_kata/internal/services/orders_service.go:94.2,95.16 2 0
fp_kata/internal/services/orders_service.go:95.16,97.3 1 0
fp_kata/internal/services/orders_service.go:98.2,98.30 1 0
fp_kata/internal/services/orders_service.go:98.30,100.3 1 0
fp_kata/internal/services/orders_service.go:102.2,103.16 2 0
fp_kata/internal/services/orders_service.go:103.16,105.3 1 0
fp_kata/internal/services/orders_service.go:107.2,108.19 2 0
fp_kata/internal/services/orders_service.go:111.99,116.17 3 0
fp_kata/internal/services/orders_service.go:116.17,118.3 1 0
fp_kata/internal/services/orders_service.go:119.2,120.16 2 0
fp_kata/internal/services/orders_service.go:120.16,122.3 1 0
fp_kata/internal/services/orders_service.go:124.2,125.35 2 0
fp_kata/internal/services/orders_service.go:125.35,127.17 2 0
fp_kata/internal/services/orders_service.go:127.17,129.4 1 0
fp_kata/internal/services/orders_service.go:130.3,131.33 2 0
fp_kata/internal/services/orders_service.go:134.2,134.20 1 0
fp_kata/internal/services/orders_service.go:137.148,140.17 3 0
fp_kata/internal/services/orders_service.go:140.17,142.3 1 0
fp_kata/internal/services/orders_service.go:143.2,144.16 2 0
fp_kata/internal/services/orders_service.go:144.16,146.3 1 0
fp_kata/internal/services/orders_service.go:148.2,149.38 2 0
fp_kata/internal/services/orders_service.go:149.38,151.20 2 0
fp_kata/internal/services/orders_service.go:151.20,153.18 2 0
fp_kata/internal/services/orders_service.go:153.18,155.5 1 0
fp_kata/internal/services/orders_service.go:156.4,156.50 1 0
fp_kata/internal/services/orders_service.go:160.2,160.28 1 0
fp_kata/internal/services/payments_service.go:21.81,23.2 1 0
fp_kata/internal/services/payments_service.go:25.116,30.21 5 0
fp_kata/internal/services/payments_service.go:30.21,32.3 1 0
fp_kata/internal/services/payments_service.go:32.8,34.3 1 0
fp_kata/internal/services/payments_service.go:35.2,35.16 1 0
fp_kata/internal/services/payments_service.go:35.16,37.3 1 0
fp_kata/internal/services/payments_service.go:38.2,39.28 2 0
fp_kata/internal/services/payments_service.go:42.102,46.16 4 0
fp_kata/internal/services/payments_service.go:46.16,48.3 1 0
fp_kata/internal/services/payments_service.go:49.2,50.21 2 0
fp_kata/internal/services/payments_service.go:53.113,58.16 4 0
fp_kata/internal/services/payments_service.go:58.16,60.3 1 0
fp_kata/internal/services/payments_service.go:61.2,62.39 2 0
fp_kata/internal/services/payments_service.go:62.39,64.3 1 0
fp_kata/internal/services/payments_service.go:65.2,65.22 1 0
fp_kata/internal/services/users_service.go:21.97,26.2 1 0
fp_kata/internal/services/users_service.go:28.88,32.13 4 0
fp_kata/internal/services/users_service.go:32.13,34.3 1 0
fp_kata/internal/services/users_service.go:35.2,36.18 2 0
fp_kata/internal/services/users_service.go:39.93,44.14 5 0
fp_kata/internal/services/users_service.go:44.14,46.3 1 0
fp_kata/internal/services/users_service.go:47.2,49.16 3 0
fp_kata/internal/services/users_service.go:49.16,51.3 1 0
fp_kata/internal/services/users_service.go:53.2,53.25 1 0
fp_kata/pkg/log/logger.go:14.19,16.2 1 1
fp_kata/pkg/log/logger.go:18.52,20.2 1 0
fp_kata/pkg/log/logger.go:22.60,24.2 1 0
fp_kata/pkg/log/logger.go:26.53,28.2 1 1
fp_kata/pkg/log/logger.go:30.67,32.2 1 1
fp_kata/pkg/transports/order.go:28.81,31.51 2 0
fp_kata/pkg/transports/order.go:31.51,34.3 2 0
fp_kata/pkg/transports/order.go:36.2,44.3 1 0
fp_kata/pkg/transports/order.go:48.60,52.23 2 0
fp_kata/pkg/transports/order.go:52.23,54.3 1 0
fp_kata/pkg/transports/order.go:56.2,65.3 1 0
fp_kata/pkg/transports/order.go:69.69,71.35 2 0
fp_kata/pkg/transports/order.go:71.35,73.3 1 0
fp_kata/pkg/transports/order.go:74.2,74.25 1 0
fp_kata/pkg/transports/payment.go:14.68,20.2 1 0
fp_kata/pkg/transports/payment.go:27.69,33.2 1 0
fp_kata/pkg/transports/user.go:26.52,28.41 1 0
fp_kata/pkg/transports/user.go:28.41,30.3 1 0
fp_kata/pkg/transports/user.go:32.2,36.3 1 0
fp_kata/pkg/transports/user.go:39.68,40.51 1 0
fp_kata/pkg/transports/user.go:40.51,42.21 2 0
fp_kata/pkg/transports/user.go:42.21,44.4 1 0
fp_kata/pkg/transports/user.go:44.9,47.4 2 0
fp_kata/pkg/transports/user.go:48.8,51.3 2 0
fp_kata/pkg/transports/user.go:52.2,52.17 1 0
fp_kata/pkg/transports/user.go:55.56,62.2 1 0
fp_kata/common/middleware/auth-middleware.go:10.104,11.35 1 0
fp_kata/common/middleware/auth-middleware.go:11.35,16.23 4 0
fp_kata/common/middleware/auth-middleware.go:16.23,20.4 1 0
fp_kata/common/middleware/auth-middleware.go:23.3,27.17 3 0
fp_kata/common/middleware/auth-middleware.go:27.17,32.4 2 0
fp_kata/common/middleware/auth-middleware.go:34.3,35.17 2 0
fp_kata/common/middleware/auth-middleware.go:35.17,40.4 2 0
fp_kata/common/middleware/auth-middleware.go:41.3,49.20 5 0
fp_kata/common/middleware/logging-middleware.go:12.62,13.33 1 0
fp_kata/common/middleware/logging-middleware.go:13.33,32.3 7 0
fp_kata/common/utils/utils.go:5.26,7.2 1 0
fp_kata/internal/app/app.go:11.27,26.2 8 0
fp_kata/internal/app/wire_gen.go:22.41,35.2 12 0
fp_kata/internal/app/wire_gen.go:53.15,59.2 1 0
fp_kata/internal/controllers/orders_controller.go:20.80,24.2 1 0
fp_kata/internal/controllers/orders_controller.go:26.94,30.2 3 0
fp_kata/internal/controllers/orders_controller.go:32.61,42.54 6 0
fp_kata/internal/controllers/orders_controller.go:42.54,46.3 1 0
fp_kata/internal/controllers/orders_controller.go:49.2,50.54 2 0
fp_kata/internal/controllers/orders_controller.go:50.54,55.3 1 0
fp_kata/internal/controllers/orders_controller.go:57.2,62.16 4 0
fp_kata/internal/controllers/orders_controller.go:62.16,66.3 1 0
fp_kata/internal/controllers/orders_controller.go:68.2,69.60 2 0
fp_kata/internal/controllers/orders_controller.go:73.59,84.17 7 0
fp_kata/internal/controllers/orders_controller.go:84.17,86.17 2 0
fp_kata/internal/controllers/orders_controller.go:86.17,88.4 1 0
fp_kata/internal/controllers/orders_controller.go:90.3,90.44 1 0
fp_kata/internal/controllers/orders_controller.go:90.44,92.4 1 0
fp_kata/internal/controllers/orders_controller.go:94.3,95.17 2 0
fp_kata/internal/controllers/orders_controller.go:95.17,97.4 1 0
fp_kata/internal/controllers/orders_controller.go:98.8,101.17 3 0
fp_kata/internal/controllers/orders_controller.go:101.17,103.4 1 0
fp_kata/internal/controllers/orders_controller.go:106.2,107.31 2 0
fp_kata/internal/controllers/orders_controller.go:107.31,109.3 1 0
fp_kata/internal/controllers/orders_controller.go:110.2,110.56 1 0
fp_kata/internal/controllers/orders_controller.go:115.58,124.16 6 0
fp_kata/internal/controllers/orders_controller.go:124.16,126.3 1 0
fp_kata/internal/controllers/orders_controller.go:128.2,134.16 5 0
fp_kata/internal/controllers/orders_controller.go:134.16,136.3 1 0
fp_kata/internal/controllers/orders_controller.go:138.2,140.55 2 0
fp_kata/internal/controllers/users_controller.go:17.76,19.2 1 0
fp_kata/internal/controllers/users_controller.go:22.92,25.2 2 0
fp_kata/internal/controllers/users_controller.go:28.55,36.53 5 0
fp_kata/internal/controllers/users_controller.go:36.53,40.3 1 0
fp_kata/internal/controllers/users_controller.go:42.2,43.17 2 0
fp_kata/internal/controllers/users_controller.go:43.17,47.3 1 0
fp_kata/internal/controllers/users_controller.go:48.2,51.16 3 0
fp_kata/internal/controllers/users_controller.go:51.16,55.3 1 0
fp_kata/internal/controllers/users_controller.go:56.2,56.85 1 0
fp_kata/internal/controllers/users_controller.go:60.56,65.24 4 0
fp_kata/internal/controllers/users_controller.go:65.24,69.3 1 0
fp_kata/internal/controllers/users_controller.go:70.2,74.16 4 0
fp_kata/internal/controllers/users_controller.go:74.16,78.3 1 0
fp_kata/internal/controllers/users_controller.go:80.2,80.77 1 0
fp_kata/internal/datasources/file/orders_mem_storage.go:15.101,20.13 4 1
fp_kata/internal/datasources/file/orders_mem_storage.go:20.13,22.3 1 1
fp_kata/internal/datasources/file/orders_mem_storage.go:23.2,23.20 1 1
fp_kata/internal/datasources/file/orders_mem_storage.go:26.112,31.33 4 1
fp_kata/internal/datasources/file/orders_mem_storage.go:31.33,32.29 1 1
fp_kata/internal/datasources/file/orders_mem_storage.go:32.29,34.4 1 1
fp_kata/internal/datasources/file/orders_mem_storage.go:36.2,36.24 1 1
fp_kata/internal/datasources/file/orders_mem_storage.go:39.85,43.45 3 1
fp_kata/internal/datasources/file/orders_mem_storage.go:43.45,45.3 1 1
fp_kata/internal/datasources/file/orders_mem_storage.go:46.2,47.12 2 1
fp_kata/internal/datasources/file/orders_mem_storage.go:50.113,55.13 4 1
fp_kata/internal/datasources/file/orders_mem_storage.go:55.13,57.3 1 1
fp_kata/internal/datasources/file/orders_mem_storage.go:58.2,59.20 2 1
fp_kata/internal/datasources/file/orders_mem_storage.go:62.113,66.45 3 1
fp_kata/internal/datasources/file/orders_mem_storage.go:66.45,68.3 1 1
fp_kata/internal/datasources/file/orders_mem_storage.go:69.2,70.20 2 1
fp_kata/internal/datasources/file/orders_mem_storage.go:73.54,77.2 1 1
fp_kata/internal/datasources/file/users_mem_storage.go:15.52,20.2 1 1
fp_kata/internal/datasources/file/users_mem_storage.go:22.102,27.19 4 1
fp_kata/internal/datasources/file/users_mem_storage.go:27.19,29.3 1 1
fp_kata/internal/datasources/file/users_mem_storage.go:31.2,33.19 3 1
fp_kata/internal/datasources/file/users_mem_storage.go:36.88,40.13 4 1
fp_kata/internal/datasources/file/users_mem_storage.go:40.13,42.3 1 1
fp_kata/internal/datasources/file/users_mem_storage.go:43.2,43.19 1 1
fp_kata/internal/datasources/file/users_mem_storage.go:46.93,51.12 4 1
fp_kata/internal/datasources/file/users_mem_storage.go:51.12,53.3 1 1
fp_kata/internal/datasources/file/users_mem_storage.go:54.2,54.15 1 1
fp_kata/internal/datasources/file/users_mem_storage.go:57.73,61.39 3 1
fp_kata/internal/datasources/file/users_mem_storage.go:61.39,63.3 1 1
fp_kata/internal/datasources/file/users_mem_storage.go:65.2,67.16 3 1
fp_kata/internal/datasources/yugabyte/payments_mem_storage.go:16.58,18.2 1 0
fp_kata/internal/datasources/yugabyte/payments_mem_storage.go:20.108,27.2 6 0
fp_kata/internal/datasources/yugabyte/payments_mem_storage.go:29.94,32.41 3 0
fp_kata/internal/datasources/yugabyte/payments_mem_storage.go:32.41,34.3 1 0
fp_kata/internal/datasources/yugabyte/payments_mem_storage.go:35.2,35.75 1 0
fp_kata/internal/datasources/yugabyte/payments_mem_storage.go:38.108,41.43 3 0
fp_kata/internal/datasources/yugabyte/payments_mem_storage.go:41.43,44.3 2 0
fp_kata/internal/datasources/yugabyte/payments_mem_storage.go:45.2,45.77 1 0
fp_kata/internal/datasources/yugabyte/payments_mem_storage.go:48.76,51.41 3 0
fp_kata/internal/datasources/yugabyte/payments_mem_storage.go:51.41,54.3 2 0
fp_kata/internal/datasources/yugabyte/payments_mem_storage.go:55.2,55.55 1 0
fp_kata/internal/datasources/yugabyte/payments_mem_storage.go:58.109,63.37 4 0
fp_kata/internal/datasources/yugabyte/payments_mem_storage.go:63.37,64.33 1 0
fp_kata/internal/datasources/yugabyte/payments_mem_storage.go:64.33,66.4 1 0
fp_kata/internal/datasources/yugabyte/payments_mem_storage.go:70.2,70.43 1 0
fp_kata/internal/datasources/yugabyte/payments_mem_storage.go:70.43,72.3 1 0
fp_kata/internal/datasources/yugabyte/payments_mem_storage.go:73.2,73.24 1 0
fp_kata/internal/datasources/yugabyte/payments_mem_storage.go:73.24,75.3 1 0
fp_kata/internal/datasources/yugabyte/payments_mem_storage.go:76.2,76.22 1 0
fp_kata/internal/models/order.go:20.45,22.19 1 0
fp_kata/internal/models/order.go:22.19,24.3 1 0
fp_kata/internal/models/order.go:26.2,27.37 2 0
fp_kata/internal/models/order.go:27.37,29.3 1 0
fp_kata/internal/models/order.go:31.2,40.3 1 0
fp_kata/internal/models/order.go:44.77,56.2 1 0
fp_kata/internal/models/payment.go:16.48,17.37 1 0
fp_kata/internal/models/payment.go:17.37,19.3 1 0
fp_kata/internal/models/payment.go:20.2,26.3 1 0
fp_kata/internal/models/payment.go:28.82,29.33 1 0
fp_kata/internal/models/payment.go:29.33,31.3 1 0
fp_kata/internal/models/payment.go:32.2,38.3 1 0
fp_kata/internal/models/user.go:13.42,20.2 1 0
fp_kata/internal/models/user.go:21.44,29.2 1 0
fp_kata/internal/services/authentications_service.go:28.35,32.2 1 0
fp_kata/internal/services/authentications_service.go:35.96,39.18 3 0
fp_kata/internal/services/authentications_service.go:39.18,41.3 1 0
fp_kata/internal/services/authentications_service.go:43.2,51.23 6 0
fp_kata/internal/services/authentications_service.go:55.92,58.21 3 0
fp_kata/internal/services/authentications_service.go:58.21,60.3 1 0
fp_kata/internal/services/authentications_service.go:61.2,68.13 6 0
fp_kata/internal/services/authentications_service.go:68.13,70.3 1 0
fp_kata/internal/services/authentications_service.go:72.2,72.20 1 0
fp_kata/internal/services/authentications_service.go:76.39,79.2 1 0
fp_kata/internal/services/orders_service.go:25.107,27.2 1 0
fp_kata/internal/services/orders_service.go:31.118,36.65 3 0
fp_kata/internal/services/orders_service.go:36.65,38.3 1 0
fp_kata/internal/services/orders_service.go:40.2,42.16 2 0
fp_kata/internal/services/orders_service.go:42.16,44.3 1 0
fp_kata/internal/services/orders_service.go:48.2,49.16 2 0
fp_kata/internal/services/orders_service.go:49.16,51.3 1 0
fp_kata/internal/services/orders_service.go:54.2,55.16 2 0
fp_kata/internal/services/orders_service.go:55.16,57.3 1 0
fp_kata/internal/services/orders_service.go:57.8,59.3 1 0
fp_kata/internal/services/orders_service.go:60.2,60.16 1 0
fp_kata/internal/services/orders_service.go:60.16,62.3 1 0
fp_kata/internal/services/orders_service.go:65.2,66.22 2 0
fp_kata/internal/services/orders_service.go:70.116,73.41 2 0
fp_kata/internal/services/orders_service.go:73.41,76.17 3 0
fp_kata/internal/services/orders_service.go:76.17,78.4 1 0
fp_kata/internal/services/orders_service.go:79.3,80.36 2 0
fp_kata/internal/services/orders_service.go:83.2,83.28 1 0
fp_kata/internal/services/orders_service.go:86.104,90.17 3 0
fp_kata/internal/services/orders_service.go:90.17,92.3 1 0
fp_kata/internal/services/orders_service.go:94.2,95.16 2 0
fp_kata/internal/services/orders_service.go:95.16,97.3 1 0
fp_kata/internal/services/orders_service.go:98.2,98.30 1 0
fp_kata/internal/services/orders_service.go:98.30,100.3 1 0
fp_kata/internal/services/orders_service.go:102.2,103.16 2 0
fp_kata/internal/services/orders_service.go:103.16,105.3 1 0
fp_kata/internal/services/orders_service.go:107.2,108.19 2 0
fp_kata/internal/services/orders_service.go:111.99,116.17 3 0
fp_kata/internal/services/orders_service.go:116.17,118.3 1 0
fp_kata/internal/services/orders_service.go:119.2,120.16 2 0
fp_kata/internal/services/orders_service.go:120.16,122.3 1 0
fp_kata/internal/services/orders_service.go:124.2,125.35 2 0
fp_kata/internal/services/orders_service.go:125.35,127.17 2 0
fp_kata/internal/services/orders_service.go:127.17,129.4 1 0
fp_kata/internal/services/orders_service.go:130.3,131.33 2 0
fp_kata/internal/services/orders_service.go:134.2,134.20 1 0
fp_kata/internal/services/orders_service.go:137.148,140.17 3 0
fp_kata/internal/services/orders_service.go:140.17,142.3 1 0
fp_kata/internal/services/orders_service.go:143.2,144.16 2 0
fp_kata/internal/services/orders_service.go:144.16,146.3 1 0
fp_kata/internal/services/orders_service.go:148.2,149.38 2 0
fp_kata/internal/services/orders_service.go:149.38,151.20 2 0
fp_kata/internal/services/orders_service.go:151.20,153.18 2 0
fp_kata/internal/services/orders_service.go:153.18,155.5 1 0
fp_kata/internal/services/orders_service.go:156.4,156.50 1 0
fp_kata/internal/services/orders_service.go:160.2,160.28 1 0
fp_kata/internal/services/payments_service.go:21.81,23.2 1 0
fp_kata/internal/services/payments_service.go:25.116,30.21 5 0
fp_kata/internal/services/payments_service.go:30.21,32.3 1 0
fp_kata/internal/services/payments_service.go:32.8,34.3 1 0
fp_kata/internal/services/payments_service.go:35.2,35.16 1 0
fp_kata/internal/services/payments_service.go:35.16,37.3 1 0
fp_kata/internal/services/payments_service.go:38.2,39.28 2 0
fp_kata/internal/services/payments_service.go:42.102,46.16 4 0
fp_kata/internal/services/payments_service.go:46.16,48.3 1 0
fp_kata/internal/services/payments_service.go:49.2,50.21 2 0
fp_kata/internal/services/payments_service.go:53.113,58.16 4 0
fp_kata/internal/services/payments_service.go:58.16,60.3 1 0
fp_kata/internal/services/payments_service.go:61.2,62.39 2 0
fp_kata/internal/services/payments_service.go:62.39,64.3 1 0
fp_kata/internal/services/payments_service.go:65.2,65.22 1 0
fp_kata/internal/services/users_service.go:21.97,26.2 1 0
fp_kata/internal/services/users_service.go:28.88,32.13 4 0
fp_kata/internal/services/users_service.go:32.13,34.3 1 0
fp_kata/internal/services/users_service.go:35.2,36.18 2 0
fp_kata/internal/services/users_service.go:39.93,44.14 5 0
fp_kata/internal/services/users_service.go:44.14,46.3 1 0
fp_kata/internal/services/users_service.go:47.2,49.16 3 0
fp_kata/internal/services/users_service.go:49.16,51.3 1 0
fp_kata/internal/services/users_service.go:53.2,53.25 1 0
fp_kata/pkg/log/logger.go:14.19,16.2 1 1
fp_kata/pkg/log/logger.go:18.52,20.2 1 0
fp_kata/pkg/log/logger.go:22.60,24.2 1 0
fp_kata/pkg/log/logger.go:26.53,28.2 1 1
fp_kata/pkg/log/logger.go:30.67,32.2 1 1
fp_kata/pkg/transports/order.go:28.81,31.51 2 0
fp_kata/pkg/transports/order.go:31.51,34.3 2 0
fp_kata/pkg/transports/order.go:36.2,44.3 1 0
fp_kata/pkg/transports/order.go:48.60,52.23 2 0
fp_kata/pkg/transports/order.go:52.23,54.3 1 0
fp_kata/pkg/transports/order.go:56.2,65.3 1 0
fp_kata/pkg/transports/order.go:69.69,71.35 2 0
fp_kata/pkg/transports/order.go:71.35,73.3 1 0
fp_kata/pkg/transports/order.go:74.2,74.25 1 0
fp_kata/pkg/transports/payment.go:14.68,20.2 1 0
fp_kata/pkg/transports/payment.go:27.69,33.2 1 0
fp_kata/pkg/transports/user.go:26.52,28.41 1 0
fp_kata/pkg/transports/user.go:28.41,30.3 1 0
fp_kata/pkg/transports/user.go:32.2,36.3 1 0
fp_kata/pkg/transports/user.go:39.68,40.51 1 0
fp_kata/pkg/transports/user.go:40.51,42.21 2 0
fp_kata/pkg/transports/user.go:42.21,44.4 1 0
fp_kata/pkg/transports/user.go:44.9,47.4 2 0
fp_kata/pkg/transports/user.go:48.8,51.3 2 0
fp_kata/pkg/transports/user.go:52.2,52.17 1 0
fp_kata/pkg/transports/user.go:55.56,62.2 1 0
fp_kata/pkg/log/logger.go:14.19,16.2 1 0
fp_kata/pkg/log/logger.go:18.52,20.2 1 0
fp_kata/pkg/log/logger.go:22.60,24.2 1 0
fp_kata/pkg/log/logger.go:26.53,28.2 1 0
fp_kata/pkg/log/logger.go:30.67,32.2 1 0
fp_kata/common/middleware/auth-middleware.go:10.104,11.35 1 0
fp_kata/common/middleware/auth-middleware.go:11.35,16.23 4 0
fp_kata/common/middleware/auth-middleware.go:16.23,20.4 1 0
fp_kata/common/middleware/auth-middleware.go:23.3,27.17 3 0
fp_kata/common/middleware/auth-middleware.go:27.17,32.4 2 0
fp_kata/common/middleware/auth-middleware.go:34.3,35.17 2 0
fp_kata/common/middleware/auth-middleware.go:35.17,40.4 2 0
fp_kata/common/middleware/auth-middleware.go:41.3,49.20 5 0
fp_kata/common/middleware/logging-middleware.go:12.62,13.33 1 0
fp_kata/common/middleware/logging-middleware.go:13.33,32.3 7 0
fp_kata/common/utils/utils.go:5.26,7.2 1 0
fp_kata/internal/app/app.go:11.27,26.2 8 0
fp_kata/internal/app/wire_gen.go:22.41,35.2 12 0
fp_kata/internal/app/wire_gen.go:53.15,59.2 1 0
fp_kata/internal/controllers/orders_controller.go:20.80,24.2 1 0
fp_kata/internal/controllers/orders_controller.go:26.94,30.2 3 0
fp_kata/internal/controllers/orders_controller.go:32.61,42.54 6 1
fp_kata/internal/controllers/orders_controller.go:42.54,46.3 1 0
fp_kata/internal/controllers/orders_controller.go:49.2,50.54 2 1
fp_kata/internal/controllers/orders_controller.go:50.54,55.3 1 1
fp_kata/internal/controllers/orders_controller.go:57.2,62.16 4 1
fp_kata/internal/controllers/orders_controller.go:62.16,66.3 1 1
fp_kata/internal/controllers/orders_controller.go:68.2,69.60 2 1
fp_kata/internal/controllers/orders_controller.go:73.59,84.17 7 1
fp_kata/internal/controllers/orders_controller.go:84.17,86.17 2 1
fp_kata/internal/controllers/orders_controller.go:86.17,88.4 1 1
fp_kata/internal/controllers/orders_controller.go:90.3,90.44 1 1
fp_kata/internal/controllers/orders_controller.go:90.44,92.4 1 1
fp_kata/internal/controllers/orders_controller.go:94.3,95.17 2 1
fp_kata/internal/controllers/orders_controller.go:95.17,97.4 1 0
fp_kata/internal/controllers/orders_controller.go:98.8,101.17 3 1
fp_kata/internal/controllers/orders_controller.go:101.17,103.4 1 1
fp_kata/internal/controllers/orders_controller.go:106.2,107.31 2 1
fp_kata/internal/controllers/orders_controller.go:107.31,109.3 1 1
fp_kata/internal/controllers/orders_controller.go:110.2,110.56 1 1
fp_kata/internal/controllers/orders_controller.go:115.58,124.16 6 1
fp_kata/internal/controllers/orders_controller.go:124.16,126.3 1 1
fp_kata/internal/controllers/orders_controller.go:128.2,134.16 5 1
fp_kata/internal/controllers/orders_controller.go:134.16,136.3 1 1
fp_kata/internal/controllers/orders_controller.go:138.2,140.55 2 1
fp_kata/internal/controllers/users_controller.go:17.76,19.2 1 0
fp_kata/internal/controllers/users_controller.go:22.92,25.2 2 0
fp_kata/internal/controllers/users_controller.go:28.55,36.53 5 1
fp_kata/internal/controllers/users_controller.go:36.53,40.3 1 0
fp_kata/internal/controllers/users_controller.go:42.2,43.17 2 1
fp_kata/internal/controllers/users_controller.go:43.17,47.3 1 1
fp_kata/internal/controllers/users_controller.go:48.2,51.16 3 1
fp_kata/internal/controllers/users_controller.go:51.16,55.3 1 1
fp_kata/internal/controllers/users_controller.go:56.2,56.85 1 1
fp_kata/internal/controllers/users_controller.go:60.56,65.24 4 1
fp_kata/internal/controllers/users_controller.go:65.24,69.3 1 1
fp_kata/internal/controllers/users_controller.go:70.2,74.16 4 1
fp_kata/internal/controllers/users_controller.go:74.16,78.3 1 1
fp_kata/internal/controllers/users_controller.go:80.2,80.77 1 1
fp_kata/internal/datasources/file/orders_mem_storage.go:15.101,20.13 4 0
fp_kata/internal/datasources/file/orders_mem_storage.go:20.13,22.3 1 0
fp_kata/internal/datasources/file/orders_mem_storage.go:23.2,23.20 1 0
fp_kata/internal/datasources/file/orders_mem_storage.go:26.112,31.33 4 0
fp_kata/internal/datasources/file/orders_mem_storage.go:31.33,32.29 1 0
fp_kata/internal/datasources/file/orders_mem_storage.go:32.29,34.4 1 0
fp_kata/internal/datasources/file/orders_mem_storage.go:36.2,36.24 1 0
fp_kata/internal/datasources/file/orders_mem_storage.go:39.85,43.45 3 0
fp_kata/internal/datasources/file/orders_mem_storage.go:43.45,45.3 1 0
fp_kata/internal/datasources/file/orders_mem_storage.go:46.2,47.12 2 0
fp_kata/internal/datasources/file/orders_mem_storage.go:50.113,55.13 4 0
fp_kata/internal/datasources/file/orders_mem_storage.go:55.13,57.3 1 0
fp_kata/internal/datasources/file/orders_mem_storage.go:58.2,59.20 2 0
fp_kata/internal/datasources/file/orders_mem_storage.go:62.113,66.45 3 0
fp_kata/internal/datasources/file/orders_mem_storage.go:66.45,68.3 1 0
fp_kata/internal/datasources/file/orders_mem_storage.go:69.2,70.20 2 0
fp_kata/internal/datasources/file/orders_mem_storage.go:73.54,77.2 1 0
fp_kata/internal/datasources/file/users_mem_storage.go:15.52,20.2 1 0
fp_kata/internal/datasources/file/users_mem_storage.go:22.102,27.19 4 0
fp_kata/internal/datasources/file/users_mem_storage.go:27.19,29.3 1 0
fp_kata/internal/datasources/file/users_mem_storage.go:31.2,33.19 3 0
fp_kata/internal/datasources/file/users_mem_storage.go:36.88,40.13 4 0
fp_kata/internal/datasources/file/users_mem_storage.go:40.13,42.3 1 0
fp_kata/internal/datasources/file/users_mem_storage.go:43.2,43.19 1 0
fp_kata/internal/datasources/file/users_mem_storage.go:46.93,51.12 4 0
fp_kata/internal/datasources/file/users_mem_storage.go:51.12,53.3 1 0
fp_kata/internal/datasources/file/users_mem_storage.go:54.2,54.15 1 0
fp_kata/internal/datasources/file/users_mem_storage.go:57.73,61.39 3 0
fp_kata/internal/datasources/file/users_mem_storage.go:61.39,63.3 1 0
fp_kata/internal/datasources/file/users_mem_storage.go:65.2,67.16 3 0
fp_kata/internal/datasources/yugabyte/payments_mem_storage.go:16.58,18.2 1 0
fp_kata/internal/datasources/yugabyte/payments_mem_storage.go:20.108,27.2 6 0
fp_kata/internal/datasources/yugabyte/payments_mem_storage.go:29.94,32.41 3 0
fp_kata/internal/datasources/yugabyte/payments_mem_storage.go:32.41,34.3 1 0
fp_kata/internal/datasources/yugabyte/payments_mem_storage.go:35.2,35.75 1 0
fp_kata/internal/datasources/yugabyte/payments_mem_storage.go:38.108,41.43 3 0
fp_kata/internal/datasources/yugabyte/payments_mem_storage.go:41.43,44.3 2 0
fp_kata/internal/datasources/yugabyte/payments_mem_storage.go:45.2,45.77 1 0
fp_kata/internal/datasources/yugabyte/payments_mem_storage.go:48.76,51.41 3 0
fp_kata/internal/datasources/yugabyte/payments_mem_storage.go:51.41,54.3 2 0
fp_kata/internal/datasources/yugabyte/payments_mem_storage.go:55.2,55.55 1 0
fp_kata/internal/datasources/yugabyte/payments_mem_storage.go:58.109,63.37 4 0
fp_kata/internal/datasources/yugabyte/payments_mem_storage.go:63.37,64.33 1 0
fp_kata/internal/datasources/yugabyte/payments_mem_storage.go:64.33,66.4 1 0
fp_kata/internal/datasources/yugabyte/payments_mem_storage.go:70.2,70.43 1 0
fp_kata/internal/datasources/yugabyte/payments_mem_storage.go:70.43,72.3 1 0
fp_kata/internal/datasources/yugabyte/payments_mem_storage.go:73.2,73.24 1 0
fp_kata/internal/datasources/yugabyte/payments_mem_storage.go:73.24,75.3 1 0
fp_kata/internal/datasources/yugabyte/payments_mem_storage.go:76.2,76.22 1 0
fp_kata/internal/models/order.go:20.45,22.19 1 0
fp_kata/internal/models/order.go:22.19,24.3 1 0
fp_kata/internal/models/order.go:26.2,27.37 2 0
fp_kata/internal/models/order.go:27.37,29.3 1 0
fp_kata/internal/models/order.go:31.2,40.3 1 0
fp_kata/internal/models/order.go:44.77,56.2 1 0
fp_kata/internal/models/payment.go:16.48,17.37 1 0
fp_kata/internal/models/payment.go:17.37,19.3 1 0
fp_kata/internal/models/payment.go:20.2,26.3 1 0
fp_kata/internal/models/payment.go:28.82,29.33 1 0
fp_kata/internal/models/payment.go:29.33,31.3 1 0
fp_kata/internal/models/payment.go:32.2,38.3 1 0
fp_kata/internal/models/user.go:13.42,20.2 1 0
fp_kata/internal/models/user.go:21.44,29.2 1 0
fp_kata/internal/services/authentications_service.go:28.35,32.2 1 0
fp_kata/internal/services/authentications_service.go:35.96,39.18 3 0
fp_kata/internal/services/authentications_service.go:39.18,41.3 1 0
fp_kata/internal/services/authentications_service.go:43.2,51.23 6 0
fp_kata/internal/services/authentications_service.go:55.92,58.21 3 0
fp_kata/internal/services/authentications_service.go:58.21,60.3 1 0
fp_kata/internal/services/authentications_service.go:61.2,68.13 6 0
fp_kata/internal/services/authentications_service.go:68.13,70.3 1 0
fp_kata/internal/services/authentications_service.go:72.2,72.20 1 0
fp_kata/internal/services/authentications_service.go:76.39,79.2 1 0
fp_kata/internal/services/orders_service.go:25.107,27.2 1 0
fp_kata/internal/services/orders_service.go:31.118,36.65 3 0
fp_kata/internal/services/orders_service.go:36.65,38.3 1 0
fp_kata/internal/services/orders_service.go:40.2,42.16 2 0
fp_kata/internal/services/orders_service.go:42.16,44.3 1 0
fp_kata/internal/services/orders_service.go:48.2,49.16 2 0
fp_kata/internal/services/orders_service.go:49.16,51.3 1 0
fp_kata/internal/services/orders_service.go:54.2,55.16 2 0
fp_kata/internal/services/orders_service.go:55.16,57.3 1 0
fp_kata/internal/services/orders_service.go:57.8,59.3 1 0
fp_kata/internal/services/orders_service.go:60.2,60.16 1 0
fp_kata/internal/services/orders_service.go:60.16,62.3 1 0
fp_kata/internal/services/orders_service.go:65.2,66.22 2 0
fp_kata/internal/services/orders_service.go:70.116,73.41 2 0
fp_kata/internal/services/orders_service.go:73.41,76.17 3 0
fp_kata/internal/services/orders_service.go:76.17,78.4 1 0
fp_kata/internal/services/orders_service.go:79.3,80.36 2 0
fp_kata/internal/services/orders_service.go:83.2,83.28 1 0
fp_kata/internal/services/orders_service.go:86.104,90.17 3 0
fp_kata/internal/services/orders_service.go:90.17,92.3 1 0
fp_kata/internal/services/orders_service.go:94.2,95.16 2 0
fp_kata/internal/services/orders_service.go:95.16,97.3 1 0
fp_kata/internal/services/orders_service.go:98.2,98.30 1 0
fp_kata/internal/services/orders_service.go:98.30,100.3 1 0
fp_kata/internal/services/orders_service.go:102.2,103.16 2 0
fp_kata/internal/services/orders_service.go:103.16,105.3 1 0
fp_kata/internal/services/orders_service.go:107.2,108.19 2 0
fp_kata/internal/services/orders_service.go:111.99,116.17 3 0
fp_kata/internal/services/orders_service.go:116.17,118.3 1 0
fp_kata/internal/services/orders_service.go:119.2,120.16 2 0
fp_kata/internal/services/orders_service.go:120.16,122.3 1 0
fp_kata/internal/services/orders_service.go:124.2,125.35 2 0
fp_kata/internal/services/orders_service.go:125.35,127.17 2 0
fp_kata/internal/services/orders_service.go:127.17,129.4 1 0
fp_kata/internal/services/orders_service.go:130.3,131.33 2 0
fp_kata/internal/services/orders_service.go:134.2,134.20 1 0
fp_kata/internal/services/orders_service.go:137.148,140.17 3 0
fp_kata/internal/services/orders_service.go:140.17,142.3 1 0
fp_kata/internal/services/orders_service.go:143.2,144.16 2 0
fp_kata/internal/services/orders_service.go:144.16,146.3 1 0
fp_kata/internal/services/orders_service.go:148.2,149.38 2 0
fp_kata/internal/services/orders_service.go:149.38,151.20 2 0
fp_kata/internal/services/orders_service.go:151.20,153.18 2 0
fp_kata/internal/services/orders_service.go:153.18,155.5 1 0
fp_kata/internal/services/orders_service.go:156.4,156.50 1 0
fp_kata/internal/services/orders_service.go:160.2,160.28 1 0
fp_kata/internal/services/payments_service.go:21.81,23.2 1 0
fp_kata/internal/services/payments_service.go:25.116,30.21 5 0
fp_kata/internal/services/payments_service.go:30.21,32.3 1 0
fp_kata/internal/services/payments_service.go:32.8,34.3 1 0
fp_kata/internal/services/payments_service.go:35.2,35.16 1 0
fp_kata/internal/services/payments_service.go:35.16,37.3 1 0
fp_kata/internal/services/payments_service.go:38.2,39.28 2 0
fp_kata/internal/services/payments_service.go:42.102,46.16 4 0
fp_kata/internal/services/payments_service.go:46.16,48.3 1 0
fp_kata/internal/services/payments_service.go:49.2,50.21 2 0
fp_kata/internal/services/payments_service.go:53.113,58.16 4 0
fp_kata/internal/services/payments_service.go:58.16,60.3 1 0
fp_kata/internal/services/payments_service.go:61.2,62.39 2 0
fp_kata/internal/services/payments_service.go:62.39,64.3 1 0
fp_kata/internal/services/payments_service.go:65.2,65.22 1 0
fp_kata/internal/services/users_service.go:21.97,26.2 1 0
fp_kata/internal/services/users_service.go:28.88,32.13 4 0
fp_kata/internal/services/users_service.go:32.13,34.3 1 0
fp_kata/internal/services/users_service.go:35.2,36.18 2 0
fp_kata/internal/services/users_service.go:39.93,44.14 5 0
fp_kata/internal/services/users_service.go:44.14,46.3 1 0
fp_kata/internal/services/users_service.go:47.2,49.16 3 0
fp_kata/internal/services/users_service.go:49.16,51.3 1 0
fp_kata/internal/services/users_service.go:53.2,53.25 1 0
fp_kata/pkg/log/logger.go:14.19,16.2 1 0
fp_kata/pkg/log/logger.go:18.52,20.2 1 1
fp_kata/pkg/log/logger.go:22.60,24.2 1 1
fp_kata/pkg/log/logger.go:26.53,28.2 1 0
fp_kata/pkg/log/logger.go:30.67,32.2 1 1
fp_kata/pkg/transports/order.go:28.81,31.51 2 1
fp_kata/pkg/transports/order.go:31.51,34.3 2 1
fp_kata/pkg/transports/order.go:36.2,44.3 1 1
fp_kata/pkg/transports/order.go:48.60,52.23 2 1
fp_kata/pkg/transports/order.go:52.23,54.3 1 1
fp_kata/pkg/transports/order.go:56.2,65.3 1 1
fp_kata/pkg/transports/order.go:69.69,71.35 2 1
fp_kata/pkg/transports/order.go:71.35,73.3 1 1
fp_kata/pkg/transports/order.go:74.2,74.25 1 1
fp_kata/pkg/transports/payment.go:14.68,20.2 1 1
fp_kata/pkg/transports/payment.go:27.69,33.2 1 1
fp_kata/pkg/transports/user.go:26.52,28.41 1 1
fp_kata/pkg/transports/user.go:28.41,30.3 1 1
fp_kata/pkg/transports/user.go:32.2,36.3 1 1
fp_kata/pkg/transports/user.go:39.68,40.51 1 1
fp_kata/pkg/transports/user.go:40.51,42.21 2 1
fp_kata/pkg/transports/user.go:42.21,44.4 1 1
fp_kata/pkg/transports/user.go:44.9,47.4 2 0
fp_kata/pkg/transports/user.go:48.8,51.3 2 0
fp_kata/pkg/transports/user.go:52.2,52.17 1 1
fp_kata/pkg/transports/user.go:55.56,62.2 1 1
fp_kata/common/middleware/auth-middleware.go:10.104,11.35 1 0
fp_kata/common/middleware/auth-middleware.go:11.35,16.23 4 0
fp_kata/common/middleware/auth-middleware.go:16.23,20.4 1 0
fp_kata/common/middleware/auth-middleware.go:23.3,27.17 3 0
fp_kata/common/middleware/auth-middleware.go:27.17,32.4 2 0
fp_kata/common/middleware/auth-middleware.go:34.3,35.17 2 0
fp_kata/common/middleware/auth-middleware.go:35.17,40.4 2 0
fp_kata/common/middleware/auth-middleware.go:41.3,49.20 5 0
fp_kata/common/middleware/logging-middleware.go:12.62,13.33 1 0
fp_kata/common/middleware/logging-middleware.go:13.33,32.3 7 0
fp_kata/common/utils/utils.go:5.26,7.2 1 0
fp_kata/internal/app/app.go:11.27,26.2 8 0
fp_kata/internal/app/wire_gen.go:22.41,35.2 12 0
fp_kata/internal/app/wire_gen.go:53.15,59.2 1 0
fp_kata/internal/controllers/orders_controller.go:20.80,24.2 1 0
fp_kata/internal/controllers/orders_controller.go:26.94,30.2 3 0
fp_kata/internal/controllers/orders_controller.go:32.61,42.54 6 0
fp_kata/internal/controllers/orders_controller.go:42.54,46.3 1 0
fp_kata/internal/controllers/orders_controller.go:49.2,50.54 2 0
fp_kata/internal/controllers/orders_controller.go:50.54,55.3 1 0
fp_kata/internal/controllers/orders_controller.go:57.2,62.16 4 0
fp_kata/internal/controllers/orders_controller.go:62.16,66.3 1 0
fp_kata/internal/controllers/orders_controller.go:68.2,69.60 2 0
fp_kata/internal/controllers/orders_controller.go:73.59,84.17 7 0
fp_kata/internal/controllers/orders_controller.go:84.17,86.17 2 0
fp_kata/internal/controllers/orders_controller.go:86.17,88.4 1 0
fp_kata/internal/controllers/orders_controller.go:90.3,90.44 1 0
fp_kata/internal/controllers/orders_controller.go:90.44,92.4 1 0
fp_kata/internal/controllers/orders_controller.go:94.3,95.17 2 0
fp_kata/internal/controllers/orders_controller.go:95.17,97.4 1 0
fp_kata/internal/controllers/orders_controller.go:98.8,101.17 3 0
fp_kata/internal/controllers/orders_controller.go:101.17,103.4 1 0
fp_kata/internal/controllers/orders_controller.go:106.2,107.31 2 0
fp_kata/internal/controllers/orders_controller.go:107.31,109.3 1 0
fp_kata/internal/controllers/orders_controller.go:110.2,110.56 1 0
fp_kata/internal/controllers/orders_controller.go:115.58,124.16 6 0
fp_kata/internal/controllers/orders_controller.go:124.16,126.3 1 0
fp_kata/internal/controllers/orders_controller.go:128.2,134.16 5 0
fp_kata/internal/controllers/orders_controller.go:134.16,136.3 1 0
fp_kata/internal/controllers/orders_controller.go:138.2,140.55 2 0
fp_kata/internal/controllers/users_controller.go:17.76,19.2 1 0
fp_kata/internal/controllers/users_controller.go:22.92,25.2 2 0
fp_kata/internal/controllers/users_controller.go:28.55,36.53 5 0
fp_kata/internal/controllers/users_controller.go:36.53,40.3 1 0
fp_kata/internal/controllers/users_controller.go:42.2,43.17 2 0
fp_kata/internal/controllers/users_controller.go:43.17,47.3 1 0
fp_kata/internal/controllers/users_controller.go:48.2,51.16 3 0
fp_kata/internal/controllers/users_controller.go:51.16,55.3 1 0
fp_kata/internal/controllers/users_controller.go:56.2,56.85 1 0
fp_kata/internal/controllers/users_controller.go:60.56,65.24 4 0
fp_kata/internal/controllers/users_controller.go:65.24,69.3 1 0
fp_kata/internal/controllers/users_controller.go:70.2,74.16 4 0
fp_kata/internal/controllers/users_controller.go:74.16,78.3 1 0
fp_kata/internal/controllers/users_controller.go:80.2,80.77 1 0
fp_kata/internal/datasources/file/orders_mem_storage.go:15.101,20.13 4 0
fp_kata/internal/datasources/file/orders_mem_storage.go:20.13,22.3 1 0
fp_kata/internal/datasources/file/orders_mem_storage.go:23.2,23.20 1 0
fp_kata/internal/datasources/file/orders_mem_storage.go:26.112,31.33 4 0
fp_kata/internal/datasources/file/orders_mem_storage.go:31.33,32.29 1 0
fp_kata/internal/datasources/file/orders_mem_storage.go:32.29,34.4 1 0
fp_kata/internal/datasources/file/orders_mem_storage.go:36.2,36.24 1 0
fp_kata/internal/datasources/file/orders_mem_storage.go:39.85,43.45 3 0
fp_kata/internal/datasources/file/orders_mem_storage.go:43.45,45.3 1 0
fp_kata/internal/datasources/file/orders_mem_storage.go:46.2,47.12 2 0
fp_kata/internal/datasources/file/orders_mem_storage.go:50.113,55.13 4 0
fp_kata/internal/datasources/file/orders_mem_storage.go:55.13,57.3 1 0
fp_kata/internal/datasources/file/orders_mem_storage.go:58.2,59.20 2 0
fp_kata/internal/datasources/file/orders_mem_storage.go:62.113,66.45 3 0
fp_kata/internal/datasources/file/orders_mem_storage.go:66.45,68.3 1 0
fp_kata/internal/datasources/file/orders_mem_storage.go:69.2,70.20 2 0
fp_kata/internal/datasources/file/orders_mem_storage.go:73.54,77.2 1 0
fp_kata/internal/datasources/file/users_mem_storage.go:15.52,20.2 1 0
fp_kata/internal/datasources/file/users_mem_storage.go:22.102,27.19 4 0
fp_kata/internal/datasources/file/users_mem_storage.go:27.19,29.3 1 0
fp_kata/internal/datasources/file/users_mem_storage.go:31.2,33.19 3 0
fp_kata/internal/datasources/file/users_mem_storage.go:36.88,40.13 4 0
fp_kata/internal/datasources/file/users_mem_storage.go:40.13,42.3 1 0
fp_kata/internal/datasources/file/users_mem_storage.go:43.2,43.19 1 0
fp_kata/internal/datasources/file/users_mem_storage.go:46.93,51.12 4 0
fp_kata/internal/datasources/file/users_mem_storage.go:51.12,53.3 1 0
fp_kata/internal/datasources/file/users_mem_storage.go:54.2,54.15 1 0
fp_kata/internal/datasources/file/users_mem_storage.go:57.73,61.39 3 0
fp_kata/internal/datasources/file/users_mem_storage.go:61.39,63.3 1 0
fp_kata/internal/datasources/file/users_mem_storage.go:65.2,67.16 3 0
fp_kata/internal/datasources/yugabyte/payments_mem_storage.go:16.58,18.2 1 0
fp_kata/internal/datasources/yugabyte/payments_mem_storage.go:20.108,27.2 6 0
fp_kata/internal/datasources/yugabyte/payments_mem_storage.go:29.94,32.41 3 0
fp_kata/internal/datasources/yugabyte/payments_mem_storage.go:32.41,34.3 1 0
fp_kata/internal/datasources/yugabyte/payments_mem_storage.go:35.2,35.75 1 0
fp_kata/internal/datasources/yugabyte/payments_mem_storage.go:38.108,41.43 3 0
fp_kata/internal/datasources/yugabyte/payments_mem_storage.go:41.43,44.3 2 0
fp_kata/internal/datasources/yugabyte/payments_mem_storage.go:45.2,45.77 1 0
fp_kata/internal/datasources/yugabyte/payments_mem_storage.go:48.76,51.41 3 0
fp_kata/internal/datasources/yugabyte/payments_mem_storage.go:51.41,54.3 2 0
fp_kata/internal/datasources/yugabyte/payments_mem_storage.go:55.2,55.55 1 0
fp_kata/internal/datasources/yugabyte/payments_mem_storage.go:58.109,63.37 4 0
fp_kata/internal/datasources/yugabyte/payments_mem_storage.go:63.37,64.33 1 0
fp_kata/internal/datasources/yugabyte/payments_mem_storage.go:64.33,66.4 1 0
fp_kata/internal/datasources/yugabyte/payments_mem_storage.go:70.2,70.43 1 0
fp_kata/internal/datasources/yugabyte/payments_mem_storage.go:70.43,72.3 1 0
fp_kata/internal/datasources/yugabyte/payments_mem_storage.go:73.2,73.24 1 0
fp_kata/internal/datasources/yugabyte/payments_mem_storage.go:73.24,75.3 1 0
fp_kata/internal/datasources/yugabyte/payments_mem_storage.go:76.2,76.22 1 0
fp_kata/internal/models/order.go:20.45,22.19 1 1
fp_kata/internal/models/order.go:22.19,24.3 1 1
fp_kata/internal/models/order.go:26.2,27.37 2 1
fp_kata/internal/models/order.go:27.37,29.3 1 1
fp_kata/internal/models/order.go:31.2,40.3 1 1
fp_kata/internal/models/order.go:44.77,56.2 1 1
fp_kata/internal/models/payment.go:16.48,17.37 1 1
fp_kata/internal/models/payment.go:17.37,19.3 1 1
fp_kata/internal/models/payment.go:20.2,26.3 1 1
fp_kata/internal/models/payment.go:28.82,29.33 1 1
fp_kata/internal/models/payment.go:29.33,31.3 1 1
fp_kata/internal/models/payment.go:32.2,38.3 1 1
fp_kata/internal/models/user.go:13.42,20.2 1 1
fp_kata/internal/models/user.go:21.44,29.2 1 1
fp_kata/internal/services/authentications_service.go:28.35,32.2 1 0
fp_kata/internal/services/authentications_service.go:35.96,39.18 3 0
fp_kata/internal/services/authentications_service.go:39.18,41.3 1 0
fp_kata/internal/services/authentications_service.go:43.2,51.23 6 0
fp_kata/internal/services/authentications_service.go:55.92,58.21 3 0
fp_kata/internal/services/authentications_service.go:58.21,60.3 1 0
fp_kata/internal/services/authentications_service.go:61.2,68.13 6 0
fp_kata/internal/services/authentications_service.go:68.13,70.3 1 0
fp_kata/internal/services/authentications_service.go:72.2,72.20 1 0
fp_kata/internal/services/authentications_service.go:76.39,79.2 1 0
fp_kata/internal/services/orders_service.go:25.107,27.2 1 0
fp_kata/internal/services/orders_service.go:31.118,36.65 3 0
fp_kata/internal/services/orders_service.go:36.65,38.3 1 0
fp_kata/internal/services/orders_service.go:40.2,42.16 2 0
fp_kata/internal/services/orders_service.go:42.16,44.3 1 0
fp_kata/internal/services/orders_service.go:48.2,49.16 2 0
fp_kata/internal/services/orders_service.go:49.16,51.3 1 0
fp_kata/internal/services/orders_service.go:54.2,55.16 2 0
fp_kata/internal/services/orders_service.go:55.16,57.3 1 0
fp_kata/internal/services/orders_service.go:57.8,59.3 1 0
fp_kata/internal/services/orders_service.go:60.2,60.16 1 0
fp_kata/internal/services/orders_service.go:60.16,62.3 1 0
fp_kata/internal/services/orders_service.go:65.2,66.22 2 0
fp_kata/internal/services/orders_service.go:70.116,73.41 2 0
fp_kata/internal/services/orders_service.go:73.41,76.17 3 0
fp_kata/internal/services/orders_service.go:76.17,78.4 1 0
fp_kata/internal/services/orders_service.go:79.3,80.36 2 0
fp_kata/internal/services/orders_service.go:83.2,83.28 1 0
fp_kata/internal/services/orders_service.go:86.104,90.17 3 0
fp_kata/internal/services/orders_service.go:90.17,92.3 1 0
fp_kata/internal/services/orders_service.go:94.2,95.16 2 0
fp_kata/internal/services/orders_service.go:95.16,97.3 1 0
fp_kata/internal/services/orders_service.go:98.2,98.30 1 0
fp_kata/internal/services/orders_service.go:98.30,100.3 1 0
fp_kata/internal/services/orders_service.go:102.2,103.16 2 0
fp_kata/internal/services/orders_service.go:103.16,105.3 1 0
fp_kata/internal/services/orders_service.go:107.2,108.19 2 0
fp_kata/internal/services/orders_service.go:111.99,116.17 3 0
fp_kata/internal/services/orders_service.go:116.17,118.3 1 0
fp_kata/internal/services/orders_service.go:119.2,120.16 2 0
fp_kata/internal/services/orders_service.go:120.16,122.3 1 0
fp_kata/internal/services/orders_service.go:124.2,125.35 2 0
fp_kata/internal/services/orders_service.go:125.35,127.17 2 0
fp_kata/internal/services/orders_service.go:127.17,129.4 1 0
fp_kata/internal/services/orders_service.go:130.3,131.33 2 0
fp_kata/internal/services/orders_service.go:134.2,134.20 1 0
fp_kata/internal/services/orders_service.go:137.148,140.17 3 0
fp_kata/internal/services/orders_service.go:140.17,142.3 1 0
fp_kata/internal/services/orders_service.go:143.2,144.16 2 0
fp_kata/internal/services/orders_service.go:144.16,146.3 1 0
fp_kata/internal/services/orders_service.go:148.2,149.38 2 0
fp_kata/internal/services/orders_service.go:149.38,151.20 2 0
fp_kata/internal/services/orders_service.go:151.20,153.18 2 0
fp_kata/internal/services/orders_service.go:153.18,155.5 1 0
fp_kata/internal/services/orders_service.go:156.4,156.50 1 0
fp_kata/internal/services/orders_service.go:160.2,160.28 1 0
fp_kata/internal/services/payments_service.go:21.81,23.2 1 0
fp_kata/internal/services/payments_service.go:25.116,30.21 5 0
fp_kata/internal/services/payments_service.go:30.21,32.3 1 0
fp_kata/internal/services/payments_service.go:32.8,34.3 1 0
fp_kata/internal/services/payments_service.go:35.2,35.16 1 0
fp_kata/internal/services/payments_service.go:35.16,37.3 1 0
fp_kata/internal/services/payments_service.go:38.2,39.28 2 0
fp_kata/internal/services/payments_service.go:42.102,46.16 4 0
fp_kata/internal/services/payments_service.go:46.16,48.3 1 0
fp_kata/internal/services/payments_service.go:49.2,50.21 2 0
fp_kata/internal/services/payments_service.go:53.113,58.16 4 0
fp_kata/internal/services/payments_service.go:58.16,60.3 1 0
fp_kata/internal/services/payments_service.go:61.2,62.39 2 0
fp_kata/internal/services/payments_service.go:62.39,64.3 1 0
fp_kata/internal/services/payments_service.go:65.2,65.22 1 0
fp_kata/internal/services/users_service.go:21.97,26.2 1 0
fp_kata/internal/services/users_service.go:28.88,32.13 4 0
fp_kata/internal/services/users_service.go:32.13,34.3 1 0
fp_kata/internal/services/users_service.go:35.2,36.18 2 0
fp_kata/internal/services/users_service.go:39.93,44.14 5 0
fp_kata/internal/services/users_service.go:44.14,46.3 1 0
fp_kata/internal/services/users_service.go:47.2,49.16 3 0
fp_kata/internal/services/users_service.go:49.16,51.3 1 0
fp_kata/internal/services/users_service.go:53.2,53.25 1 0
fp_kata/pkg/log/logger.go:14.19,16.2 1 0
fp_kata/pkg/log/logger.go:18.52,20.2 1 0
fp_kata/pkg/log/logger.go:22.60,24.2 1 0
fp_kata/pkg/log/logger.go:26.53,28.2 1 0
fp_kata/pkg/log/logger.go:30.67,32.2 1 0
fp_kata/pkg/transports/order.go:28.81,31.51 2 0
fp_kata/pkg/transports/order.go:31.51,34.3 2 0
fp_kata/pkg/transports/order.go:36.2,44.3 1 0
fp_kata/pkg/transports/order.go:48.60,52.23 2 0
fp_kata/pkg/transports/order.go:52.23,54.3 1 0
fp_kata/pkg/transports/order.go:56.2,65.3 1 0
fp_kata/pkg/transports/order.go:69.69,71.35 2 0
fp_kata/pkg/transports/order.go:71.35,73.3 1 0
fp_kata/pkg/transports/order.go:74.2,74.25 1 0
fp_kata/pkg/transports/payment.go:14.68,20.2 1 0
fp_kata/pkg/transports/payment.go:27.69,33.2 1 0
fp_kata/pkg/transports/user.go:26.52,28.41 1 0
fp_kata/pkg/transports/user.go:28.41,30.3 1 0
fp_kata/pkg/transports/user.go:32.2,36.3 1 0
fp_kata/pkg/transports/user.go:39.68,40.51 1 0
fp_kata/pkg/transports/user.go:40.51,42.21 2 0
fp_kata/pkg/transports/user.go:42.21,44.4 1 0
fp_kata/pkg/transports/user.go:44.9,47.4 2 0
fp_kata/pkg/transports/user.go:48.8,51.3 2 0
fp_kata/pkg/transports/user.go:52.2,52.17 1 0
fp_kata/pkg/transports/user.go:55.56,62.2 1 0
fp_kata/common/middleware/auth-middleware.go:10.104,11.35 1 1
fp_kata/common/middleware/auth-middleware.go:11.35,16.23 4 1
fp_kata/common/middleware/auth-middleware.go:16.23,20.4 1 1
fp_kata/common/middleware/auth-middleware.go:23.3,27.17 3 1
fp_kata/common/middleware/auth-middleware.go:27.17,32.4 2 0
fp_kata/common/middleware/auth-middleware.go:34.3,35.17 2 1
fp_kata/common/middleware/auth-middleware.go:35.17,40.4 2 0
fp_kata/common/middleware/auth-middleware.go:41.3,49.20 5 1
fp_kata/common/middleware/logging-middleware.go:12.62,13.33 1 1
fp_kata/common/middleware/logging-middleware.go:13.33,32.3 7 1
fp_kata/common/utils/utils.go:5.26,7.2 1 0
fp_kata/internal/app/app.go:11.27,26.2 8 1
fp_kata/internal/app/wire_gen.go:22.41,35.2 12 1
fp_kata/internal/app/wire_gen.go:53.15,59.2 1 1
fp_kata/internal/controllers/orders_controller.go:20.80,24.2 1 1
fp_kata/internal/controllers/orders_controller.go:26.94,30.2 3 1
fp_kata/internal/controllers/orders_controller.go:32.61,42.54 6 0
fp_kata/internal/controllers/orders_controller.go:42.54,46.3 1 0
fp_kata/internal/controllers/orders_controller.go:49.2,50.54 2 0
fp_kata/internal/controllers/orders_controller.go:50.54,55.3 1 0
fp_kata/internal/controllers/orders_controller.go:57.2,62.16 4 0
fp_kata/internal/controllers/orders_controller.go:62.16,66.3 1 0
fp_kata/internal/controllers/orders_controller.go:68.2,69.60 2 0
fp_kata/internal/controllers/orders_controller.go:73.59,84.17 7 0
fp_kata/internal/controllers/orders_controller.go:84.17,86.17 2 0
fp_kata/internal/controllers/orders_controller.go:86.17,88.4 1 0
fp_kata/internal/controllers/orders_controller.go:90.3,90.44 1 0
fp_kata/internal/controllers/orders_controller.go:90.44,92.4 1 0
fp_kata/internal/controllers/orders_controller.go:94.3,95.17 2 0
fp_kata/internal/controllers/orders_controller.go:95.17,97.4 1 0
fp_kata/internal/controllers/orders_controller.go:98.8,101.17 3 0
fp_kata/internal/controllers/orders_controller.go:101.17,103.4 1 0
fp_kata/internal/controllers/orders_controller.go:106.2,107.31 2 0
fp_kata/internal/controllers/orders_controller.go:107.31,109.3 1 0
fp_kata/internal/controllers/orders_controller.go:110.2,110.56 1 0
fp_kata/internal/controllers/orders_controller.go:115.58,124.16 6 0
fp_kata/internal/controllers/orders_controller.go:124.16,126.3 1 0
fp_kata/internal/controllers/orders_controller.go:128.2,134.16 5 0
fp_kata/internal/controllers/orders_controller.go:134.16,136.3 1 0
fp_kata/internal/controllers/orders_controller.go:138.2,140.55 2 0
fp_kata/internal/controllers/users_controller.go:17.76,19.2 1 1
fp_kata/internal/controllers/users_controller.go:22.92,25.2 2 1
fp_kata/internal/controllers/users_controller.go:28.55,36.53 5 1
fp_kata/internal/controllers/users_controller.go:36.53,40.3 1 0
fp_kata/internal/controllers/users_controller.go:42.2,43.17 2 1
fp_kata/internal/controllers/users_controller.go:43.17,47.3 1 1
fp_kata/internal/controllers/users_controller.go:48.2,51.16 3 1
fp_kata/internal/controllers/users_controller.go:51.16,55.3 1 0
fp_kata/internal/controllers/users_controller.go:56.2,56.85 1 1
fp_kata/internal/controllers/users_controller.go:60.56,65.24 4 1
fp_kata/internal/controllers/users_controller.go:65.24,69.3 1 0
fp_kata/internal/controllers/users_controller.go:70.2,74.16 4 1
fp_kata/internal/controllers/users_controller.go:74.16,78.3 1 0
fp_kata/internal/controllers/users_controller.go:80.2,80.77 1 1
fp_kata/internal/datasources/file/orders_mem_storage.go:15.101,20.13 4 0
fp_kata/internal/datasources/file/orders_mem_storage.go:20.13,22.3 1 0
fp_kata/internal/datasources/file/orders_mem_storage.go:23.2,23.20 1 0
fp_kata/internal/datasources/file/orders_mem_storage.go:26.112,31.33 4 0
fp_kata/internal/datasources/file/orders_mem_storage.go:31.33,32.29 1 0
fp_kata/internal/datasources/file/orders_mem_storage.go:32.29,34.4 1 0
fp_kata/internal/datasources/file/orders_mem_storage.go:36.2,36.24 1 0
fp_kata/internal/datasources/file/orders_mem_storage.go:39.85,43.45 3 0
fp_kata/internal/datasources/file/orders_mem_storage.go:43.45,45.3 1 0
fp_kata/internal/datasources/file/orders_mem_storage.go:46.2,47.12 2 0
fp_kata/internal/datasources/file/orders_mem_storage.go:50.113,55.13 4 0
fp_kata/internal/datasources/file/orders_mem_storage.go:55.13,57.3 1 0
fp_kata/internal/datasources/file/orders_mem_storage.go:58.2,59.20 2 0
fp_kata/internal/datasources/file/orders_mem_storage.go:62.113,66.45 3 0
fp_kata/internal/datasources/file/orders_mem_storage.go:66.45,68.3 1 0
fp_kata/internal/datasources/file/orders_mem_storage.go:69.2,70.20 2 0
fp_kata/internal/datasources/file/orders_mem_storage.go:73.54,77.2 1 1
fp_kata/internal/datasources/file/users_mem_storage.go:15.52,20.2 1 1
fp_kata/internal/datasources/file/users_mem_storage.go:22.102,27.19 4 1
fp_kata/internal/datasources/file/users_mem_storage.go:27.19,29.3 1 0
fp_kata/internal/datasources/file/users_mem_storage.go:31.2,33.19 3 1
fp_kata/internal/datasources/file/users_mem_storage.go:36.88,40.13 4 1
fp_kata/internal/datasources/file/users_mem_storage.go:40.13,42.3 1 0
fp_kata/internal/datasources/file/users_mem_storage.go:43.2,43.19 1 1
fp_kata/internal/datasources/file/users_mem_storage.go:46.93,51.12 4 0
fp_kata/internal/datasources/file/users_mem_storage.go:51.12,53.3 1 0
fp_kata/internal/datasources/file/users_mem_storage.go:54.2,54.15 1 0
fp_kata/internal/datasources/file/users_mem_storage.go:57.73,61.39 3 0
fp_kata/internal/datasources/file/users_mem_storage.go:61.39,63.3 1 0
fp_kata/internal/datasources/file/users_mem_storage.go:65.2,67.16 3 0
fp_kata/internal/datasources/yugabyte/payments_mem_storage.go:16.58,18.2 1 1
fp_kata/internal/datasources/yugabyte/payments_mem_storage.go:20.108,27.2 6 0
fp_kata/internal/datasources/yugabyte/payments_mem_storage.go:29.94,32.41 3 0
fp_kata/internal/datasources/yugabyte/payments_mem_storage.go:32.41,34.3 1 0
fp_kata/internal/datasources/yugabyte/payments_mem_storage.go:35.2,35.75 1 0
fp_kata/internal/datasources/yugabyte/payments_mem_storage.go:38.108,41.43 3 0
fp_kata/internal/datasources/yugabyte/payments_mem_storage.go:41.43,44.3 2 0
fp_kata/internal/datasources/yugabyte/payments_mem_storage.go:45.2,45.77 1 0
fp_kata/internal/datasources/yugabyte/payments_mem_storage.go:48.76,51.41 3 0
fp_kata/internal/datasources/yugabyte/payments_mem_storage.go:51.41,54.3 2 0
fp_kata/internal/datasources/yugabyte/payments_mem_storage.go:55.2,55.55 1 0
fp_kata/internal/datasources/yugabyte/payments_mem_storage.go:58.109,63.37 4 0
fp_kata/internal/datasources/yugabyte/payments_mem_storage.go:63.37,64.33 1 0
fp_kata/internal/datasources/yugabyte/payments_mem_storage.go:64.33,66.4 1 0
fp_kata/internal/datasources/yugabyte/payments_mem_storage.go:70.2,70.43 1 0
fp_kata/internal/datasources/yugabyte/payments_mem_storage.go:70.43,72.3 1 0
fp_kata/internal/datasources/yugabyte/payments_mem_storage.go:73.2,73.24 1 0
fp_kata/internal/datasources/yugabyte/payments_mem_storage.go:73.24,75.3 1 0
fp_kata/internal/datasources/yugabyte/payments_mem_storage.go:76.2,76.22 1 0
fp_kata/internal/models/order.go:20.45,22.19 1 0
fp_kata/internal/models/order.go:22.19,24.3 1 0
fp_kata/internal/models/order.go:26.2,27.37 2 0
fp_kata/internal/models/order.go:27.37,29.3 1 0
fp_kata/internal/models/order.go:31.2,40.3 1 0
fp_kata/internal/models/order.go:44.77,56.2 1 0
fp_kata/internal/models/payment.go:16.48,17.37 1 0
fp_kata/internal/models/payment.go:17.37,19.3 1 0
fp_kata/internal/models/payment.go:20.2,26.3 1 0
fp_kata/internal/models/payment.go:28.82,29.33 1 0
fp_kata/internal/models/payment.go:29.33,31.3 1 0
fp_kata/internal/models/payment.go:32.2,38.3 1 0
fp_kata/internal/models/user.go:13.42,20.2 1 1
fp_kata/internal/models/user.go:21.44,29.2 1 1
fp_kata/internal/services/authentications_service.go:28.35,32.2 1 1
fp_kata/internal/services/authentications_service.go:35.96,39.18 3 1
fp_kata/internal/services/authentications_service.go:39.18,41.3 1 0
fp_kata/internal/services/authentications_service.go:43.2,51.23 6 1
fp_kata/internal/services/authentications_service.go:55.92,58.21 3 1
fp_kata/internal/services/authentications_service.go:58.21,60.3 1 0
fp_kata/internal/services/authentications_service.go:61.2,68.13 6 1
fp_kata/internal/services/authentications_service.go:68.13,70.3 1 0
fp_kata/internal/services/authentications_service.go:72.2,72.20 1 1
fp_kata/internal/services/authentications_service.go:76.39,79.2 1 1
fp_kata/internal/services/orders_service.go:25.107,27.2 1 1
fp_kata/internal/services/orders_service.go:31.118,36.65 3 0
fp_kata/internal/services/orders_service.go:36.65,38.3 1 0
fp_kata/internal/services/orders_service.go:40.2,42.16 2 0
fp_kata/internal/services/orders_service.go:42.16,44.3 1 0
fp_kata/internal/services/orders_service.go:48.2,49.16 2 0
fp_kata/internal/services/orders_service.go:49.16,51.3 1 0
fp_kata/internal/services/orders_service.go:54.2,55.16 2 0
fp_kata/internal/services/orders_service.go:55.16,57.3 1 0
fp_kata/internal/services/orders_service.go:57.8,59.3 1 0
fp_kata/internal/services/orders_service.go:60.2,60.16 1 0
fp_kata/internal/services/orders_service.go:60.16,62.3 1 0
fp_kata/internal/services/orders_service.go:65.2,66.22 2 0
fp_kata/internal/services/orders_service.go:70.116,73.41 2 0
fp_kata/internal/services/orders_service.go:73.41,76.17 3 0
fp_kata/internal/services/orders_service.go:76.17,78.4 1 0
fp_kata/internal/services/orders_service.go:79.3,80.36 2 0
fp_kata/internal/services/orders_service.go:83.2,83.28 1 0
fp_kata/internal/services/orders_service.go:86.104,90.17 3 0
fp_kata/internal/services/orders_service.go:90.17,92.3 1 0
fp_kata/internal/services/orders_service.go:94.2,95.16 2 0
fp_kata/internal/services/orders_service.go:95.16,97.3 1 0
fp_kata/internal/services/orders_service.go:98.2,98.30 1 0
fp_kata/internal/services/orders_service.go:98.30,100.3 1 0
fp_kata/internal/services/orders_service.go:102.2,103.16 2 0
fp_kata/internal/services/orders_service.go:103.16,105.3 1 0
fp_kata/internal/services/orders_service.go:107.2,108.19 2 0
fp_kata/internal/services/orders_service.go:111.99,116.17 3 0
fp_kata/internal/services/orders_service.go:116.17,118.3 1 0
fp_kata/internal/services/orders_service.go:119.2,120.16 2 0
fp_kata/internal/services/orders_service.go:120.16,122.3 1 0
fp_kata/internal/services/orders_service.go:124.2,125.35 2 0
fp_kata/internal/services/orders_service.go:125.35,127.17 2 0
fp_kata/internal/services/orders_service.go:127.17,129.4 1 0
fp_kata/internal/services/orders_service.go:130.3,131.33 2 0
fp_kata/internal/services/orders_service.go:134.2,134.20 1 0
fp_kata/internal/services/orders_service.go:137.148,140.17 3 0
fp_kata/internal/services/orders_service.go:140.17,142.3 1 0
fp_kata/internal/services/orders_service.go:143.2,144.16 2 0
fp_kata/internal/services/orders_service.go:144.16,146.3 1 0
fp_kata/internal/services/orders_service.go:148.2,149.38 2 0
fp_kata/internal/services/orders_service.go:149.38,151.20 2 0
fp_kata/internal/services/orders_service.go:151.20,153.18 2 0
fp_kata/internal/services/orders_service.go:153.18,155.5 1 0
fp_kata/internal/services/orders_service.go:156.4,156.50 1 0
fp_kata/internal/services/orders_service.go:160.2,160.28 1 0
fp_kata/internal/services/payments_service.go:21.81,23.2 1 1
fp_kata/internal/services/payments_service.go:25.116,30.21 5 0
fp_kata/internal/services/payments_service.go:30.21,32.3 1 0
fp_kata/internal/services/payments_service.go:32.8,34.3 1 0
fp_kata/internal/services/payments_service.go:35.2,35.16 1 0
fp_kata/internal/services/payments_service.go:35.16,37.3 1 0
fp_kata/internal/services/payments_service.go:38.2,39.28 2 0
fp_kata/internal/services/payments_service.go:42.102,46.16 4 0
fp_kata/internal/services/payments_service.go:46.16,48.3 1 0
fp_kata/internal/services/payments_service.go:49.2,50.21 2 0
fp_kata/internal/services/payments_service.go:53.113,58.16 4 0
fp_kata/internal/services/payments_service.go:58.16,60.3 1 0
fp_kata/internal/services/payments_service.go:61.2,62.39 2 0
fp_kata/internal/services/payments_service.go:62.39,64.3 1 0
fp_kata/internal/services/payments_service.go:65.2,65.22 1 0
fp_kata/internal/services/users_service.go:21.97,26.2 1 1
fp_kata/internal/services/users_service.go:28.88,32.13 4 1
fp_kata/internal/services/users_service.go:32.13,34.3 1 0
fp_kata/internal/services/users_service.go:35.2,36.18 2 1
fp_kata/internal/services/users_service.go:39.93,44.14 5 1
fp_kata/internal/services/users_service.go:44.14,46.3 1 0
fp_kata/internal/services/users_service.go:47.2,49.16 3 1
fp_kata/internal/services/users_service.go:49.16,51.3 1 0
fp_kata/internal/services/users_service.go:53.2,53.25 1 1
fp_kata/pkg/log/logger.go:14.19,16.2 1 1
fp_kata/pkg/log/logger.go:18.52,20.2 1 1
fp_kata/pkg/log/logger.go:22.60,24.2 1 1
fp_kata/pkg/log/logger.go:26.53,28.2 1 1
fp_kata/pkg/log/logger.go:30.67,32.2 1 1
fp_kata/pkg/transports/order.go:28.81,31.51 2 0
fp_kata/pkg/transports/order.go:31.51,34.3 2 0
fp_kata/pkg/transports/order.go:36.2,44.3 1 0
fp_kata/pkg/transports/order.go:48.60,52.23 2 0
fp_kata/pkg/transports/order.go:52.23,54.3 1 0
fp_kata/pkg/transports/order.go:56.2,65.3 1 0
fp_kata/pkg/transports/order.go:69.69,71.35 2 0
fp_kata/pkg/transports/order.go:71.35,73.3 1 0
fp_kata/pkg/transports/order.go:74.2,74.25 1 0
fp_kata/pkg/transports/payment.go:14.68,20.2 1 0
fp_kata/pkg/transports/payment.go:27.69,33.2 1 0
fp_kata/pkg/transports/user.go:26.52,28.41 1 1
fp_kata/pkg/transports/user.go:28.41,30.3 1 1
fp_kata/pkg/transports/user.go:32.2,36.3 1 1
fp_kata/pkg/transports/user.go:39.68,40.51 1 1
fp_kata/pkg/transports/user.go:40.51,42.21 2 1
fp_kata/pkg/transports/user.go:42.21,44.4 1 1
fp_kata/pkg/transports/user.go:44.9,47.4 2 0
fp_kata/pkg/transports/user.go:48.8,51.3 2 0
fp_kata/pkg/transports/user.go:52.2,52.17 1 1
fp_kata/pkg/transports/user.go:55.56,62.2 1 1
fp_kata/common/middleware/auth-middleware.go:10.104,11.35 1 0
fp_kata/common/middleware/auth-middleware.go:11.35,16.23 4 0
fp_kata/common/middleware/auth-middleware.go:16.23,20.4 1 0
fp_kata/common/middleware/auth-middleware.go:23.3,27.17 3 0
fp_kata/common/middleware/auth-middleware.go:27.17,32.4 2 0
fp_kata/common/middleware/auth-middleware.go:34.3,35.17 2 0
fp_kata/common/middleware/auth-middleware.go:35.17,40.4 2 0
fp_kata/common/middleware/auth-middleware.go:41.3,49.20 5 0
fp_kata/common/middleware/logging-middleware.go:12.62,13.33 1 0
fp_kata/common/middleware/logging-middleware.go:13.33,32.3 7 0
fp_kata/common/utils/utils.go:5.26,7.2 1 0
fp_kata/internal/app/app.go:11.27,26.2 8 0
fp_kata/internal/app/wire_gen.go:22.41,35.2 12 0
fp_kata/internal/app/wire_gen.go:53.15,59.2 1 0
fp_kata/internal/controllers/orders_controller.go:20.80,24.2 1 0
fp_kata/internal/controllers/orders_controller.go:26.94,30.2 3 0
fp_kata/internal/controllers/orders_controller.go:32.61,42.54 6 0
fp_kata/internal/controllers/orders_controller.go:42.54,46.3 1 0
fp_kata/internal/controllers/orders_controller.go:49.2,50.54 2 0
fp_kata/internal/controllers/orders_controller.go:50.54,55.3 1 0
fp_kata/internal/controllers/orders_controller.go:57.2,62.16 4 0
fp_kata/internal/controllers/orders_controller.go:62.16,66.3 1 0
fp_kata/internal/controllers/orders_controller.go:68.2,69.60 2 0
fp_kata/internal/controllers/orders_controller.go:73.59,84.17 7 0
fp_kata/internal/controllers/orders_controller.go:84.17,86.17 2 0
fp_kata/internal/controllers/orders_controller.go:86.17,88.4 1 0
fp_kata/internal/controllers/orders_controller.go:90.3,90.44 1 0
fp_kata/internal/controllers/orders_controller.go:90.44,92.4 1 0
fp_kata/internal/controllers/orders_controller.go:94.3,95.17 2 0
fp_kata/internal/controllers/orders_controller.go:95.17,97.4 1 0
fp_kata/internal/controllers/orders_controller.go:98.8,101.17 3 0
fp_kata/internal/controllers/orders_controller.go:101.17,103.4 1 0
fp_kata/internal/controllers/orders_controller.go:106.2,107.31 2 0
fp_kata/internal/controllers/orders_controller.go:107.31,109.3 1 0
fp_kata/internal/controllers/orders_controller.go:110.2,110.56 1 0
fp_kata/internal/controllers/orders_controller.go:115.58,124.16 6 0
fp_kata/internal/controllers/orders_controller.go:124.16,126.3 1 0
fp_kata/internal/controllers/orders_controller.go:128.2,134.16 5 0
fp_kata/internal/controllers/orders_controller.go:134.16,136.3 1 0
fp_kata/internal/controllers/orders_controller.go:138.2,140.55 2 0
fp_kata/internal/controllers/users_controller.go:17.76,19.2 1 0
fp_kata/internal/controllers/users_controller.go:22.92,25.2 2 0
fp_kata/internal/controllers/users_controller.go:28.55,36.53 5 0
fp_kata/internal/controllers/users_controller.go:36.53,40.3 1 0
fp_kata/internal/controllers/users_controller.go:42.2,43.17 2 0
fp_kata/internal/controllers/users_controller.go:43.17,47.3 1 0
fp_kata/internal/controllers/users_controller.go:48.2,51.16 3 0
fp_kata/internal/controllers/users_controller.go:51.16,55.3 1 0
fp_kata/internal/controllers/users_controller.go:56.2,56.85 1 0
fp_kata/internal/controllers/users_controller.go:60.56,65.24 4 0
fp_kata/internal/controllers/users_controller.go:65.24,69.3 1 0
fp_kata/internal/controllers/users_controller.go:70.2,74.16 4 0
fp_kata/internal/controllers/users_controller.go:74.16,78.3 1 0
fp_kata/internal/controllers/users_controller.go:80.2,80.77 1 0
fp_kata/internal/datasources/file/orders_mem_storage.go:15.101,20.13 4 0
fp_kata/internal/datasources/file/orders_mem_storage.go:20.13,22.3 1 0
fp_kata/internal/datasources/file/orders_mem_storage.go:23.2,23.20 1 0
fp_kata/internal/datasources/file/orders_mem_storage.go:26.112,31.33 4 0
fp_kata/internal/datasources/file/orders_mem_storage.go:31.33,32.29 1 0
fp_kata/internal/datasources/file/orders_mem_storage.go:32.29,34.4 1 0
fp_kata/internal/datasources/file/orders_mem_storage.go:36.2,36.24 1 0
fp_kata/internal/datasources/file/orders_mem_storage.go:39.85,43.45 3 0
fp_kata/internal/datasources/file/orders_mem_storage.go:43.45,45.3 1 0
fp_kata/internal/datasources/file/orders_mem_storage.go:46.2,47.12 2 0
fp_kata/internal/datasources/file/orders_mem_storage.go:50.113,55.13 4 0
fp_kata/internal/datasources/file/orders_mem_storage.go:55.13,57.3 1 0
fp_kata/internal/datasources/file/orders_mem_storage.go:58.2,59.20 2 0
fp_kata/internal/datasources/file/orders_mem_storage.go:62.113,66.45 3 0
fp_kata/internal/datasources/file/orders_mem_storage.go:66.45,68.3 1 0
fp_kata/internal/datasources/file/orders_mem_storage.go:69.2,70.20 2 0
fp_kata/internal/datasources/file/orders_mem_storage.go:73.54,77.2 1 0
fp_kata/internal/datasources/file/users_mem_storage.go:15.52,20.2 1 0
fp_kata/internal/datasources/file/users_mem_storage.go:22.102,27.19 4 0
fp_kata/internal/datasources/file/users_mem_storage.go:27.19,29.3 1 0
fp_kata/internal/datasources/file/users_mem_storage.go:31.2,33.19 3 0
fp_kata/internal/datasources/file/users_mem_storage.go:36.88,40.13 4 0
fp_kata/internal/datasources/file/users_mem_storage.go:40.13,42.3 1 0
fp_kata/internal/datasources/file/users_mem_storage.go:43.2,43.19 1 0
fp_kata/internal/datasources/file/users_mem_storage.go:46.93,51.12 4 0
fp_kata/internal/datasources/file/users_mem_storage.go:51.12,53.3 1 0
fp_kata/internal/datasources/file/users_mem_storage.go:54.2,54.15 1 0
fp_kata/internal/datasources/file/users_mem_storage.go:57.73,61.39 3 0
fp_kata/internal/datasources/file/users_mem_storage.go:61.39,63.3 1 0
fp_kata/internal/datasources/file/users_mem_storage.go:65.2,67.16 3 0
fp_kata/internal/datasources/yugabyte/payments_mem_storage.go:16.58,18.2 1 0
fp_kata/internal/datasources/yugabyte/payments_mem_storage.go:20.108,27.2 6 0
fp_kata/internal/datasources/yugabyte/payments_mem_storage.go:29.94,32.41 3 0
fp_kata/internal/datasources/yugabyte/payments_mem_storage.go:32.41,34.3 1 0
fp_kata/internal/datasources/yugabyte/payments_mem_storage.go:35.2,35.75 1 0
fp_kata/internal/datasources/yugabyte/payments_mem_storage.go:38.108,41.43 3 0
fp_kata/internal/datasources/yugabyte/payments_mem_storage.go:41.43,44.3 2 0
fp_kata/internal/datasources/yugabyte/payments_mem_storage.go:45.2,45.77 1 0
fp_kata/internal/datasources/yugabyte/payments_mem_storage.go:48.76,51.41 3 0
fp_kata/internal/datasources/yugabyte/payments_mem_storage.go:51.41,54.3 2 0
fp_kata/internal/datasources/yugabyte/payments_mem_storage.go:55.2,55.55 1 0
fp_kata/internal/datasources/yugabyte/payments_mem_storage.go:58.109,63.37 4 0
fp_kata/internal/datasources/yugabyte/payments_mem_storage.go:63.37,64.33 1 0
fp_kata/internal/datasources/yugabyte/payments_mem_storage.go:64.33,66.4 1 0
fp_kata/internal/datasources/yugabyte/payments_mem_storage.go:70.2,70.43 1 0
fp_kata/internal/datasources/yugabyte/payments_mem_storage.go:70.43,72.3 1 0
fp_kata/internal/datasources/yugabyte/payments_mem_storage.go:73.2,73.24 1 0
fp_kata/internal/datasources/yugabyte/payments_mem_storage.go:73.24,75.3 1 0
fp_kata/internal/datasources/yugabyte/payments_mem_storage.go:76.2,76.22 1 0
fp_kata/internal/models/order.go:20.45,22.19 1 0
fp_kata/internal/models/order.go:22.19,24.3 1 0
fp_kata/internal/models/order.go:26.2,27.37 2 0
fp_kata/internal/models/order.go:27.37,29.3 1 0
fp_kata/internal/models/order.go:31.2,40.3 1 0
fp_kata/internal/models/order.go:44.77,56.2 1 0
fp_kata/internal/models/payment.go:16.48,17.37 1 0
fp_kata/internal/models/payment.go:17.37,19.3 1 0
fp_kata/internal/models/payment.go:20.2,26.3 1 0
fp_kata/internal/models/payment.go:28.82,29.33 1 0
fp_kata/internal/models/payment.go:29.33,31.3 1 0
fp_kata/internal/models/payment.go:32.2,38.3 1 0
fp_kata/internal/models/user.go:13.42,20.2 1 0
fp_kata/internal/models/user.go:21.44,29.2 1 0
fp_kata/internal/services/authentications_service.go:28.35,32.2 1 0
fp_kata/internal/services/authentications_service.go:35.96,39.18 3 0
fp_kata/internal/services/authentications_service.go:39.18,41.3 1 0
fp_kata/internal/services/authentications_service.go:43.2,51.23 6 0
fp_kata/internal/services/authentications_service.go:55.92,58.21 3 0
fp_kata/internal/services/authentications_service.go:58.21,60.3 1 0
fp_kata/internal/services/authentications_service.go:61.2,68.13 6 0
fp_kata/internal/services/authentications_service.go:68.13,70.3 1 0
fp_kata/internal/services/authentications_service.go:72.2,72.20 1 0
fp_kata/internal/services/authentications_service.go:76.39,79.2 1 0
fp_kata/internal/services/orders_service.go:25.107,27.2 1 0
fp_kata/internal/services/orders_service.go:31.118,36.65 3 0
fp_kata/internal/services/orders_service.go:36.65,38.3 1 0
fp_kata/internal/services/orders_service.go:40.2,42.16 2 0
fp_kata/internal/services/orders_service.go:42.16,44.3 1 0
fp_kata/internal/services/orders_service.go:48.2,49.16 2 0
fp_kata/internal/services/orders_service.go:49.16,51.3 1 0
fp_kata/internal/services/orders_service.go:54.2,55.16 2 0
fp_kata/internal/services/orders_service.go:55.16,57.3 1 0
fp_kata/internal/services/orders_service.go:57.8,59.3 1 0
fp_kata/internal/services/orders_service.go:60.2,60.16 1 0
fp_kata/internal/services/orders_service.go:60.16,62.3 1 0
fp_kata/internal/services/orders_service.go:65.2,66.22 2 0
fp_kata/internal/services/orders_service.go:70.116,73.41 2 0
fp_kata/internal/services/orders_service.go:73.41,76.17 3 0
fp_kata/internal/services/orders_service.go:76.17,78.4 1 0
fp_kata/internal/services/orders_service.go:79.3,80.36 2 0
fp_kata/internal/services/orders_service.go:83.2,83.28 1 0
fp_kata/internal/services/orders_service.go:86.104,90.17 3 0
fp_kata/internal/services/orders_service.go:90.17,92.3 1 0
fp_kata/internal/services/orders_service.go:94.2,95.16 2 0
fp_kata/internal/services/orders_service.go:95.16,97.3 1 0
fp_kata/internal/services/orders_service.go:98.2,98.30 1 0
fp_kata/internal/services/orders_service.go:98.30,100.3 1 0
fp_kata/internal/services/orders_service.go:102.2,103.16 2 0
fp_kata/internal/services/orders_service.go:103.16,105.3 1 0
fp_kata/internal/services/orders_service.go:107.2,108.19 2 0
fp_kata/internal/services/orders_service.go:111.99,116.17 3 0
fp_kata/internal/services/orders_service.go:116.17,118.3 1 0
fp_kata/internal/services/orders_service.go:119.2,120.16 2 0
fp_kata/internal/services/orders_service.go:120.16,122.3 1 0
fp_kata/internal/services/orders_service.go:124.2,125.35 2 0
fp_kata/internal/services/orders_service.go:125.35,127.17 2 0
fp_kata/internal/services/orders_service.go:127.17,129.4 1 0
fp_kata/internal/services/orders_service.go:130.3,131.33 2 0
fp_kata/internal/services/orders_service.go:134.2,134.20 1 0
fp_kata/internal/services/orders_service.go:137.148,140.17 3 0
fp_kata/internal/services/orders_service.go:140.17,142.3 1 0
fp_kata/internal/services/orders_service.go:143.2,144.16 2 0
fp_kata/internal/services/orders_service.go:144.16,146.3 1 0
fp_kata/internal/services/orders_service.go:148.2,149.38 2 0
fp_kata/internal/services/orders_service.go:149.38,151.20 2 0
fp_kata/internal/services/orders_service.go:151.20,153.18 2 0
fp_kata/internal/services/orders_service.go:153.18,155.5 1 0
fp_kata/internal/services/orders_service.go:156.4,156.50 1 0
fp_kata/internal/services/orders_service.go:160.2,160.28 1 0
fp_kata/internal/services/payments_service.go:21.81,23.2 1 0
fp_kata/internal/services/payments_service.go:25.116,30.21 5 0
fp_kata/internal/services/payments_service.go:30.21,32.3 1 0
fp_kata/internal/services/payments_service.go:32.8,34.3 1 0
fp_kata/internal/services/payments_service.go:35.2,35.16 1 0
fp_kata/internal/services/payments_service.go:35.16,37.3 1 0
fp_kata/internal/services/payments_service.go:38.2,39.28 2 0
fp_kata/internal/services/payments_service.go:42.102,46.16 4 0
fp_kata/internal/services/payments_service.go:46.16,48.3 1 0
fp_kata/internal/services/payments_service.go:49.2,50.21 2 0
fp_kata/internal/services/payments_service.go:53.113,58.16 4 0
fp_kata/internal/services/payments_service.go:58.16,60.3 1 0
fp_kata/internal/services/payments_service.go:61.2,62.39 2 0
fp_kata/internal/services/payments_service.go:62.39,64.3 1 0
fp_kata/internal/services/payments_service.go:65.2,65.22 1 0
fp_kata/internal/services/users_service.go:21.97,26.2 1 0
fp_kata/internal/services/users_service.go:28.88,32.13 4 0
fp_kata/internal/services/users_service.go:32.13,34.3 1 0
fp_kata/internal/services/users_service.go:35.2,36.18 2 0
fp_kata/internal/services/users_service.go:39.93,44.14 5 0
fp_kata/internal/services/users_service.go:44.14,46.3 1 0
fp_kata/internal/services/users_service.go:47.2,49.16 3 0
fp_kata/internal/services/users_service.go:49.16,51.3 1 0
fp_kata/internal/services/users_service.go:53.2,53.25 1 0
fp_kata/pkg/log/logger.go:14.19,16.2 1 0
fp_kata/pkg/log/logger.go:18.52,20.2 1 0
fp_kata/pkg/log/logger.go:22.60,24.2 1 0
fp_kata/pkg/log/logger.go:26.53,28.2 1 0
fp_kata/pkg/log/logger.go:30.67,32.2 1 0
fp_kata/pkg/transports/order.go:28.81,31.51 2 1
fp_kata/pkg/transports/order.go:31.51,34.3 2 1
fp_kata/pkg/transports/order.go:36.2,44.3 1 1
fp_kata/pkg/transports/order.go:48.60,52.23 2 1
fp_kata/pkg/transports/order.go:52.23,54.3 1 1
fp_kata/pkg/transports/order.go:56.2,65.3 1 1
fp_kata/pkg/transports/order.go:69.69,71.35 2 1
fp_kata/pkg/transports/order.go:71.35,73.3 1 1
fp_kata/pkg/transports/order.go:74.2,74.25 1 1
fp_kata/pkg/transports/payment.go:14.68,20.2 1 1
fp_kata/pkg/transports/payment.go:27.69,33.2 1 1
fp_kata/pkg/transports/user.go:26.52,28.41 1 1
fp_kata/pkg/transports/user.go:28.41,30.3 1 1
fp_kata/pkg/transports/user.go:32.2,36.3 1 1
fp_kata/pkg/transports/user.go:39.68,40.51 1 1
fp_kata/pkg/transports/user.go:40.51,42.21 2 1
fp_kata/pkg/transports/user.go:42.21,44.4 1 1
fp_kata/pkg/transports/user.go:44.9,47.4 2 1
fp_kata/pkg/transports/user.go:48.8,51.3 2 1
fp_kata/pkg/transports/user.go:52.2,52.17 1 1
fp_kata/pkg/transports/user.go:55.56,62.2 1 1
fp_kata/common/middleware/auth-middleware.go:10.104,11.35 1 0
fp_kata/common/middleware/auth-middleware.go:11.35,16.23 4 0
fp_kata/common/middleware/auth-middleware.go:16.23,20.4 1 0
fp_kata/common/middleware/auth-middleware.go:23.3,27.17 3 0
fp_kata/common/middleware/auth-middleware.go:27.17,32.4 2 0
fp_kata/common/middleware/auth-middleware.go:34.3,35.17 2 0
fp_kata/common/middleware/auth-middleware.go:35.17,40.4 2 0
fp_kata/common/middleware/auth-middleware.go:41.3,49.20 5 0
fp_kata/common/middleware/logging-middleware.go:12.62,13.33 1 0
fp_kata/common/middleware/logging-middleware.go:13.33,32.3 7 0
fp_kata/common/utils/utils.go:5.26,7.2 1 1
fp_kata/internal/app/app.go:11.27,26.2 8 0
fp_kata/internal/app/wire_gen.go:22.41,35.2 12 0
fp_kata/internal/app/wire_gen.go:53.15,59.2 1 0
fp_kata/internal/controllers/orders_controller.go:20.80,24.2 1 0
fp_kata/internal/controllers/orders_controller.go:26.94,30.2 3 0
fp_kata/internal/controllers/orders_controller.go:32.61,42.54 6 0
fp_kata/internal/controllers/orders_controller.go:42.54,46.3 1 0
fp_kata/internal/controllers/orders_controller.go:49.2,50.54 2 0
fp_kata/internal/controllers/orders_controller.go:50.54,55.3 1 0
fp_kata/internal/controllers/orders_controller.go:57.2,62.16 4 0
fp_kata/internal/controllers/orders_controller.go:62.16,66.3 1 0
fp_kata/internal/controllers/orders_controller.go:68.2,69.60 2 0
fp_kata/internal/controllers/orders_controller.go:73.59,84.17 7 0
fp_kata/internal/controllers/orders_controller.go:84.17,86.17 2 0
fp_kata/internal/controllers/orders_controller.go:86.17,88.4 1 0
fp_kata/internal/controllers/orders_controller.go:90.3,90.44 1 0
fp_kata/internal/controllers/orders_controller.go:90.44,92.4 1 0
fp_kata/internal/controllers/orders_controller.go:94.3,95.17 2 0
fp_kata/internal/controllers/orders_controller.go:95.17,97.4 1 0
fp_kata/internal/controllers/orders_controller.go:98.8,101.17 3 0
fp_kata/internal/controllers/orders_controller.go:101.17,103.4 1 0
fp_kata/internal/controllers/orders_controller.go:106.2,107.31 2 0
fp_kata/internal/controllers/orders_controller.go:107.31,109.3 1 0
fp_kata/internal/controllers/orders_controller.go:110.2,110.56 1 0
fp_kata/internal/controllers/orders_controller.go:115.58,124.16 6 0
fp_kata/internal/controllers/orders_controller.go:124.16,126.3 1 0
fp_kata/internal/controllers/orders_controller.go:128.2,134.16 5 0
fp_kata/internal/controllers/orders_controller.go:134.16,136.3 1 0
fp_kata/internal/controllers/orders_controller.go:138.2,140.55 2 0
fp_kata/internal/controllers/users_controller.go:17.76,19.2 1 0
fp_kata/internal/controllers/users_controller.go:22.92,25.2 2 0
fp_kata/internal/controllers/users_controller.go:28.55,36.53 5 0
fp_kata/internal/controllers/users_controller.go:36.53,40.3 1 0
fp_kata/internal/controllers/users_controller.go:42.2,43.17 2 0
fp_kata/internal/controllers/users_controller.go:43.17,47.3 1 0
fp_kata/internal/controllers/users_controller.go:48.2,51.16 3 0
fp_kata/internal/controllers/users_controller.go:51.16,55.3 1 0
fp_kata/internal/controllers/users_controller.go:56.2,56.85 1 0
fp_kata/internal/controllers/users_controller.go:60.56,65.24 4 0
fp_kata/internal/controllers/users_controller.go:65.24,69.3 1 0
fp_kata/internal/controllers/users_controller.go:70.2,74.16 4 0
fp_kata/internal/controllers/users_controller.go:74.16,78.3 1 0
fp_kata/internal/controllers/users_controller.go:80.2,80.77 1 0
fp_kata/internal/datasources/file/orders_mem_storage.go:15.101,20.13 4 0
fp_kata/internal/datasources/file/orders_mem_storage.go:20.13,22.3 1 0
fp_kata/internal/datasources/file/orders_mem_storage.go:23.2,23.20 1 0
fp_kata/internal/datasources/file/orders_mem_storage.go:26.112,31.33 4 0
fp_kata/internal/datasources/file/orders_mem_storage.go:31.33,32.29 1 0
fp_kata/internal/datasources/file/orders_mem_storage.go:32.29,34.4 1 0
fp_kata/internal/datasources/file/orders_mem_storage.go:36.2,36.24 1 0
fp_kata/internal/datasources/file/orders_mem_storage.go:39.85,43.45 3 0
fp_kata/internal/datasources/file/orders_mem_storage.go:43.45,45.3 1 0
fp_kata/internal/datasources/file/orders_mem_storage.go:46.2,47.12 2 0
fp_kata/internal/datasources/file/orders_mem_storage.go:50.113,55.13 4 0
fp_kata/internal/datasources/file/orders_mem_storage.go:55.13,57.3 1 0
fp_kata/internal/datasources/file/orders_mem_storage.go:58.2,59.20 2 0
fp_kata/internal/datasources/file/orders_mem_storage.go:62.113,66.45 3 0
fp_kata/internal/datasources/file/orders_mem_storage.go:66.45,68.3 1 0
fp_kata/internal/datasources/file/orders_mem_storage.go:69.2,70.20 2 0
fp_kata/internal/datasources/file/orders_mem_storage.go:73.54,77.2 1 0
fp_kata/internal/datasources/file/users_mem_storage.go:15.52,20.2 1 0
fp_kata/internal/datasources/file/users_mem_storage.go:22.102,27.19 4 0
fp_kata/internal/datasources/file/users_mem_storage.go:27.19,29.3 1 0
fp_kata/internal/datasources/file/users_mem_storage.go:31.2,33.19 3 0
fp_kata/internal/datasources/file/users_mem_storage.go:36.88,40.13 4 0
fp_kata/internal/datasources/file/users_mem_storage.go:40.13,42.3 1 0
fp_kata/internal/datasources/file/users_mem_storage.go:43.2,43.19 1 0
fp_kata/internal/datasources/file/users_mem_storage.go:46.93,51.12 4 0
fp_kata/internal/datasources/file/users_mem_storage.go:51.12,53.3 1 0
fp_kata/internal/datasources/file/users_mem_storage.go:54.2,54.15 1 0
fp_kata/internal/datasources/file/users_mem_storage.go:57.73,61.39 3 0
fp_kata/internal/datasources/file/users_mem_storage.go:61.39,63.3 1 0
fp_kata/internal/datasources/file/users_mem_storage.go:65.2,67.16 3 0
fp_kata/internal/datasources/yugabyte/payments_mem_storage.go:16.58,18.2 1 0
fp_kata/internal/datasources/yugabyte/payments_mem_storage.go:20.108,27.2 6 0
fp_kata/internal/datasources/yugabyte/payments_mem_storage.go:29.94,32.41 3 0
fp_kata/internal/datasources/yugabyte/payments_mem_storage.go:32.41,34.3 1 0
fp_kata/internal/datasources/yugabyte/payments_mem_storage.go:35.2,35.75 1 0
fp_kata/internal/datasources/yugabyte/payments_mem_storage.go:38.108,41.43 3 0
fp_kata/internal/datasources/yugabyte/payments_mem_storage.go:41.43,44.3 2 0
fp_kata/internal/datasources/yugabyte/payments_mem_storage.go:45.2,45.77 1 0
fp_kata/internal/datasources/yugabyte/payments_mem_storage.go:48.76,51.41 3 0
fp_kata/internal/datasources/yugabyte/payments_mem_storage.go:51.41,54.3 2 0
fp_kata/internal/datasources/yugabyte/payments_mem_storage.go:55.2,55.55 1 0
fp_kata/internal/datasources/yugabyte/payments_mem_storage.go:58.109,63.37 4 0
fp_kata/internal/datasources/yugabyte/payments_mem_storage.go:63.37,64.33 1 0
fp_kata/internal/datasources/yugabyte/payments_mem_storage.go:64.33,66.4 1 0
fp_kata/internal/datasources/yugabyte/payments_mem_storage.go:70.2,70.43 1 0
fp_kata/internal/datasources/yugabyte/payments_mem_storage.go:70.43,72.3 1 0
fp_kata/internal/datasources/yugabyte/payments_mem_storage.go:73.2,73.24 1 0
fp_kata/internal/datasources/yugabyte/payments_mem_storage.go:73.24,75.3 1 0
fp_kata/internal/datasources/yugabyte/payments_mem_storage.go:76.2,76.22 1 0
fp_kata/internal/models/order.go:20.45,22.19 1 1
fp_kata/internal/models/order.go:22.19,24.3 1 0
fp_kata/internal/models/order.go:26.2,27.37 2 1
fp_kata/internal/models/order.go:27.37,29.3 1 1
fp_kata/internal/models/order.go:31.2,40.3 1 1
fp_kata/internal/models/order.go:44.77,56.2 1 1
fp_kata/internal/models/payment.go:16.48,17.37 1 1
fp_kata/internal/models/payment.go:17.37,19.3 1 0
fp_kata/internal/models/payment.go:20.2,26.3 1 1
fp_kata/internal/models/payment.go:28.82,29.33 1 1
fp_kata/internal/models/payment.go:29.33,31.3 1 0
fp_kata/internal/models/payment.go:32.2,38.3 1 1
fp_kata/internal/models/user.go:13.42,20.2 1 1
fp_kata/internal/models/user.go:21.44,29.2 1 1
fp_kata/internal/services/authentications_service.go:28.35,32.2 1 1
fp_kata/internal/services/authentications_service.go:35.96,39.18 3 1
fp_kata/internal/services/authentications_service.go:39.18,41.3 1 1
fp_kata/internal/services/authentications_service.go:43.2,51.23 6 1
fp_kata/internal/services/authentications_service.go:55.92,58.21 3 1
fp_kata/internal/services/authentications_service.go:58.21,60.3 1 1
fp_kata/internal/services/authentications_service.go:61.2,68.13 6 1
fp_kata/internal/services/authentications_service.go:68.13,70.3 1 1
fp_kata/internal/services/authentications_service.go:72.2,72.20 1 1
fp_kata/internal/services/authentications_service.go:76.39,79.2 1 1
fp_kata/internal/services/orders_service.go:25.107,27.2 1 1
fp_kata/internal/services/orders_service.go:31.118,36.65 3 1
fp_kata/internal/services/orders_service.go:36.65,38.3 1 1
fp_kata/internal/services/orders_service.go:40.2,42.16 2 1
fp_kata/internal/services/orders_service.go:42.16,44.3 1 1
fp_kata/internal/services/orders_service.go:48.2,49.16 2 1
fp_kata/internal/services/orders_service.go:49.16,51.3 1 1
fp_kata/internal/services/orders_service.go:54.2,55.16 2 1
fp_kata/internal/services/orders_service.go:55.16,57.3 1 1
fp_kata/internal/services/orders_service.go:57.8,59.3 1 1
fp_kata/internal/services/orders_service.go:60.2,60.16 1 1
fp_kata/internal/services/orders_service.go:60.16,62.3 1 1
fp_kata/internal/services/orders_service.go:65.2,66.22 2 1
fp_kata/internal/services/orders_service.go:70.116,73.41 2 1
fp_kata/internal/services/orders_service.go:73.41,76.17 3 1
fp_kata/internal/services/orders_service.go:76.17,78.4 1 1
fp_kata/internal/services/orders_service.go:79.3,80.36 2 1
fp_kata/internal/services/orders_service.go:83.2,83.28 1 1
fp_kata/internal/services/orders_service.go:86.104,90.17 3 1
fp_kata/internal/services/orders_service.go:90.17,92.3 1 1
fp_kata/internal/services/orders_service.go:94.2,95.16 2 1
fp_kata/internal/services/orders_service.go:95.16,97.3 1 1
fp_kata/internal/services/orders_service.go:98.2,98.30 1 1
fp_kata/internal/services/orders_service.go:98.30,100.3 1 1
fp_kata/internal/services/orders_service.go:102.2,103.16 2 1
fp_kata/internal/services/orders_service.go:103.16,105.3 1 1
fp_kata/internal/services/orders_service.go:107.2,108.19 2 1
fp_kata/internal/services/orders_service.go:111.99,116.17 3 1
fp_kata/internal/services/orders_service.go:116.17,118.3 1 1
fp_kata/internal/services/orders_service.go:119.2,120.16 2 1
fp_kata/internal/services/orders_service.go:120.16,122.3 1 1
fp_kata/internal/services/orders_service.go:124.2,125.35 2 1
fp_kata/internal/services/orders_service.go:125.35,127.17 2 1
fp_kata/internal/services/orders_service.go:127.17,129.4 1 1
fp_kata/internal/services/orders_service.go:130.3,131.33 2 1
fp_kata/internal/services/orders_service.go:134.2,134.20 1 1
fp_kata/internal/services/orders_service.go:137.148,140.17 3 1
fp_kata/internal/services/orders_service.go:140.17,142.3 1 1
fp_kata/internal/services/orders_service.go:143.2,144.16 2 1
fp_kata/internal/services/orders_service.go:144.16,146.3 1 1
fp_kata/internal/services/orders_service.go:148.2,149.38 2 1
fp_kata/internal/services/orders_service.go:149.38,151.20 2 1
fp_kata/internal/services/orders_service.go:151.20,153.18 2 1
fp_kata/internal/services/orders_service.go:153.18,155.5 1 1
fp_kata/internal/services/orders_service.go:156.4,156.50 1 1
fp_kata/internal/services/orders_service.go:160.2,160.28 1 1
fp_kata/internal/services/payments_service.go:21.81,23.2 1 1
fp_kata/internal/services/payments_service.go:25.116,30.21 5 1
fp_kata/internal/services/payments_service.go:30.21,32.3 1 1
fp_kata/internal/services/payments_service.go:32.8,34.3 1 1
fp_kata/internal/services/payments_service.go:35.2,35.16 1 1
fp_kata/internal/services/payments_service.go:35.16,37.3 1 1
fp_kata/internal/services/payments_service.go:38.2,39.28 2 1
fp_kata/internal/services/payments_service.go:42.102,46.16 4 1
fp_kata/internal/services/payments_service.go:46.16,48.3 1 1
fp_kata/internal/services/payments_service.go:49.2,50.21 2 1
fp_kata/internal/services/payments_service.go:53.113,58.16 4 1
fp_kata/internal/services/payments_service.go:58.16,60.3 1 1
fp_kata/internal/services/payments_service.go:61.2,62.39 2 1
fp_kata/internal/services/payments_service.go:62.39,64.3 1 1
fp_kata/internal/services/payments_service.go:65.2,65.22 1 1
fp_kata/internal/services/users_service.go:21.97,26.2 1 1
fp_kata/internal/services/users_service.go:28.88,32.13 4 1
fp_kata/internal/services/users_service.go:32.13,34.3 1 1
fp_kata/internal/services/users_service.go:35.2,36.18 2 1
fp_kata/internal/services/users_service.go:39.93,44.14 5 1
fp_kata/internal/services/users_service.go:44.14,46.3 1 1
fp_kata/internal/services/users_service.go:47.2,49.16 3 1
fp_kata/internal/services/users_service.go:49.16,51.3 1 1
fp_kata/internal/services/users_service.go:53.2,53.25 1 1
fp_kata/pkg/log/logger.go:14.19,16.2 1 1
fp_kata/pkg/log/logger.go:18.52,20.2 1 0
fp_kata/pkg/log/logger.go:22.60,24.2 1 0
fp_kata/pkg/log/logger.go:26.53,28.2 1 1
fp_kata/pkg/log/logger.go:30.67,32.2 1 1
fp_kata/pkg/transports/order.go:28.81,31.51 2 0
fp_kata/pkg/transports/order.go:31.51,34.3 2 0
fp_kata/pkg/transports/order.go:36.2,44.3 1 0
fp_kata/pkg/transports/order.go:48.60,52.23 2 0
fp_kata/pkg/transports/order.go:52.23,54.3 1 0
fp_kata/pkg/transports/order.go:56.2,65.3 1 0
fp_kata/pkg/transports/order.go:69.69,71.35 2 0
fp_kata/pkg/transports/order.go:71.35,73.3 1 0
fp_kata/pkg/transports/order.go:74.2,74.25 1 0
fp_kata/pkg/transports/payment.go:14.68,20.2 1 0
fp_kata/pkg/transports/payment.go:27.69,33.2 1 0
fp_kata/pkg/transports/user.go:26.52,28.41 1 0
fp_kata/pkg/transports/user.go:28.41,30.3 1 0
fp_kata/pkg/transports/user.go:32.2,36.3 1 0
fp_kata/pkg/transports/user.go:39.68,40.51 1 0
fp_kata/pkg/transports/user.go:40.51,42.21 2 0
fp_kata/pkg/transports/user.go:42.21,44.4 1 0
fp_kata/pkg/transports/user.go:44.9,47.4 2 0
fp_kata/pkg/transports/user.go:48.8,51.3 2 0
fp_kata/pkg/transports/user.go:52.2,52.17 1 0
fp_kata/pkg/transports/user.go:55.56,62.2 1 0
