mode: set
fp_kata/common/utils/utils.go:9.26,11.2 1 0
fp_kata/common/utils/utils.go:13.65,15.2 1 0
fp_kata/common/middleware/auth-middleware.go:10.104,11.35 1 0
fp_kata/common/middleware/auth-middleware.go:11.35,16.23 4 0
fp_kata/common/middleware/auth-middleware.go:16.23,20.4 1 0
fp_kata/common/middleware/auth-middleware.go:23.3,27.17 3 0
fp_kata/common/middleware/auth-middleware.go:27.17,32.4 2 0
fp_kata/common/middleware/auth-middleware.go:34.3,35.17 2 0
fp_kata/common/middleware/auth-middleware.go:35.17,40.4 2 0
fp_kata/common/middleware/auth-middleware.go:41.3,49.20 5 0
fp_kata/common/middleware/logging-middleware.go:12.62,13.33 1 0
fp_kata/common/middleware/logging-middleware.go:13.33,31.3 7 0
fp_kata/internal/app/app.go:11.27,26.2 8 0
fp_kata/internal/app/wire_gen.go:22.41,36.2 13 0
fp_kata/internal/app/wire_gen.go:54.15,60.2 1 0
fp_kata/pkg/log/logger.go:17.19,19.2 1 0
fp_kata/pkg/log/logger.go:21.52,23.2 1 0
fp_kata/pkg/log/logger.go:25.60,27.2 1 0
fp_kata/pkg/log/logger.go:29.53,31.2 1 0
fp_kata/pkg/log/logger.go:33.67,35.2 1 0
fp_kata/common/middleware/auth-middleware.go:10.104,11.35 1 0
fp_kata/common/middleware/auth-middleware.go:11.35,16.23 4 0
fp_kata/common/middleware/auth-middleware.go:16.23,20.4 1 0
fp_kata/common/middleware/auth-middleware.go:23.3,27.17 3 0
fp_kata/common/middleware/auth-middleware.go:27.17,32.4 2 0
fp_kata/common/middleware/auth-middleware.go:34.3,35.17 2 0
fp_kata/common/middleware/auth-middleware.go:35.17,40.4 2 0
fp_kata/common/middleware/auth-middleware.go:41.3,49.20 5 0
fp_kata/common/middleware/logging-middleware.go:12.62,13.33 1 0
fp_kata/common/middleware/logging-middleware.go:13.33,31.3 7 0
fp_kata/common/utils/utils.go:9.26,11.2 1 0
fp_kata/common/utils/utils.go:13.65,15.2 1 0
fp_kata/internal/app/app.go:11.27,26.2 8 0
fp_kata/internal/app/wire_gen.go:22.41,36.2 13 0
fp_kata/internal/app/wire_gen.go:54.15,60.2 1 0
fp_kata/internal/controllers/orders_controller.go:23.80,27.2 1 0
fp_kata/internal/controllers/orders_controller.go:29.94,33.2 3 0
fp_kata/internal/controllers/orders_controller.go:35.61,45.54 7 0
fp_kata/internal/controllers/orders_controller.go:45.54,49.3 1 0
fp_kata/internal/controllers/orders_controller.go:51.2,52.54 2 0
fp_kata/internal/controllers/orders_controller.go:52.54,57.3 1 0
fp_kata/internal/controllers/orders_controller.go:59.2,62.16 3 0
fp_kata/internal/controllers/orders_controller.go:62.16,66.3 1 0
fp_kata/internal/controllers/orders_controller.go:68.2,69.60 2 0
fp_kata/internal/controllers/orders_controller.go:73.66,86.17 9 0
fp_kata/internal/controllers/orders_controller.go:86.17,88.17 2 0
fp_kata/internal/controllers/orders_controller.go:88.17,90.4 1 0
fp_kata/internal/controllers/orders_controller.go:92.3,92.44 1 0
fp_kata/internal/controllers/orders_controller.go:92.44,94.4 1 0
fp_kata/internal/controllers/orders_controller.go:96.3,97.17 2 0
fp_kata/internal/controllers/orders_controller.go:97.17,99.4 1 0
fp_kata/internal/controllers/orders_controller.go:100.8,103.17 3 0
fp_kata/internal/controllers/orders_controller.go:103.17,105.4 1 0
fp_kata/internal/controllers/orders_controller.go:108.2,109.31 2 0
fp_kata/internal/controllers/orders_controller.go:109.31,111.3 1 0
fp_kata/internal/controllers/orders_controller.go:112.2,112.63 1 0
fp_kata/internal/controllers/orders_controller.go:117.65,126.16 7 0
fp_kata/internal/controllers/orders_controller.go:126.16,128.3 1 0
fp_kata/internal/controllers/orders_controller.go:130.2,137.16 6 0
fp_kata/internal/controllers/orders_controller.go:137.16,139.3 1 0
fp_kata/internal/controllers/orders_controller.go:141.2,143.62 2 0
fp_kata/internal/controllers/users_controller.go:20.76,22.2 1 0
fp_kata/internal/controllers/users_controller.go:25.92,28.2 2 0
fp_kata/internal/controllers/users_controller.go:31.55,39.53 5 0
fp_kata/internal/controllers/users_controller.go:39.53,43.3 1 0
fp_kata/internal/controllers/users_controller.go:45.2,46.17 2 0
fp_kata/internal/controllers/users_controller.go:46.17,50.3 1 0
fp_kata/internal/controllers/users_controller.go:52.2,53.16 2 0
fp_kata/internal/controllers/users_controller.go:53.16,57.3 1 0
fp_kata/internal/controllers/users_controller.go:58.2,58.85 1 0
fp_kata/internal/controllers/users_controller.go:62.56,68.24 5 0
fp_kata/internal/controllers/users_controller.go:68.24,72.3 1 0
fp_kata/internal/controllers/users_controller.go:73.2,76.16 3 0
fp_kata/internal/controllers/users_controller.go:76.16,80.3 1 0
fp_kata/internal/controllers/users_controller.go:82.2,82.77 1 0
fp_kata/internal/datasources/file/orders_mem_storage.go:17.101,21.13 3 0
fp_kata/internal/datasources/file/orders_mem_storage.go:21.13,23.3 1 0
fp_kata/internal/datasources/file/orders_mem_storage.go:24.2,24.20 1 0
fp_kata/internal/datasources/file/orders_mem_storage.go:27.112,31.33 3 0
fp_kata/internal/datasources/file/orders_mem_storage.go:31.33,32.29 1 0
fp_kata/internal/datasources/file/orders_mem_storage.go:32.29,34.4 1 0
fp_kata/internal/datasources/file/orders_mem_storage.go:36.2,36.24 1 0
fp_kata/internal/datasources/file/orders_mem_storage.go:39.85,42.45 2 0
fp_kata/internal/datasources/file/orders_mem_storage.go:42.45,44.3 1 0
fp_kata/internal/datasources/file/orders_mem_storage.go:45.2,46.12 2 0
fp_kata/internal/datasources/file/orders_mem_storage.go:49.113,53.13 3 0
fp_kata/internal/datasources/file/orders_mem_storage.go:53.13,55.3 1 0
fp_kata/internal/datasources/file/orders_mem_storage.go:56.2,57.20 2 0
fp_kata/internal/datasources/file/orders_mem_storage.go:60.113,63.45 2 0
fp_kata/internal/datasources/file/orders_mem_storage.go:63.45,65.3 1 0
fp_kata/internal/datasources/file/orders_mem_storage.go:66.2,67.20 2 0
fp_kata/internal/datasources/file/orders_mem_storage.go:70.54,74.2 1 0
fp_kata/internal/datasources/file/users_mem_storage.go:17.52,22.2 1 0
fp_kata/internal/datasources/file/users_mem_storage.go:24.102,29.19 3 0
fp_kata/internal/datasources/file/users_mem_storage.go:29.19,31.3 1 0
fp_kata/internal/datasources/file/users_mem_storage.go:33.2,35.19 3 0
fp_kata/internal/datasources/file/users_mem_storage.go:38.88,41.13 3 0
fp_kata/internal/datasources/file/users_mem_storage.go:41.13,43.3 1 0
fp_kata/internal/datasources/file/users_mem_storage.go:44.2,44.19 1 0
fp_kata/internal/datasources/file/users_mem_storage.go:47.93,51.12 3 0
fp_kata/internal/datasources/file/users_mem_storage.go:51.12,53.3 1 0
fp_kata/internal/datasources/file/users_mem_storage.go:54.2,54.15 1 0
fp_kata/internal/datasources/file/users_mem_storage.go:57.73,60.39 2 0
fp_kata/internal/datasources/file/users_mem_storage.go:60.39,62.3 1 0
fp_kata/internal/datasources/file/users_mem_storage.go:64.2,66.16 3 0
fp_kata/internal/datasources/yugabyte/payments_mem_storage.go:18.58,20.2 1 0
fp_kata/internal/datasources/yugabyte/payments_mem_storage.go:22.108,29.2 5 0
fp_kata/internal/datasources/yugabyte/payments_mem_storage.go:31.94,34.41 2 0
fp_kata/internal/datasources/yugabyte/payments_mem_storage.go:34.41,36.3 1 0
fp_kata/internal/datasources/yugabyte/payments_mem_storage.go:37.2,37.75 1 0
fp_kata/internal/datasources/yugabyte/payments_mem_storage.go:40.108,43.43 2 0
fp_kata/internal/datasources/yugabyte/payments_mem_storage.go:43.43,46.3 2 0
fp_kata/internal/datasources/yugabyte/payments_mem_storage.go:47.2,47.77 1 0
fp_kata/internal/datasources/yugabyte/payments_mem_storage.go:50.76,53.41 2 0
fp_kata/internal/datasources/yugabyte/payments_mem_storage.go:53.41,56.3 2 0
fp_kata/internal/datasources/yugabyte/payments_mem_storage.go:57.2,57.55 1 0
fp_kata/internal/datasources/yugabyte/payments_mem_storage.go:60.109,64.37 3 0
fp_kata/internal/datasources/yugabyte/payments_mem_storage.go:64.37,65.33 1 0
fp_kata/internal/datasources/yugabyte/payments_mem_storage.go:65.33,67.4 1 0
fp_kata/internal/datasources/yugabyte/payments_mem_storage.go:71.2,71.43 1 0
fp_kata/internal/datasources/yugabyte/payments_mem_storage.go:71.43,73.3 1 0
fp_kata/internal/datasources/yugabyte/payments_mem_storage.go:74.2,74.24 1 0
fp_kata/internal/datasources/yugabyte/payments_mem_storage.go:74.24,76.3 1 0
fp_kata/internal/datasources/yugabyte/payments_mem_storage.go:77.2,77.22 1 0
fp_kata/internal/models/order.go:20.45,22.19 1 1
fp_kata/internal/models/order.go:22.19,24.3 1 1
fp_kata/internal/models/order.go:26.2,27.37 2 1
fp_kata/internal/models/order.go:27.37,29.3 1 1
fp_kata/internal/models/order.go:31.2,40.3 1 1
fp_kata/internal/models/order.go:44.44,56.2 1 1
fp_kata/internal/models/payment.go:16.48,17.37 1 1
fp_kata/internal/models/payment.go:17.37,19.3 1 1
fp_kata/internal/models/payment.go:20.2,26.3 1 1
fp_kata/internal/models/payment.go:28.82,29.33 1 1
fp_kata/internal/models/payment.go:29.33,31.3 1 1
fp_kata/internal/models/payment.go:32.2,38.3 1 1
fp_kata/internal/models/user.go:13.42,20.2 1 1
fp_kata/internal/models/user.go:21.44,29.2 1 1
fp_kata/internal/services/authentications_service.go:31.35,35.2 1 0
fp_kata/internal/services/authentications_service.go:38.96,42.18 3 0
fp_kata/internal/services/authentications_service.go:42.18,44.3 1 0
fp_kata/internal/services/authentications_service.go:46.2,54.23 6 0
fp_kata/internal/services/authentications_service.go:58.92,62.21 3 0
fp_kata/internal/services/authentications_service.go:62.21,64.3 1 0
fp_kata/internal/services/authentications_service.go:65.2,72.13 6 0
fp_kata/internal/services/authentications_service.go:72.13,74.3 1 0
fp_kata/internal/services/authentications_service.go:76.2,76.20 1 0
fp_kata/internal/services/authentications_service.go:80.39,83.2 1 0
fp_kata/internal/services/authorization_service.go:18.53,20.2 1 0
fp_kata/internal/services/authorization_service.go:22.113,25.17 2 0
fp_kata/internal/services/authorization_service.go:25.17,27.3 1 0
fp_kata/internal/services/authorization_service.go:28.2,28.23 1 0
fp_kata/internal/services/authorization_service.go:28.23,30.3 1 0
fp_kata/internal/services/authorization_service.go:31.2,31.37 1 0
fp_kata/internal/services/orders_service.go:29.150,31.2 1 0
fp_kata/internal/services/orders_service.go:35.118,39.65 2 0
fp_kata/internal/services/orders_service.go:39.65,41.3 1 0
fp_kata/internal/services/orders_service.go:43.2,45.16 2 0
fp_kata/internal/services/orders_service.go:45.16,47.3 1 0
fp_kata/internal/services/orders_service.go:51.2,52.16 2 0
fp_kata/internal/services/orders_service.go:52.16,54.3 1 0
fp_kata/internal/services/orders_service.go:57.2,58.16 2 0
fp_kata/internal/services/orders_service.go:58.16,60.3 1 0
fp_kata/internal/services/orders_service.go:60.8,62.3 1 0
fp_kata/internal/services/orders_service.go:63.2,63.16 1 0
fp_kata/internal/services/orders_service.go:63.16,65.3 1 0
fp_kata/internal/services/orders_service.go:68.2,71.22 3 0
fp_kata/internal/services/orders_service.go:75.116,78.41 2 0
fp_kata/internal/services/orders_service.go:78.41,81.17 3 0
fp_kata/internal/services/orders_service.go:81.17,83.4 1 0
fp_kata/internal/services/orders_service.go:84.3,85.36 2 0
fp_kata/internal/services/orders_service.go:88.2,88.28 1 0
fp_kata/internal/services/orders_service.go:91.104,94.17 2 0
fp_kata/internal/services/orders_service.go:94.17,96.3 1 0
fp_kata/internal/services/orders_service.go:98.2,99.16 2 0
fp_kata/internal/services/orders_service.go:99.16,101.3 1 0
fp_kata/internal/services/orders_service.go:103.2,104.16 2 0
fp_kata/internal/services/orders_service.go:104.16,106.3 1 0
fp_kata/internal/services/orders_service.go:108.2,108.19 1 0
fp_kata/internal/services/orders_service.go:111.99,114.17 2 0
fp_kata/internal/services/orders_service.go:114.17,116.3 1 0
fp_kata/internal/services/orders_service.go:117.2,118.16 2 0
fp_kata/internal/services/orders_service.go:118.16,120.3 1 0
fp_kata/internal/services/orders_service.go:122.2,123.35 2 0
fp_kata/internal/services/orders_service.go:123.35,125.17 2 0
fp_kata/internal/services/orders_service.go:125.17,127.4 1 0
fp_kata/internal/services/orders_service.go:128.3,128.33 1 0
fp_kata/internal/services/orders_service.go:131.2,131.20 1 0
fp_kata/internal/services/orders_service.go:134.148,137.17 2 0
fp_kata/internal/services/orders_service.go:137.17,139.3 1 0
fp_kata/internal/services/orders_service.go:140.2,141.16 2 0
fp_kata/internal/services/orders_service.go:141.16,143.3 1 0
fp_kata/internal/services/orders_service.go:145.2,146.38 2 0
fp_kata/internal/services/orders_service.go:146.38,148.20 2 0
fp_kata/internal/services/orders_service.go:148.20,150.18 2 0
fp_kata/internal/services/orders_service.go:150.18,152.5 1 0
fp_kata/internal/services/orders_service.go:153.4,153.50 1 0
fp_kata/internal/services/orders_service.go:157.2,157.28 1 0
fp_kata/internal/services/orders_service.go:160.130,166.16 3 0
fp_kata/internal/services/orders_service.go:166.16,168.3 1 0
fp_kata/internal/services/orders_service.go:169.2,169.19 1 0
fp_kata/internal/services/orders_service.go:172.121,176.16 2 0
fp_kata/internal/services/orders_service.go:176.16,178.3 1 0
fp_kata/internal/services/orders_service.go:179.2,179.19 1 0
fp_kata/internal/services/orders_service.go:179.19,181.3 1 0
fp_kata/internal/services/orders_service.go:184.2,185.16 2 0
fp_kata/internal/services/orders_service.go:185.16,187.3 1 0
fp_kata/internal/services/orders_service.go:190.2,191.16 2 0
fp_kata/internal/services/orders_service.go:191.16,193.3 1 0
fp_kata/internal/services/orders_service.go:195.2,195.19 1 0
fp_kata/internal/services/orders_service.go:198.108,202.16 3 0
fp_kata/internal/services/orders_service.go:202.16,204.3 1 0
fp_kata/internal/services/orders_service.go:205.2,206.19 2 0
fp_kata/internal/services/orders_service.go:209.104,214.17 3 0
fp_kata/internal/services/orders_service.go:214.17,216.3 1 0
fp_kata/internal/services/orders_service.go:217.2,218.19 2 0
fp_kata/internal/services/payments_service.go:23.81,25.2 1 0
fp_kata/internal/services/payments_service.go:27.116,32.21 4 0
fp_kata/internal/services/payments_service.go:32.21,34.3 1 0
fp_kata/internal/services/payments_service.go:34.8,36.3 1 0
fp_kata/internal/services/payments_service.go:37.2,37.16 1 0
fp_kata/internal/services/payments_service.go:37.16,39.3 1 0
fp_kata/internal/services/payments_service.go:40.2,41.28 2 0
fp_kata/internal/services/payments_service.go:44.102,48.16 3 0
fp_kata/internal/services/payments_service.go:48.16,50.3 1 0
fp_kata/internal/services/payments_service.go:51.2,52.21 2 0
fp_kata/internal/services/payments_service.go:55.113,59.16 3 0
fp_kata/internal/services/payments_service.go:59.16,61.3 1 0
fp_kata/internal/services/payments_service.go:62.2,63.39 2 0
fp_kata/internal/services/payments_service.go:63.39,65.3 1 0
fp_kata/internal/services/payments_service.go:66.2,66.22 1 0
fp_kata/internal/services/users_service.go:23.97,28.2 1 0
fp_kata/internal/services/users_service.go:30.88,34.13 3 0
fp_kata/internal/services/users_service.go:34.13,36.3 1 0
fp_kata/internal/services/users_service.go:37.2,38.18 2 0
fp_kata/internal/services/users_service.go:41.93,46.14 4 0
fp_kata/internal/services/users_service.go:46.14,48.3 1 0
fp_kata/internal/services/users_service.go:49.2,51.16 3 0
fp_kata/internal/services/users_service.go:51.16,53.3 1 0
fp_kata/internal/services/users_service.go:55.2,55.25 1 0
fp_kata/pkg/log/logger.go:17.19,19.2 1 0
fp_kata/pkg/log/logger.go:21.52,23.2 1 0
fp_kata/pkg/log/logger.go:25.60,27.2 1 0
fp_kata/pkg/log/logger.go:29.53,31.2 1 0
fp_kata/pkg/log/logger.go:33.67,35.2 1 0
fp_kata/pkg/transports/order.go:28.81,31.51 2 0
fp_kata/pkg/transports/order.go:31.51,34.3 2 0
fp_kata/pkg/transports/order.go:36.2,44.3 1 0
fp_kata/pkg/transports/order.go:48.60,52.23 2 0
fp_kata/pkg/transports/order.go:52.23,54.3 1 0
fp_kata/pkg/transports/order.go:56.2,65.3 1 0
fp_kata/pkg/transports/order.go:69.69,71.35 2 0
fp_kata/pkg/transports/order.go:71.35,73.3 1 0
fp_kata/pkg/transports/order.go:74.2,74.25 1 0
fp_kata/pkg/transports/payment.go:14.68,20.2 1 0
fp_kata/pkg/transports/payment.go:27.69,33.2 1 0
fp_kata/pkg/transports/user.go:26.52,28.41 1 0
fp_kata/pkg/transports/user.go:28.41,30.3 1 0
fp_kata/pkg/transports/user.go:32.2,36.3 1 0
fp_kata/pkg/transports/user.go:39.68,40.51 1 0
fp_kata/pkg/transports/user.go:40.51,42.21 2 0
fp_kata/pkg/transports/user.go:42.21,44.4 1 0
fp_kata/pkg/transports/user.go:44.9,47.4 2 0
fp_kata/pkg/transports/user.go:48.8,51.3 2 0
fp_kata/pkg/transports/user.go:52.2,52.17 1 0
fp_kata/pkg/transports/user.go:55.56,62.2 1 0
fp_kata/common/middleware/auth-middleware.go:10.104,11.35 1 0
fp_kata/common/middleware/auth-middleware.go:11.35,16.23 4 0
fp_kata/common/middleware/auth-middleware.go:16.23,20.4 1 0
fp_kata/common/middleware/auth-middleware.go:23.3,27.17 3 0
fp_kata/common/middleware/auth-middleware.go:27.17,32.4 2 0
fp_kata/common/middleware/auth-middleware.go:34.3,35.17 2 0
fp_kata/common/middleware/auth-middleware.go:35.17,40.4 2 0
fp_kata/common/middleware/auth-middleware.go:41.3,49.20 5 0
fp_kata/common/middleware/logging-middleware.go:12.62,13.33 1 0
fp_kata/common/middleware/logging-middleware.go:13.33,31.3 7 0
fp_kata/common/utils/utils.go:9.26,11.2 1 0
fp_kata/common/utils/utils.go:13.65,15.2 1 1
fp_kata/internal/app/app.go:11.27,26.2 8 0
fp_kata/internal/app/wire_gen.go:22.41,36.2 13 0
fp_kata/internal/app/wire_gen.go:54.15,60.2 1 0
fp_kata/internal/controllers/orders_controller.go:23.80,27.2 1 0
fp_kata/internal/controllers/orders_controller.go:29.94,33.2 3 0
fp_kata/internal/controllers/orders_controller.go:35.61,45.54 7 0
fp_kata/internal/controllers/orders_controller.go:45.54,49.3 1 0
fp_kata/internal/controllers/orders_controller.go:51.2,52.54 2 0
fp_kata/internal/controllers/orders_controller.go:52.54,57.3 1 0
fp_kata/internal/controllers/orders_controller.go:59.2,62.16 3 0
fp_kata/internal/controllers/orders_controller.go:62.16,66.3 1 0
fp_kata/internal/controllers/orders_controller.go:68.2,69.60 2 0
fp_kata/internal/controllers/orders_controller.go:73.66,86.17 9 0
fp_kata/internal/controllers/orders_controller.go:86.17,88.17 2 0
fp_kata/internal/controllers/orders_controller.go:88.17,90.4 1 0
fp_kata/internal/controllers/orders_controller.go:92.3,92.44 1 0
fp_kata/internal/controllers/orders_controller.go:92.44,94.4 1 0
fp_kata/internal/controllers/orders_controller.go:96.3,97.17 2 0
fp_kata/internal/controllers/orders_controller.go:97.17,99.4 1 0
fp_kata/internal/controllers/orders_controller.go:100.8,103.17 3 0
fp_kata/internal/controllers/orders_controller.go:103.17,105.4 1 0
fp_kata/internal/controllers/orders_controller.go:108.2,109.31 2 0
fp_kata/internal/controllers/orders_controller.go:109.31,111.3 1 0
fp_kata/internal/controllers/orders_controller.go:112.2,112.63 1 0
fp_kata/internal/controllers/orders_controller.go:117.65,126.16 7 0
fp_kata/internal/controllers/orders_controller.go:126.16,128.3 1 0
fp_kata/internal/controllers/orders_controller.go:130.2,137.16 6 0
fp_kata/internal/controllers/orders_controller.go:137.16,139.3 1 0
fp_kata/internal/controllers/orders_controller.go:141.2,143.62 2 0
fp_kata/internal/controllers/users_controller.go:20.76,22.2 1 0
fp_kata/internal/controllers/users_controller.go:25.92,28.2 2 0
fp_kata/internal/controllers/users_controller.go:31.55,39.53 5 0
fp_kata/internal/controllers/users_controller.go:39.53,43.3 1 0
fp_kata/internal/controllers/users_controller.go:45.2,46.17 2 0
fp_kata/internal/controllers/users_controller.go:46.17,50.3 1 0
fp_kata/internal/controllers/users_controller.go:52.2,53.16 2 0
fp_kata/internal/controllers/users_controller.go:53.16,57.3 1 0
fp_kata/internal/controllers/users_controller.go:58.2,58.85 1 0
fp_kata/internal/controllers/users_controller.go:62.56,68.24 5 0
fp_kata/internal/controllers/users_controller.go:68.24,72.3 1 0
fp_kata/internal/controllers/users_controller.go:73.2,76.16 3 0
fp_kata/internal/controllers/users_controller.go:76.16,80.3 1 0
fp_kata/internal/controllers/users_controller.go:82.2,82.77 1 0
fp_kata/internal/datasources/file/orders_mem_storage.go:17.101,21.13 3 1
fp_kata/internal/datasources/file/orders_mem_storage.go:21.13,23.3 1 1
fp_kata/internal/datasources/file/orders_mem_storage.go:24.2,24.20 1 1
fp_kata/internal/datasources/file/orders_mem_storage.go:27.112,31.33 3 1
fp_kata/internal/datasources/file/orders_mem_storage.go:31.33,32.29 1 1
fp_kata/internal/datasources/file/orders_mem_storage.go:32.29,34.4 1 1
fp_kata/internal/datasources/file/orders_mem_storage.go:36.2,36.24 1 1
fp_kata/internal/datasources/file/orders_mem_storage.go:39.85,42.45 2 1
fp_kata/internal/datasources/file/orders_mem_storage.go:42.45,44.3 1 1
fp_kata/internal/datasources/file/orders_mem_storage.go:45.2,46.12 2 1
fp_kata/internal/datasources/file/orders_mem_storage.go:49.113,53.13 3 1
fp_kata/internal/datasources/file/orders_mem_storage.go:53.13,55.3 1 1
fp_kata/internal/datasources/file/orders_mem_storage.go:56.2,57.20 2 1
fp_kata/internal/datasources/file/orders_mem_storage.go:60.113,63.45 2 1
fp_kata/internal/datasources/file/orders_mem_storage.go:63.45,65.3 1 1
fp_kata/internal/datasources/file/orders_mem_storage.go:66.2,67.20 2 1
fp_kata/internal/datasources/file/orders_mem_storage.go:70.54,74.2 1 1
fp_kata/internal/datasources/file/users_mem_storage.go:17.52,22.2 1 1
fp_kata/internal/datasources/file/users_mem_storage.go:24.102,29.19 3 1
fp_kata/internal/datasources/file/users_mem_storage.go:29.19,31.3 1 1
fp_kata/internal/datasources/file/users_mem_storage.go:33.2,35.19 3 1
fp_kata/internal/datasources/file/users_mem_storage.go:38.88,41.13 3 1
fp_kata/internal/datasources/file/users_mem_storage.go:41.13,43.3 1 1
fp_kata/internal/datasources/file/users_mem_storage.go:44.2,44.19 1 1
fp_kata/internal/datasources/file/users_mem_storage.go:47.93,51.12 3 1
fp_kata/internal/datasources/file/users_mem_storage.go:51.12,53.3 1 1
fp_kata/internal/datasources/file/users_mem_storage.go:54.2,54.15 1 1
fp_kata/internal/datasources/file/users_mem_storage.go:57.73,60.39 2 1
fp_kata/internal/datasources/file/users_mem_storage.go:60.39,62.3 1 1
fp_kata/internal/datasources/file/users_mem_storage.go:64.2,66.16 3 1
fp_kata/internal/datasources/yugabyte/payments_mem_storage.go:18.58,20.2 1 0
fp_kata/internal/datasources/yugabyte/payments_mem_storage.go:22.108,29.2 5 0
fp_kata/internal/datasources/yugabyte/payments_mem_storage.go:31.94,34.41 2 0
fp_kata/internal/datasources/yugabyte/payments_mem_storage.go:34.41,36.3 1 0
fp_kata/internal/datasources/yugabyte/payments_mem_storage.go:37.2,37.75 1 0
fp_kata/internal/datasources/yugabyte/payments_mem_storage.go:40.108,43.43 2 0
fp_kata/internal/datasources/yugabyte/payments_mem_storage.go:43.43,46.3 2 0
fp_kata/internal/datasources/yugabyte/payments_mem_storage.go:47.2,47.77 1 0
fp_kata/internal/datasources/yugabyte/payments_mem_storage.go:50.76,53.41 2 0
fp_kata/internal/datasources/yugabyte/payments_mem_storage.go:53.41,56.3 2 0
fp_kata/internal/datasources/yugabyte/payments_mem_storage.go:57.2,57.55 1 0
fp_kata/internal/datasources/yugabyte/payments_mem_storage.go:60.109,64.37 3 0
fp_kata/internal/datasources/yugabyte/payments_mem_storage.go:64.37,65.33 1 0
fp_kata/internal/datasources/yugabyte/payments_mem_storage.go:65.33,67.4 1 0
fp_kata/internal/datasources/yugabyte/payments_mem_storage.go:71.2,71.43 1 0
fp_kata/internal/datasources/yugabyte/payments_mem_storage.go:71.43,73.3 1 0
fp_kata/internal/datasources/yugabyte/payments_mem_storage.go:74.2,74.24 1 0
fp_kata/internal/datasources/yugabyte/payments_mem_storage.go:74.24,76.3 1 0
fp_kata/internal/datasources/yugabyte/payments_mem_storage.go:77.2,77.22 1 0
fp_kata/internal/models/order.go:20.45,22.19 1 0
fp_kata/internal/models/order.go:22.19,24.3 1 0
fp_kata/internal/models/order.go:26.2,27.37 2 0
fp_kata/internal/models/order.go:27.37,29.3 1 0
fp_kata/internal/models/order.go:31.2,40.3 1 0
fp_kata/internal/models/order.go:44.44,56.2 1 0
fp_kata/internal/models/payment.go:16.48,17.37 1 0
fp_kata/internal/models/payment.go:17.37,19.3 1 0
fp_kata/internal/models/payment.go:20.2,26.3 1 0
fp_kata/internal/models/payment.go:28.82,29.33 1 0
fp_kata/internal/models/payment.go:29.33,31.3 1 0
fp_kata/internal/models/payment.go:32.2,38.3 1 0
fp_kata/internal/models/user.go:13.42,20.2 1 0
fp_kata/internal/models/user.go:21.44,29.2 1 0
fp_kata/internal/services/authentications_service.go:31.35,35.2 1 0
fp_kata/internal/services/authentications_service.go:38.96,42.18 3 0
fp_kata/internal/services/authentications_service.go:42.18,44.3 1 0
fp_kata/internal/services/authentications_service.go:46.2,54.23 6 0
fp_kata/internal/services/authentications_service.go:58.92,62.21 3 0
fp_kata/internal/services/authentications_service.go:62.21,64.3 1 0
fp_kata/internal/services/authentications_service.go:65.2,72.13 6 0
fp_kata/internal/services/authentications_service.go:72.13,74.3 1 0
fp_kata/internal/services/authentications_service.go:76.2,76.20 1 0
fp_kata/internal/services/authentications_service.go:80.39,83.2 1 0
fp_kata/internal/services/authorization_service.go:18.53,20.2 1 0
fp_kata/internal/services/authorization_service.go:22.113,25.17 2 0
fp_kata/internal/services/authorization_service.go:25.17,27.3 1 0
fp_kata/internal/services/authorization_service.go:28.2,28.23 1 0
fp_kata/internal/services/authorization_service.go:28.23,30.3 1 0
fp_kata/internal/services/authorization_service.go:31.2,31.37 1 0
fp_kata/internal/services/orders_service.go:29.150,31.2 1 0
fp_kata/internal/services/orders_service.go:35.118,39.65 2 0
fp_kata/internal/services/orders_service.go:39.65,41.3 1 0
fp_kata/internal/services/orders_service.go:43.2,45.16 2 0
fp_kata/internal/services/orders_service.go:45.16,47.3 1 0
fp_kata/internal/services/orders_service.go:51.2,52.16 2 0
fp_kata/internal/services/orders_service.go:52.16,54.3 1 0
fp_kata/internal/services/orders_service.go:57.2,58.16 2 0
fp_kata/internal/services/orders_service.go:58.16,60.3 1 0
fp_kata/internal/services/orders_service.go:60.8,62.3 1 0
fp_kata/internal/services/orders_service.go:63.2,63.16 1 0
fp_kata/internal/services/orders_service.go:63.16,65.3 1 0
fp_kata/internal/services/orders_service.go:68.2,71.22 3 0
fp_kata/internal/services/orders_service.go:75.116,78.41 2 0
fp_kata/internal/services/orders_service.go:78.41,81.17 3 0
fp_kata/internal/services/orders_service.go:81.17,83.4 1 0
fp_kata/internal/services/orders_service.go:84.3,85.36 2 0
fp_kata/internal/services/orders_service.go:88.2,88.28 1 0
fp_kata/internal/services/orders_service.go:91.104,94.17 2 0
fp_kata/internal/services/orders_service.go:94.17,96.3 1 0
fp_kata/internal/services/orders_service.go:98.2,99.16 2 0
fp_kata/internal/services/orders_service.go:99.16,101.3 1 0
fp_kata/internal/services/orders_service.go:103.2,104.16 2 0
fp_kata/internal/services/orders_service.go:104.16,106.3 1 0
fp_kata/internal/services/orders_service.go:108.2,108.19 1 0
fp_kata/internal/services/orders_service.go:111.99,114.17 2 0
fp_kata/internal/services/orders_service.go:114.17,116.3 1 0
fp_kata/internal/services/orders_service.go:117.2,118.16 2 0
fp_kata/internal/services/orders_service.go:118.16,120.3 1 0
fp_kata/internal/services/orders_service.go:122.2,123.35 2 0
fp_kata/internal/services/orders_service.go:123.35,125.17 2 0
fp_kata/internal/services/orders_service.go:125.17,127.4 1 0
fp_kata/internal/services/orders_service.go:128.3,128.33 1 0
fp_kata/internal/services/orders_service.go:131.2,131.20 1 0
fp_kata/internal/services/orders_service.go:134.148,137.17 2 0
fp_kata/internal/services/orders_service.go:137.17,139.3 1 0
fp_kata/internal/services/orders_service.go:140.2,141.16 2 0
fp_kata/internal/services/orders_service.go:141.16,143.3 1 0
fp_kata/internal/services/orders_service.go:145.2,146.38 2 0
fp_kata/internal/services/orders_service.go:146.38,148.20 2 0
fp_kata/internal/services/orders_service.go:148.20,150.18 2 0
fp_kata/internal/services/orders_service.go:150.18,152.5 1 0
fp_kata/internal/services/orders_service.go:153.4,153.50 1 0
fp_kata/internal/services/orders_service.go:157.2,157.28 1 0
fp_kata/internal/services/orders_service.go:160.130,166.16 3 0
fp_kata/internal/services/orders_service.go:166.16,168.3 1 0
fp_kata/internal/services/orders_service.go:169.2,169.19 1 0
fp_kata/internal/services/orders_service.go:172.121,176.16 2 0
fp_kata/internal/services/orders_service.go:176.16,178.3 1 0
fp_kata/internal/services/orders_service.go:179.2,179.19 1 0
fp_kata/internal/services/orders_service.go:179.19,181.3 1 0
fp_kata/internal/services/orders_service.go:184.2,185.16 2 0
fp_kata/internal/services/orders_service.go:185.16,187.3 1 0
fp_kata/internal/services/orders_service.go:190.2,191.16 2 0
fp_kata/internal/services/orders_service.go:191.16,193.3 1 0
fp_kata/internal/services/orders_service.go:195.2,195.19 1 0
fp_kata/internal/services/orders_service.go:198.108,202.16 3 0
fp_kata/internal/services/orders_service.go:202.16,204.3 1 0
fp_kata/internal/services/orders_service.go:205.2,206.19 2 0
fp_kata/internal/services/orders_service.go:209.104,214.17 3 0
fp_kata/internal/services/orders_service.go:214.17,216.3 1 0
fp_kata/internal/services/orders_service.go:217.2,218.19 2 0
fp_kata/internal/services/payments_service.go:23.81,25.2 1 0
fp_kata/internal/services/payments_service.go:27.116,32.21 4 0
fp_kata/internal/services/payments_service.go:32.21,34.3 1 0
fp_kata/internal/services/payments_service.go:34.8,36.3 1 0
fp_kata/internal/services/payments_service.go:37.2,37.16 1 0
fp_kata/internal/services/payments_service.go:37.16,39.3 1 0
fp_kata/internal/services/payments_service.go:40.2,41.28 2 0
fp_kata/internal/services/payments_service.go:44.102,48.16 3 0
fp_kata/internal/services/payments_service.go:48.16,50.3 1 0
fp_kata/internal/services/payments_service.go:51.2,52.21 2 0
fp_kata/internal/services/payments_service.go:55.113,59.16 3 0
fp_kata/internal/services/payments_service.go:59.16,61.3 1 0
fp_kata/internal/services/payments_service.go:62.2,63.39 2 0
fp_kata/internal/services/payments_service.go:63.39,65.3 1 0
fp_kata/internal/services/payments_service.go:66.2,66.22 1 0
fp_kata/internal/services/users_service.go:23.97,28.2 1 0
fp_kata/internal/services/users_service.go:30.88,34.13 3 0
fp_kata/internal/services/users_service.go:34.13,36.3 1 0
fp_kata/internal/services/users_service.go:37.2,38.18 2 0
fp_kata/internal/services/users_service.go:41.93,46.14 4 0
fp_kata/internal/services/users_service.go:46.14,48.3 1 0
fp_kata/internal/services/users_service.go:49.2,51.16 3 0
fp_kata/internal/services/users_service.go:51.16,53.3 1 0
fp_kata/internal/services/users_service.go:55.2,55.25 1 0
fp_kata/pkg/log/logger.go:17.19,19.2 1 1
fp_kata/pkg/log/logger.go:21.52,23.2 1 0
fp_kata/pkg/log/logger.go:25.60,27.2 1 0
fp_kata/pkg/log/logger.go:29.53,31.2 1 1
fp_kata/pkg/log/logger.go:33.67,35.2 1 1
fp_kata/pkg/transports/order.go:28.81,31.51 2 0
fp_kata/pkg/transports/order.go:31.51,34.3 2 0
fp_kata/pkg/transports/order.go:36.2,44.3 1 0
fp_kata/pkg/transports/order.go:48.60,52.23 2 0
fp_kata/pkg/transports/order.go:52.23,54.3 1 0
fp_kata/pkg/transports/order.go:56.2,65.3 1 0
fp_kata/pkg/transports/order.go:69.69,71.35 2 0
fp_kata/pkg/transports/order.go:71.35,73.3 1 0
fp_kata/pkg/transports/order.go:74.2,74.25 1 0
fp_kata/pkg/transports/payment.go:14.68,20.2 1 0
fp_kata/pkg/transports/payment.go:27.69,33.2 1 0
fp_kata/pkg/transports/user.go:26.52,28.41 1 0
fp_kata/pkg/transports/user.go:28.41,30.3 1 0
fp_kata/pkg/transports/user.go:32.2,36.3 1 0
fp_kata/pkg/transports/user.go:39.68,40.51 1 0
fp_kata/pkg/transports/user.go:40.51,42.21 2 0
fp_kata/pkg/transports/user.go:42.21,44.4 1 0
fp_kata/pkg/transports/user.go:44.9,47.4 2 0
fp_kata/pkg/transports/user.go:48.8,51.3 2 0
fp_kata/pkg/transports/user.go:52.2,52.17 1 0
fp_kata/pkg/transports/user.go:55.56,62.2 1 0
fp_kata/common/middleware/auth-middleware.go:10.104,11.35 1 0
fp_kata/common/middleware/auth-middleware.go:11.35,16.23 4 0
fp_kata/common/middleware/auth-middleware.go:16.23,20.4 1 0
fp_kata/common/middleware/auth-middleware.go:23.3,27.17 3 0
fp_kata/common/middleware/auth-middleware.go:27.17,32.4 2 0
fp_kata/common/middleware/auth-middleware.go:34.3,35.17 2 0
fp_kata/common/middleware/auth-middleware.go:35.17,40.4 2 0
fp_kata/common/middleware/auth-middleware.go:41.3,49.20 5 0
fp_kata/common/middleware/logging-middleware.go:12.62,13.33 1 0
fp_kata/common/middleware/logging-middleware.go:13.33,31.3 7 0
fp_kata/common/utils/utils.go:9.26,11.2 1 0
fp_kata/common/utils/utils.go:13.65,15.2 1 1
fp_kata/internal/app/app.go:11.27,26.2 8 0
fp_kata/internal/app/wire_gen.go:22.41,36.2 13 0
fp_kata/internal/app/wire_gen.go:54.15,60.2 1 0
fp_kata/internal/controllers/orders_controller.go:23.80,27.2 1 0
fp_kata/internal/controllers/orders_controller.go:29.94,33.2 3 0
fp_kata/internal/controllers/orders_controller.go:35.61,45.54 7 0
fp_kata/internal/controllers/orders_controller.go:45.54,49.3 1 0
fp_kata/internal/controllers/orders_controller.go:51.2,52.54 2 0
fp_kata/internal/controllers/orders_controller.go:52.54,57.3 1 0
fp_kata/internal/controllers/orders_controller.go:59.2,62.16 3 0
fp_kata/internal/controllers/orders_controller.go:62.16,66.3 1 0
fp_kata/internal/controllers/orders_controller.go:68.2,69.60 2 0
fp_kata/internal/controllers/orders_controller.go:73.66,86.17 9 0
fp_kata/internal/controllers/orders_controller.go:86.17,88.17 2 0
fp_kata/internal/controllers/orders_controller.go:88.17,90.4 1 0
fp_kata/internal/controllers/orders_controller.go:92.3,92.44 1 0
fp_kata/internal/controllers/orders_controller.go:92.44,94.4 1 0
fp_kata/internal/controllers/orders_controller.go:96.3,97.17 2 0
fp_kata/internal/controllers/orders_controller.go:97.17,99.4 1 0
fp_kata/internal/controllers/orders_controller.go:100.8,103.17 3 0
fp_kata/internal/controllers/orders_controller.go:103.17,105.4 1 0
fp_kata/internal/controllers/orders_controller.go:108.2,109.31 2 0
fp_kata/internal/controllers/orders_controller.go:109.31,111.3 1 0
fp_kata/internal/controllers/orders_controller.go:112.2,112.63 1 0
fp_kata/internal/controllers/orders_controller.go:117.65,126.16 7 0
fp_kata/internal/controllers/orders_controller.go:126.16,128.3 1 0
fp_kata/internal/controllers/orders_controller.go:130.2,137.16 6 0
fp_kata/internal/controllers/orders_controller.go:137.16,139.3 1 0
fp_kata/internal/controllers/orders_controller.go:141.2,143.62 2 0
fp_kata/internal/controllers/users_controller.go:20.76,22.2 1 0
fp_kata/internal/controllers/users_controller.go:25.92,28.2 2 0
fp_kata/internal/controllers/users_controller.go:31.55,39.53 5 0
fp_kata/internal/controllers/users_controller.go:39.53,43.3 1 0
fp_kata/internal/controllers/users_controller.go:45.2,46.17 2 0
fp_kata/internal/controllers/users_controller.go:46.17,50.3 1 0
fp_kata/internal/controllers/users_controller.go:52.2,53.16 2 0
fp_kata/internal/controllers/users_controller.go:53.16,57.3 1 0
fp_kata/internal/controllers/users_controller.go:58.2,58.85 1 0
fp_kata/internal/controllers/users_controller.go:62.56,68.24 5 0
fp_kata/internal/controllers/users_controller.go:68.24,72.3 1 0
fp_kata/internal/controllers/users_controller.go:73.2,76.16 3 0
fp_kata/internal/controllers/users_controller.go:76.16,80.3 1 0
fp_kata/internal/controllers/users_controller.go:82.2,82.77 1 0
fp_kata/internal/datasources/file/orders_mem_storage.go:17.101,21.13 3 0
fp_kata/internal/datasources/file/orders_mem_storage.go:21.13,23.3 1 0
fp_kata/internal/datasources/file/orders_mem_storage.go:24.2,24.20 1 0
fp_kata/internal/datasources/file/orders_mem_storage.go:27.112,31.33 3 0
fp_kata/internal/datasources/file/orders_mem_storage.go:31.33,32.29 1 0
fp_kata/internal/datasources/file/orders_mem_storage.go:32.29,34.4 1 0
fp_kata/internal/datasources/file/orders_mem_storage.go:36.2,36.24 1 0
fp_kata/internal/datasources/file/orders_mem_storage.go:39.85,42.45 2 0
fp_kata/internal/datasources/file/orders_mem_storage.go:42.45,44.3 1 0
fp_kata/internal/datasources/file/orders_mem_storage.go:45.2,46.12 2 0
fp_kata/internal/datasources/file/orders_mem_storage.go:49.113,53.13 3 0
fp_kata/internal/datasources/file/orders_mem_storage.go:53.13,55.3 1 0
fp_kata/internal/datasources/file/orders_mem_storage.go:56.2,57.20 2 0
fp_kata/internal/datasources/file/orders_mem_storage.go:60.113,63.45 2 0
fp_kata/internal/datasources/file/orders_mem_storage.go:63.45,65.3 1 0
fp_kata/internal/datasources/file/orders_mem_storage.go:66.2,67.20 2 0
fp_kata/internal/datasources/file/orders_mem_storage.go:70.54,74.2 1 0
fp_kata/internal/datasources/file/users_mem_storage.go:17.52,22.2 1 0
fp_kata/internal/datasources/file/users_mem_storage.go:24.102,29.19 3 0
fp_kata/internal/datasources/file/users_mem_storage.go:29.19,31.3 1 0
fp_kata/internal/datasources/file/users_mem_storage.go:33.2,35.19 3 0
fp_kata/internal/datasources/file/users_mem_storage.go:38.88,41.13 3 0
fp_kata/internal/datasources/file/users_mem_storage.go:41.13,43.3 1 0
fp_kata/internal/datasources/file/users_mem_storage.go:44.2,44.19 1 0
fp_kata/internal/datasources/file/users_mem_storage.go:47.93,51.12 3 0
fp_kata/internal/datasources/file/users_mem_storage.go:51.12,53.3 1 0
fp_kata/internal/datasources/file/users_mem_storage.go:54.2,54.15 1 0
fp_kata/internal/datasources/file/users_mem_storage.go:57.73,60.39 2 0
fp_kata/internal/datasources/file/users_mem_storage.go:60.39,62.3 1 0
fp_kata/internal/datasources/file/users_mem_storage.go:64.2,66.16 3 0
fp_kata/internal/datasources/yugabyte/payments_mem_storage.go:18.58,20.2 1 1
fp_kata/internal/datasources/yugabyte/payments_mem_storage.go:22.108,29.2 5 1
fp_kata/internal/datasources/yugabyte/payments_mem_storage.go:31.94,34.41 2 1
fp_kata/internal/datasources/yugabyte/payments_mem_storage.go:34.41,36.3 1 1
fp_kata/internal/datasources/yugabyte/payments_mem_storage.go:37.2,37.75 1 1
fp_kata/internal/datasources/yugabyte/payments_mem_storage.go:40.108,43.43 2 1
fp_kata/internal/datasources/yugabyte/payments_mem_storage.go:43.43,46.3 2 1
fp_kata/internal/datasources/yugabyte/payments_mem_storage.go:47.2,47.77 1 1
fp_kata/internal/datasources/yugabyte/payments_mem_storage.go:50.76,53.41 2 1
fp_kata/internal/datasources/yugabyte/payments_mem_storage.go:53.41,56.3 2 1
fp_kata/internal/datasources/yugabyte/payments_mem_storage.go:57.2,57.55 1 1
fp_kata/internal/datasources/yugabyte/payments_mem_storage.go:60.109,64.37 3 1
fp_kata/internal/datasources/yugabyte/payments_mem_storage.go:64.37,65.33 1 1
fp_kata/internal/datasources/yugabyte/payments_mem_storage.go:65.33,67.4 1 1
fp_kata/internal/datasources/yugabyte/payments_mem_storage.go:71.2,71.43 1 1
fp_kata/internal/datasources/yugabyte/payments_mem_storage.go:71.43,73.3 1 1
fp_kata/internal/datasources/yugabyte/payments_mem_storage.go:74.2,74.24 1 1
fp_kata/internal/datasources/yugabyte/payments_mem_storage.go:74.24,76.3 1 1
fp_kata/internal/datasources/yugabyte/payments_mem_storage.go:77.2,77.22 1 1
fp_kata/internal/models/order.go:20.45,22.19 1 0
fp_kata/internal/models/order.go:22.19,24.3 1 0
fp_kata/internal/models/order.go:26.2,27.37 2 0
fp_kata/internal/models/order.go:27.37,29.3 1 0
fp_kata/internal/models/order.go:31.2,40.3 1 0
fp_kata/internal/models/order.go:44.44,56.2 1 0
fp_kata/internal/models/payment.go:16.48,17.37 1 0
fp_kata/internal/models/payment.go:17.37,19.3 1 0
fp_kata/internal/models/payment.go:20.2,26.3 1 0
fp_kata/internal/models/payment.go:28.82,29.33 1 0
fp_kata/internal/models/payment.go:29.33,31.3 1 0
fp_kata/internal/models/payment.go:32.2,38.3 1 0
fp_kata/internal/models/user.go:13.42,20.2 1 0
fp_kata/internal/models/user.go:21.44,29.2 1 0
fp_kata/internal/services/authentications_service.go:31.35,35.2 1 0
fp_kata/internal/services/authentications_service.go:38.96,42.18 3 0
fp_kata/internal/services/authentications_service.go:42.18,44.3 1 0
fp_kata/internal/services/authentications_service.go:46.2,54.23 6 0
fp_kata/internal/services/authentications_service.go:58.92,62.21 3 0
fp_kata/internal/services/authentications_service.go:62.21,64.3 1 0
fp_kata/internal/services/authentications_service.go:65.2,72.13 6 0
fp_kata/internal/services/authentications_service.go:72.13,74.3 1 0
fp_kata/internal/services/authentications_service.go:76.2,76.20 1 0
fp_kata/internal/services/authentications_service.go:80.39,83.2 1 0
fp_kata/internal/services/authorization_service.go:18.53,20.2 1 0
fp_kata/internal/services/authorization_service.go:22.113,25.17 2 0
fp_kata/internal/services/authorization_service.go:25.17,27.3 1 0
fp_kata/internal/services/authorization_service.go:28.2,28.23 1 0
fp_kata/internal/services/authorization_service.go:28.23,30.3 1 0
fp_kata/internal/services/authorization_service.go:31.2,31.37 1 0
fp_kata/internal/services/orders_service.go:29.150,31.2 1 0
fp_kata/internal/services/orders_service.go:35.118,39.65 2 0
fp_kata/internal/services/orders_service.go:39.65,41.3 1 0
fp_kata/internal/services/orders_service.go:43.2,45.16 2 0
fp_kata/internal/services/orders_service.go:45.16,47.3 1 0
fp_kata/internal/services/orders_service.go:51.2,52.16 2 0
fp_kata/internal/services/orders_service.go:52.16,54.3 1 0
fp_kata/internal/services/orders_service.go:57.2,58.16 2 0
fp_kata/internal/services/orders_service.go:58.16,60.3 1 0
fp_kata/internal/services/orders_service.go:60.8,62.3 1 0
fp_kata/internal/services/orders_service.go:63.2,63.16 1 0
fp_kata/internal/services/orders_service.go:63.16,65.3 1 0
fp_kata/internal/services/orders_service.go:68.2,71.22 3 0
fp_kata/internal/services/orders_service.go:75.116,78.41 2 0
fp_kata/internal/services/orders_service.go:78.41,81.17 3 0
fp_kata/internal/services/orders_service.go:81.17,83.4 1 0
fp_kata/internal/services/orders_service.go:84.3,85.36 2 0
fp_kata/internal/services/orders_service.go:88.2,88.28 1 0
fp_kata/internal/services/orders_service.go:91.104,94.17 2 0
fp_kata/internal/services/orders_service.go:94.17,96.3 1 0
fp_kata/internal/services/orders_service.go:98.2,99.16 2 0
fp_kata/internal/services/orders_service.go:99.16,101.3 1 0
fp_kata/internal/services/orders_service.go:103.2,104.16 2 0
fp_kata/internal/services/orders_service.go:104.16,106.3 1 0
fp_kata/internal/services/orders_service.go:108.2,108.19 1 0
fp_kata/internal/services/orders_service.go:111.99,114.17 2 0
fp_kata/internal/services/orders_service.go:114.17,116.3 1 0
fp_kata/internal/services/orders_service.go:117.2,118.16 2 0
fp_kata/internal/services/orders_service.go:118.16,120.3 1 0
fp_kata/internal/services/orders_service.go:122.2,123.35 2 0
fp_kata/internal/services/orders_service.go:123.35,125.17 2 0
fp_kata/internal/services/orders_service.go:125.17,127.4 1 0
fp_kata/internal/services/orders_service.go:128.3,128.33 1 0
fp_kata/internal/services/orders_service.go:131.2,131.20 1 0
fp_kata/internal/services/orders_service.go:134.148,137.17 2 0
fp_kata/internal/services/orders_service.go:137.17,139.3 1 0
fp_kata/internal/services/orders_service.go:140.2,141.16 2 0
fp_kata/internal/services/orders_service.go:141.16,143.3 1 0
fp_kata/internal/services/orders_service.go:145.2,146.38 2 0
fp_kata/internal/services/orders_service.go:146.38,148.20 2 0
fp_kata/internal/services/orders_service.go:148.20,150.18 2 0
fp_kata/internal/services/orders_service.go:150.18,152.5 1 0
fp_kata/internal/services/orders_service.go:153.4,153.50 1 0
fp_kata/internal/services/orders_service.go:157.2,157.28 1 0
fp_kata/internal/services/orders_service.go:160.130,166.16 3 0
fp_kata/internal/services/orders_service.go:166.16,168.3 1 0
fp_kata/internal/services/orders_service.go:169.2,169.19 1 0
fp_kata/internal/services/orders_service.go:172.121,176.16 2 0
fp_kata/internal/services/orders_service.go:176.16,178.3 1 0
fp_kata/internal/services/orders_service.go:179.2,179.19 1 0
fp_kata/internal/services/orders_service.go:179.19,181.3 1 0
fp_kata/internal/services/orders_service.go:184.2,185.16 2 0
fp_kata/internal/services/orders_service.go:185.16,187.3 1 0
fp_kata/internal/services/orders_service.go:190.2,191.16 2 0
fp_kata/internal/services/orders_service.go:191.16,193.3 1 0
fp_kata/internal/services/orders_service.go:195.2,195.19 1 0
fp_kata/internal/services/orders_service.go:198.108,202.16 3 0
fp_kata/internal/services/orders_service.go:202.16,204.3 1 0
fp_kata/internal/services/orders_service.go:205.2,206.19 2 0
fp_kata/internal/services/orders_service.go:209.104,214.17 3 0
fp_kata/internal/services/orders_service.go:214.17,216.3 1 0
fp_kata/internal/services/orders_service.go:217.2,218.19 2 0
fp_kata/internal/services/payments_service.go:23.81,25.2 1 0
fp_kata/internal/services/payments_service.go:27.116,32.21 4 0
fp_kata/internal/services/payments_service.go:32.21,34.3 1 0
fp_kata/internal/services/payments_service.go:34.8,36.3 1 0
fp_kata/internal/services/payments_service.go:37.2,37.16 1 0
fp_kata/internal/services/payments_service.go:37.16,39.3 1 0
fp_kata/internal/services/payments_service.go:40.2,41.28 2 0
fp_kata/internal/services/payments_service.go:44.102,48.16 3 0
fp_kata/internal/services/payments_service.go:48.16,50.3 1 0
fp_kata/internal/services/payments_service.go:51.2,52.21 2 0
fp_kata/internal/services/payments_service.go:55.113,59.16 3 0
fp_kata/internal/services/payments_service.go:59.16,61.3 1 0
fp_kata/internal/services/payments_service.go:62.2,63.39 2 0
fp_kata/internal/services/payments_service.go:63.39,65.3 1 0
fp_kata/internal/services/payments_service.go:66.2,66.22 1 0
fp_kata/internal/services/users_service.go:23.97,28.2 1 0
fp_kata/internal/services/users_service.go:30.88,34.13 3 0
fp_kata/internal/services/users_service.go:34.13,36.3 1 0
fp_kata/internal/services/users_service.go:37.2,38.18 2 0
fp_kata/internal/services/users_service.go:41.93,46.14 4 0
fp_kata/internal/services/users_service.go:46.14,48.3 1 0
fp_kata/internal/services/users_service.go:49.2,51.16 3 0
fp_kata/internal/services/users_service.go:51.16,53.3 1 0
fp_kata/internal/services/users_service.go:55.2,55.25 1 0
fp_kata/pkg/log/logger.go:17.19,19.2 1 1
fp_kata/pkg/log/logger.go:21.52,23.2 1 0
fp_kata/pkg/log/logger.go:25.60,27.2 1 0
fp_kata/pkg/log/logger.go:29.53,31.2 1 1
fp_kata/pkg/log/logger.go:33.67,35.2 1 1
fp_kata/pkg/transports/order.go:28.81,31.51 2 0
fp_kata/pkg/transports/order.go:31.51,34.3 2 0
fp_kata/pkg/transports/order.go:36.2,44.3 1 0
fp_kata/pkg/transports/order.go:48.60,52.23 2 0
fp_kata/pkg/transports/order.go:52.23,54.3 1 0
fp_kata/pkg/transports/order.go:56.2,65.3 1 0
fp_kata/pkg/transports/order.go:69.69,71.35 2 0
fp_kata/pkg/transports/order.go:71.35,73.3 1 0
fp_kata/pkg/transports/order.go:74.2,74.25 1 0
fp_kata/pkg/transports/payment.go:14.68,20.2 1 0
fp_kata/pkg/transports/payment.go:27.69,33.2 1 0
fp_kata/pkg/transports/user.go:26.52,28.41 1 0
fp_kata/pkg/transports/user.go:28.41,30.3 1 0
fp_kata/pkg/transports/user.go:32.2,36.3 1 0
fp_kata/pkg/transports/user.go:39.68,40.51 1 0
fp_kata/pkg/transports/user.go:40.51,42.21 2 0
fp_kata/pkg/transports/user.go:42.21,44.4 1 0
fp_kata/pkg/transports/user.go:44.9,47.4 2 0
fp_kata/pkg/transports/user.go:48.8,51.3 2 0
fp_kata/pkg/transports/user.go:52.2,52.17 1 0
fp_kata/pkg/transports/user.go:55.56,62.2 1 0
fp_kata/common/middleware/auth-middleware.go:10.104,11.35 1 0
fp_kata/common/middleware/auth-middleware.go:11.35,16.23 4 0
fp_kata/common/middleware/auth-middleware.go:16.23,20.4 1 0
fp_kata/common/middleware/auth-middleware.go:23.3,27.17 3 0
fp_kata/common/middleware/auth-middleware.go:27.17,32.4 2 0
fp_kata/common/middleware/auth-middleware.go:34.3,35.17 2 0
fp_kata/common/middleware/auth-middleware.go:35.17,40.4 2 0
fp_kata/common/middleware/auth-middleware.go:41.3,49.20 5 0
fp_kata/common/middleware/logging-middleware.go:12.62,13.33 1 0
fp_kata/common/middleware/logging-middleware.go:13.33,31.3 7 0
fp_kata/common/utils/utils.go:9.26,11.2 1 1
fp_kata/common/utils/utils.go:13.65,15.2 1 1
fp_kata/internal/app/app.go:11.27,26.2 8 0
fp_kata/internal/app/wire_gen.go:22.41,36.2 13 0
fp_kata/internal/app/wire_gen.go:54.15,60.2 1 0
fp_kata/internal/controllers/orders_controller.go:23.80,27.2 1 0
fp_kata/internal/controllers/orders_controller.go:29.94,33.2 3 0
fp_kata/internal/controllers/orders_controller.go:35.61,45.54 7 0
fp_kata/internal/controllers/orders_controller.go:45.54,49.3 1 0
fp_kata/internal/controllers/orders_controller.go:51.2,52.54 2 0
fp_kata/internal/controllers/orders_controller.go:52.54,57.3 1 0
fp_kata/internal/controllers/orders_controller.go:59.2,62.16 3 0
fp_kata/internal/controllers/orders_controller.go:62.16,66.3 1 0
fp_kata/internal/controllers/orders_controller.go:68.2,69.60 2 0
fp_kata/internal/controllers/orders_controller.go:73.66,86.17 9 0
fp_kata/internal/controllers/orders_controller.go:86.17,88.17 2 0
fp_kata/internal/controllers/orders_controller.go:88.17,90.4 1 0
fp_kata/internal/controllers/orders_controller.go:92.3,92.44 1 0
fp_kata/internal/controllers/orders_controller.go:92.44,94.4 1 0
fp_kata/internal/controllers/orders_controller.go:96.3,97.17 2 0
fp_kata/internal/controllers/orders_controller.go:97.17,99.4 1 0
fp_kata/internal/controllers/orders_controller.go:100.8,103.17 3 0
fp_kata/internal/controllers/orders_controller.go:103.17,105.4 1 0
fp_kata/internal/controllers/orders_controller.go:108.2,109.31 2 0
fp_kata/internal/controllers/orders_controller.go:109.31,111.3 1 0
fp_kata/internal/controllers/orders_controller.go:112.2,112.63 1 0
fp_kata/internal/controllers/orders_controller.go:117.65,126.16 7 0
fp_kata/internal/controllers/orders_controller.go:126.16,128.3 1 0
fp_kata/internal/controllers/orders_controller.go:130.2,137.16 6 0
fp_kata/internal/controllers/orders_controller.go:137.16,139.3 1 0
fp_kata/internal/controllers/orders_controller.go:141.2,143.62 2 0
fp_kata/internal/controllers/users_controller.go:20.76,22.2 1 0
fp_kata/internal/controllers/users_controller.go:25.92,28.2 2 0
fp_kata/internal/controllers/users_controller.go:31.55,39.53 5 0
fp_kata/internal/controllers/users_controller.go:39.53,43.3 1 0
fp_kata/internal/controllers/users_controller.go:45.2,46.17 2 0
fp_kata/internal/controllers/users_controller.go:46.17,50.3 1 0
fp_kata/internal/controllers/users_controller.go:52.2,53.16 2 0
fp_kata/internal/controllers/users_controller.go:53.16,57.3 1 0
fp_kata/internal/controllers/users_controller.go:58.2,58.85 1 0
fp_kata/internal/controllers/users_controller.go:62.56,68.24 5 0
fp_kata/internal/controllers/users_controller.go:68.24,72.3 1 0
fp_kata/internal/controllers/users_controller.go:73.2,76.16 3 0
fp_kata/internal/controllers/users_controller.go:76.16,80.3 1 0
fp_kata/internal/controllers/users_controller.go:82.2,82.77 1 0
fp_kata/internal/datasources/file/orders_mem_storage.go:17.101,21.13 3 0
fp_kata/internal/datasources/file/orders_mem_storage.go:21.13,23.3 1 0
fp_kata/internal/datasources/file/orders_mem_storage.go:24.2,24.20 1 0
fp_kata/internal/datasources/file/orders_mem_storage.go:27.112,31.33 3 0
fp_kata/internal/datasources/file/orders_mem_storage.go:31.33,32.29 1 0
fp_kata/internal/datasources/file/orders_mem_storage.go:32.29,34.4 1 0
fp_kata/internal/datasources/file/orders_mem_storage.go:36.2,36.24 1 0
fp_kata/internal/datasources/file/orders_mem_storage.go:39.85,42.45 2 0
fp_kata/internal/datasources/file/orders_mem_storage.go:42.45,44.3 1 0
fp_kata/internal/datasources/file/orders_mem_storage.go:45.2,46.12 2 0
fp_kata/internal/datasources/file/orders_mem_storage.go:49.113,53.13 3 0
fp_kata/internal/datasources/file/orders_mem_storage.go:53.13,55.3 1 0
fp_kata/internal/datasources/file/orders_mem_storage.go:56.2,57.20 2 0
fp_kata/internal/datasources/file/orders_mem_storage.go:60.113,63.45 2 0
fp_kata/internal/datasources/file/orders_mem_storage.go:63.45,65.3 1 0
fp_kata/internal/datasources/file/orders_mem_storage.go:66.2,67.20 2 0
fp_kata/internal/datasources/file/orders_mem_storage.go:70.54,74.2 1 0
fp_kata/internal/datasources/file/users_mem_storage.go:17.52,22.2 1 0
fp_kata/internal/datasources/file/users_mem_storage.go:24.102,29.19 3 0
fp_kata/internal/datasources/file/users_mem_storage.go:29.19,31.3 1 0
fp_kata/internal/datasources/file/users_mem_storage.go:33.2,35.19 3 0
fp_kata/internal/datasources/file/users_mem_storage.go:38.88,41.13 3 0
fp_kata/internal/datasources/file/users_mem_storage.go:41.13,43.3 1 0
fp_kata/internal/datasources/file/users_mem_storage.go:44.2,44.19 1 0
fp_kata/internal/datasources/file/users_mem_storage.go:47.93,51.12 3 0
fp_kata/internal/datasources/file/users_mem_storage.go:51.12,53.3 1 0
fp_kata/internal/datasources/file/users_mem_storage.go:54.2,54.15 1 0
fp_kata/internal/datasources/file/users_mem_storage.go:57.73,60.39 2 0
fp_kata/internal/datasources/file/users_mem_storage.go:60.39,62.3 1 0
fp_kata/internal/datasources/file/users_mem_storage.go:64.2,66.16 3 0
fp_kata/internal/datasources/yugabyte/payments_mem_storage.go:18.58,20.2 1 0
fp_kata/internal/datasources/yugabyte/payments_mem_storage.go:22.108,29.2 5 0
fp_kata/internal/datasources/yugabyte/payments_mem_storage.go:31.94,34.41 2 0
fp_kata/internal/datasources/yugabyte/payments_mem_storage.go:34.41,36.3 1 0
fp_kata/internal/datasources/yugabyte/payments_mem_storage.go:37.2,37.75 1 0
fp_kata/internal/datasources/yugabyte/payments_mem_storage.go:40.108,43.43 2 0
fp_kata/internal/datasources/yugabyte/payments_mem_storage.go:43.43,46.3 2 0
fp_kata/internal/datasources/yugabyte/payments_mem_storage.go:47.2,47.77 1 0
fp_kata/internal/datasources/yugabyte/payments_mem_storage.go:50.76,53.41 2 0
fp_kata/internal/datasources/yugabyte/payments_mem_storage.go:53.41,56.3 2 0
fp_kata/internal/datasources/yugabyte/payments_mem_storage.go:57.2,57.55 1 0
fp_kata/internal/datasources/yugabyte/payments_mem_storage.go:60.109,64.37 3 0
fp_kata/internal/datasources/yugabyte/payments_mem_storage.go:64.37,65.33 1 0
fp_kata/internal/datasources/yugabyte/payments_mem_storage.go:65.33,67.4 1 0
fp_kata/internal/datasources/yugabyte/payments_mem_storage.go:71.2,71.43 1 0
fp_kata/internal/datasources/yugabyte/payments_mem_storage.go:71.43,73.3 1 0
fp_kata/internal/datasources/yugabyte/payments_mem_storage.go:74.2,74.24 1 0
fp_kata/internal/datasources/yugabyte/payments_mem_storage.go:74.24,76.3 1 0
fp_kata/internal/datasources/yugabyte/payments_mem_storage.go:77.2,77.22 1 0
fp_kata/internal/models/order.go:20.45,22.19 1 1
fp_kata/internal/models/order.go:22.19,24.3 1 0
fp_kata/internal/models/order.go:26.2,27.37 2 1
fp_kata/internal/models/order.go:27.37,29.3 1 1
fp_kata/internal/models/order.go:31.2,40.3 1 1
fp_kata/internal/models/order.go:44.44,56.2 1 1
fp_kata/internal/models/payment.go:16.48,17.37 1 1
fp_kata/internal/models/payment.go:17.37,19.3 1 0
fp_kata/internal/models/payment.go:20.2,26.3 1 1
fp_kata/internal/models/payment.go:28.82,29.33 1 1
fp_kata/internal/models/payment.go:29.33,31.3 1 0
fp_kata/internal/models/payment.go:32.2,38.3 1 1
fp_kata/internal/models/user.go:13.42,20.2 1 1
fp_kata/internal/models/user.go:21.44,29.2 1 1
fp_kata/internal/services/authentications_service.go:31.35,35.2 1 1
fp_kata/internal/services/authentications_service.go:38.96,42.18 3 1
fp_kata/internal/services/authentications_service.go:42.18,44.3 1 1
fp_kata/internal/services/authentications_service.go:46.2,54.23 6 1
fp_kata/internal/services/authentications_service.go:58.92,62.21 3 1
fp_kata/internal/services/authentications_service.go:62.21,64.3 1 1
fp_kata/internal/services/authentications_service.go:65.2,72.13 6 1
fp_kata/internal/services/authentications_service.go:72.13,74.3 1 1
fp_kata/internal/services/authentications_service.go:76.2,76.20 1 1
fp_kata/internal/services/authentications_service.go:80.39,83.2 1 1
fp_kata/internal/services/authorization_service.go:18.53,20.2 1 1
fp_kata/internal/services/authorization_service.go:22.113,25.17 2 1
fp_kata/internal/services/authorization_service.go:25.17,27.3 1 1
fp_kata/internal/services/authorization_service.go:28.2,28.23 1 1
fp_kata/internal/services/authorization_service.go:28.23,30.3 1 1
fp_kata/internal/services/authorization_service.go:31.2,31.37 1 1
fp_kata/internal/services/orders_service.go:29.150,31.2 1 1
fp_kata/internal/services/orders_service.go:35.118,39.65 2 1
fp_kata/internal/services/orders_service.go:39.65,41.3 1 1
fp_kata/internal/services/orders_service.go:43.2,45.16 2 1
fp_kata/internal/services/orders_service.go:45.16,47.3 1 1
fp_kata/internal/services/orders_service.go:51.2,52.16 2 1
fp_kata/internal/services/orders_service.go:52.16,54.3 1 1
fp_kata/internal/services/orders_service.go:57.2,58.16 2 1
fp_kata/internal/services/orders_service.go:58.16,60.3 1 1
fp_kata/internal/services/orders_service.go:60.8,62.3 1 1
fp_kata/internal/services/orders_service.go:63.2,63.16 1 1
fp_kata/internal/services/orders_service.go:63.16,65.3 1 1
fp_kata/internal/services/orders_service.go:68.2,71.22 3 1
fp_kata/internal/services/orders_service.go:75.116,78.41 2 1
fp_kata/internal/services/orders_service.go:78.41,81.17 3 1
fp_kata/internal/services/orders_service.go:81.17,83.4 1 1
fp_kata/internal/services/orders_service.go:84.3,85.36 2 1
fp_kata/internal/services/orders_service.go:88.2,88.28 1 1
fp_kata/internal/services/orders_service.go:91.104,94.17 2 1
fp_kata/internal/services/orders_service.go:94.17,96.3 1 1
fp_kata/internal/services/orders_service.go:98.2,99.16 2 1
fp_kata/internal/services/orders_service.go:99.16,101.3 1 1
fp_kata/internal/services/orders_service.go:103.2,104.16 2 1
fp_kata/internal/services/orders_service.go:104.16,106.3 1 1
fp_kata/internal/services/orders_service.go:108.2,108.19 1 1
fp_kata/internal/services/orders_service.go:111.99,114.17 2 1
fp_kata/internal/services/orders_service.go:114.17,116.3 1 1
fp_kata/internal/services/orders_service.go:117.2,118.16 2 1
fp_kata/internal/services/orders_service.go:118.16,120.3 1 1
fp_kata/internal/services/orders_service.go:122.2,123.35 2 1
fp_kata/internal/services/orders_service.go:123.35,125.17 2 1
fp_kata/internal/services/orders_service.go:125.17,127.4 1 1
fp_kata/internal/services/orders_service.go:128.3,128.33 1 1
fp_kata/internal/services/orders_service.go:131.2,131.20 1 1
fp_kata/internal/services/orders_service.go:134.148,137.17 2 1
fp_kata/internal/services/orders_service.go:137.17,139.3 1 1
fp_kata/internal/services/orders_service.go:140.2,141.16 2 1
fp_kata/internal/services/orders_service.go:141.16,143.3 1 1
fp_kata/internal/services/orders_service.go:145.2,146.38 2 1
fp_kata/internal/services/orders_service.go:146.38,148.20 2 1
fp_kata/internal/services/orders_service.go:148.20,150.18 2 1
fp_kata/internal/services/orders_service.go:150.18,152.5 1 1
fp_kata/internal/services/orders_service.go:153.4,153.50 1 1
fp_kata/internal/services/orders_service.go:157.2,157.28 1 1
fp_kata/internal/services/orders_service.go:160.130,166.16 3 1
fp_kata/internal/services/orders_service.go:166.16,168.3 1 1
fp_kata/internal/services/orders_service.go:169.2,169.19 1 1
fp_kata/internal/services/orders_service.go:172.121,176.16 2 1
fp_kata/internal/services/orders_service.go:176.16,178.3 1 1
fp_kata/internal/services/orders_service.go:179.2,179.19 1 1
fp_kata/internal/services/orders_service.go:179.19,181.3 1 1
fp_kata/internal/services/orders_service.go:184.2,185.16 2 1
fp_kata/internal/services/orders_service.go:185.16,187.3 1 1
fp_kata/internal/services/orders_service.go:190.2,191.16 2 1
fp_kata/internal/services/orders_service.go:191.16,193.3 1 1
fp_kata/internal/services/orders_service.go:195.2,195.19 1 1
fp_kata/internal/services/orders_service.go:198.108,202.16 3 1
fp_kata/internal/services/orders_service.go:202.16,204.3 1 1
fp_kata/internal/services/orders_service.go:205.2,206.19 2 1
fp_kata/internal/services/orders_service.go:209.104,214.17 3 1
fp_kata/internal/services/orders_service.go:214.17,216.3 1 1
fp_kata/internal/services/orders_service.go:217.2,218.19 2 1
fp_kata/internal/services/payments_service.go:23.81,25.2 1 1
fp_kata/internal/services/payments_service.go:27.116,32.21 4 1
fp_kata/internal/services/payments_service.go:32.21,34.3 1 1
fp_kata/internal/services/payments_service.go:34.8,36.3 1 1
fp_kata/internal/services/payments_service.go:37.2,37.16 1 1
fp_kata/internal/services/payments_service.go:37.16,39.3 1 1
fp_kata/internal/services/payments_service.go:40.2,41.28 2 1
fp_kata/internal/services/payments_service.go:44.102,48.16 3 1
fp_kata/internal/services/payments_service.go:48.16,50.3 1 1
fp_kata/internal/services/payments_service.go:51.2,52.21 2 1
fp_kata/internal/services/payments_service.go:55.113,59.16 3 1
fp_kata/internal/services/payments_service.go:59.16,61.3 1 1
fp_kata/internal/services/payments_service.go:62.2,63.39 2 1
fp_kata/internal/services/payments_service.go:63.39,65.3 1 1
fp_kata/internal/services/payments_service.go:66.2,66.22 1 1
fp_kata/internal/services/users_service.go:23.97,28.2 1 1
fp_kata/internal/services/users_service.go:30.88,34.13 3 1
fp_kata/internal/services/users_service.go:34.13,36.3 1 1
fp_kata/internal/services/users_service.go:37.2,38.18 2 1
fp_kata/internal/services/users_service.go:41.93,46.14 4 1
fp_kata/internal/services/users_service.go:46.14,48.3 1 1
fp_kata/internal/services/users_service.go:49.2,51.16 3 1
fp_kata/internal/services/users_service.go:51.16,53.3 1 1
fp_kata/internal/services/users_service.go:55.2,55.25 1 1
fp_kata/pkg/log/logger.go:17.19,19.2 1 1
fp_kata/pkg/log/logger.go:21.52,23.2 1 0
fp_kata/pkg/log/logger.go:25.60,27.2 1 0
fp_kata/pkg/log/logger.go:29.53,31.2 1 1
fp_kata/pkg/log/logger.go:33.67,35.2 1 1
fp_kata/pkg/transports/order.go:28.81,31.51 2 0
fp_kata/pkg/transports/order.go:31.51,34.3 2 0
fp_kata/pkg/transports/order.go:36.2,44.3 1 0
fp_kata/pkg/transports/order.go:48.60,52.23 2 0
fp_kata/pkg/transports/order.go:52.23,54.3 1 0
fp_kata/pkg/transports/order.go:56.2,65.3 1 0
fp_kata/pkg/transports/order.go:69.69,71.35 2 0
fp_kata/pkg/transports/order.go:71.35,73.3 1 0
fp_kata/pkg/transports/order.go:74.2,74.25 1 0
fp_kata/pkg/transports/payment.go:14.68,20.2 1 0
fp_kata/pkg/transports/payment.go:27.69,33.2 1 0
fp_kata/pkg/transports/user.go:26.52,28.41 1 0
fp_kata/pkg/transports/user.go:28.41,30.3 1 0
fp_kata/pkg/transports/user.go:32.2,36.3 1 0
fp_kata/pkg/transports/user.go:39.68,40.51 1 0
fp_kata/pkg/transports/user.go:40.51,42.21 2 0
fp_kata/pkg/transports/user.go:42.21,44.4 1 0
fp_kata/pkg/transports/user.go:44.9,47.4 2 0
fp_kata/pkg/transports/user.go:48.8,51.3 2 0
fp_kata/pkg/transports/user.go:52.2,52.17 1 0
fp_kata/pkg/transports/user.go:55.56,62.2 1 0
fp_kata/common/middleware/auth-middleware.go:10.104,11.35 1 0
fp_kata/common/middleware/auth-middleware.go:11.35,16.23 4 0
fp_kata/common/middleware/auth-middleware.go:16.23,20.4 1 0
fp_kata/common/middleware/auth-middleware.go:23.3,27.17 3 0
fp_kata/common/middleware/auth-middleware.go:27.17,32.4 2 0
fp_kata/common/middleware/auth-middleware.go:34.3,35.17 2 0
fp_kata/common/middleware/auth-middleware.go:35.17,40.4 2 0
fp_kata/common/middleware/auth-middleware.go:41.3,49.20 5 0
fp_kata/common/middleware/logging-middleware.go:12.62,13.33 1 0
fp_kata/common/middleware/logging-middleware.go:13.33,31.3 7 0
fp_kata/common/utils/utils.go:9.26,11.2 1 0
fp_kata/common/utils/utils.go:13.65,15.2 1 1
fp_kata/internal/app/app.go:11.27,26.2 8 0
fp_kata/internal/app/wire_gen.go:22.41,36.2 13 0
fp_kata/internal/app/wire_gen.go:54.15,60.2 1 0
fp_kata/internal/controllers/orders_controller.go:23.80,27.2 1 0
fp_kata/internal/controllers/orders_controller.go:29.94,33.2 3 0
fp_kata/internal/controllers/orders_controller.go:35.61,45.54 7 1
fp_kata/internal/controllers/orders_controller.go:45.54,49.3 1 0
fp_kata/internal/controllers/orders_controller.go:51.2,52.54 2 1
fp_kata/internal/controllers/orders_controller.go:52.54,57.3 1 1
fp_kata/internal/controllers/orders_controller.go:59.2,62.16 3 1
fp_kata/internal/controllers/orders_controller.go:62.16,66.3 1 1
fp_kata/internal/controllers/orders_controller.go:68.2,69.60 2 1
fp_kata/internal/controllers/orders_controller.go:73.66,86.17 9 1
fp_kata/internal/controllers/orders_controller.go:86.17,88.17 2 1
fp_kata/internal/controllers/orders_controller.go:88.17,90.4 1 1
fp_kata/internal/controllers/orders_controller.go:92.3,92.44 1 1
fp_kata/internal/controllers/orders_controller.go:92.44,94.4 1 1
fp_kata/internal/controllers/orders_controller.go:96.3,97.17 2 1
fp_kata/internal/controllers/orders_controller.go:97.17,99.4 1 0
fp_kata/internal/controllers/orders_controller.go:100.8,103.17 3 1
fp_kata/internal/controllers/orders_controller.go:103.17,105.4 1 1
fp_kata/internal/controllers/orders_controller.go:108.2,109.31 2 1
fp_kata/internal/controllers/orders_controller.go:109.31,111.3 1 1
fp_kata/internal/controllers/orders_controller.go:112.2,112.63 1 1
fp_kata/internal/controllers/orders_controller.go:117.65,126.16 7 1
fp_kata/internal/controllers/orders_controller.go:126.16,128.3 1 1
fp_kata/internal/controllers/orders_controller.go:130.2,137.16 6 1
fp_kata/internal/controllers/orders_controller.go:137.16,139.3 1 1
fp_kata/internal/controllers/orders_controller.go:141.2,143.62 2 1
fp_kata/internal/controllers/users_controller.go:20.76,22.2 1 0
fp_kata/internal/controllers/users_controller.go:25.92,28.2 2 0
fp_kata/internal/controllers/users_controller.go:31.55,39.53 5 1
fp_kata/internal/controllers/users_controller.go:39.53,43.3 1 0
fp_kata/internal/controllers/users_controller.go:45.2,46.17 2 1
fp_kata/internal/controllers/users_controller.go:46.17,50.3 1 1
fp_kata/internal/controllers/users_controller.go:52.2,53.16 2 1
fp_kata/internal/controllers/users_controller.go:53.16,57.3 1 1
fp_kata/internal/controllers/users_controller.go:58.2,58.85 1 1
fp_kata/internal/controllers/users_controller.go:62.56,68.24 5 1
fp_kata/internal/controllers/users_controller.go:68.24,72.3 1 1
fp_kata/internal/controllers/users_controller.go:73.2,76.16 3 1
fp_kata/internal/controllers/users_controller.go:76.16,80.3 1 1
fp_kata/internal/controllers/users_controller.go:82.2,82.77 1 1
fp_kata/internal/datasources/file/orders_mem_storage.go:17.101,21.13 3 0
fp_kata/internal/datasources/file/orders_mem_storage.go:21.13,23.3 1 0
fp_kata/internal/datasources/file/orders_mem_storage.go:24.2,24.20 1 0
fp_kata/internal/datasources/file/orders_mem_storage.go:27.112,31.33 3 0
fp_kata/internal/datasources/file/orders_mem_storage.go:31.33,32.29 1 0
fp_kata/internal/datasources/file/orders_mem_storage.go:32.29,34.4 1 0
fp_kata/internal/datasources/file/orders_mem_storage.go:36.2,36.24 1 0
fp_kata/internal/datasources/file/orders_mem_storage.go:39.85,42.45 2 0
fp_kata/internal/datasources/file/orders_mem_storage.go:42.45,44.3 1 0
fp_kata/internal/datasources/file/orders_mem_storage.go:45.2,46.12 2 0
fp_kata/internal/datasources/file/orders_mem_storage.go:49.113,53.13 3 0
fp_kata/internal/datasources/file/orders_mem_storage.go:53.13,55.3 1 0
fp_kata/internal/datasources/file/orders_mem_storage.go:56.2,57.20 2 0
fp_kata/internal/datasources/file/orders_mem_storage.go:60.113,63.45 2 0
fp_kata/internal/datasources/file/orders_mem_storage.go:63.45,65.3 1 0
fp_kata/internal/datasources/file/orders_mem_storage.go:66.2,67.20 2 0
fp_kata/internal/datasources/file/orders_mem_storage.go:70.54,74.2 1 0
fp_kata/internal/datasources/file/users_mem_storage.go:17.52,22.2 1 0
fp_kata/internal/datasources/file/users_mem_storage.go:24.102,29.19 3 0
fp_kata/internal/datasources/file/users_mem_storage.go:29.19,31.3 1 0
fp_kata/internal/datasources/file/users_mem_storage.go:33.2,35.19 3 0
fp_kata/internal/datasources/file/users_mem_storage.go:38.88,41.13 3 0
fp_kata/internal/datasources/file/users_mem_storage.go:41.13,43.3 1 0
fp_kata/internal/datasources/file/users_mem_storage.go:44.2,44.19 1 0
fp_kata/internal/datasources/file/users_mem_storage.go:47.93,51.12 3 0
fp_kata/internal/datasources/file/users_mem_storage.go:51.12,53.3 1 0
fp_kata/internal/datasources/file/users_mem_storage.go:54.2,54.15 1 0
fp_kata/internal/datasources/file/users_mem_storage.go:57.73,60.39 2 0
fp_kata/internal/datasources/file/users_mem_storage.go:60.39,62.3 1 0
fp_kata/internal/datasources/file/users_mem_storage.go:64.2,66.16 3 0
fp_kata/internal/datasources/yugabyte/payments_mem_storage.go:18.58,20.2 1 0
fp_kata/internal/datasources/yugabyte/payments_mem_storage.go:22.108,29.2 5 0
fp_kata/internal/datasources/yugabyte/payments_mem_storage.go:31.94,34.41 2 0
fp_kata/internal/datasources/yugabyte/payments_mem_storage.go:34.41,36.3 1 0
fp_kata/internal/datasources/yugabyte/payments_mem_storage.go:37.2,37.75 1 0
fp_kata/internal/datasources/yugabyte/payments_mem_storage.go:40.108,43.43 2 0
fp_kata/internal/datasources/yugabyte/payments_mem_storage.go:43.43,46.3 2 0
fp_kata/internal/datasources/yugabyte/payments_mem_storage.go:47.2,47.77 1 0
fp_kata/internal/datasources/yugabyte/payments_mem_storage.go:50.76,53.41 2 0
fp_kata/internal/datasources/yugabyte/payments_mem_storage.go:53.41,56.3 2 0
fp_kata/internal/datasources/yugabyte/payments_mem_storage.go:57.2,57.55 1 0
fp_kata/internal/datasources/yugabyte/payments_mem_storage.go:60.109,64.37 3 0
fp_kata/internal/datasources/yugabyte/payments_mem_storage.go:64.37,65.33 1 0
fp_kata/internal/datasources/yugabyte/payments_mem_storage.go:65.33,67.4 1 0
fp_kata/internal/datasources/yugabyte/payments_mem_storage.go:71.2,71.43 1 0
fp_kata/internal/datasources/yugabyte/payments_mem_storage.go:71.43,73.3 1 0
fp_kata/internal/datasources/yugabyte/payments_mem_storage.go:74.2,74.24 1 0
fp_kata/internal/datasources/yugabyte/payments_mem_storage.go:74.24,76.3 1 0
fp_kata/internal/datasources/yugabyte/payments_mem_storage.go:77.2,77.22 1 0
fp_kata/internal/models/order.go:20.45,22.19 1 0
fp_kata/internal/models/order.go:22.19,24.3 1 0
fp_kata/internal/models/order.go:26.2,27.37 2 0
fp_kata/internal/models/order.go:27.37,29.3 1 0
fp_kata/internal/models/order.go:31.2,40.3 1 0
fp_kata/internal/models/order.go:44.44,56.2 1 0
fp_kata/internal/models/payment.go:16.48,17.37 1 0
fp_kata/internal/models/payment.go:17.37,19.3 1 0
fp_kata/internal/models/payment.go:20.2,26.3 1 0
fp_kata/internal/models/payment.go:28.82,29.33 1 0
fp_kata/internal/models/payment.go:29.33,31.3 1 0
fp_kata/internal/models/payment.go:32.2,38.3 1 0
fp_kata/internal/models/user.go:13.42,20.2 1 0
fp_kata/internal/models/user.go:21.44,29.2 1 0
fp_kata/internal/services/authentications_service.go:31.35,35.2 1 0
fp_kata/internal/services/authentications_service.go:38.96,42.18 3 0
fp_kata/internal/services/authentications_service.go:42.18,44.3 1 0
fp_kata/internal/services/authentications_service.go:46.2,54.23 6 0
fp_kata/internal/services/authentications_service.go:58.92,62.21 3 0
fp_kata/internal/services/authentications_service.go:62.21,64.3 1 0
fp_kata/internal/services/authentications_service.go:65.2,72.13 6 0
fp_kata/internal/services/authentications_service.go:72.13,74.3 1 0
fp_kata/internal/services/authentications_service.go:76.2,76.20 1 0
fp_kata/internal/services/authentications_service.go:80.39,83.2 1 0
fp_kata/internal/services/authorization_service.go:18.53,20.2 1 0
fp_kata/internal/services/authorization_service.go:22.113,25.17 2 0
fp_kata/internal/services/authorization_service.go:25.17,27.3 1 0
fp_kata/internal/services/authorization_service.go:28.2,28.23 1 0
fp_kata/internal/services/authorization_service.go:28.23,30.3 1 0
fp_kata/internal/services/authorization_service.go:31.2,31.37 1 0
fp_kata/internal/services/orders_service.go:29.150,31.2 1 0
fp_kata/internal/services/orders_service.go:35.118,39.65 2 0
fp_kata/internal/services/orders_service.go:39.65,41.3 1 0
fp_kata/internal/services/orders_service.go:43.2,45.16 2 0
fp_kata/internal/services/orders_service.go:45.16,47.3 1 0
fp_kata/internal/services/orders_service.go:51.2,52.16 2 0
fp_kata/internal/services/orders_service.go:52.16,54.3 1 0
fp_kata/internal/services/orders_service.go:57.2,58.16 2 0
fp_kata/internal/services/orders_service.go:58.16,60.3 1 0
fp_kata/internal/services/orders_service.go:60.8,62.3 1 0
fp_kata/internal/services/orders_service.go:63.2,63.16 1 0
fp_kata/internal/services/orders_service.go:63.16,65.3 1 0
fp_kata/internal/services/orders_service.go:68.2,71.22 3 0
fp_kata/internal/services/orders_service.go:75.116,78.41 2 0
fp_kata/internal/services/orders_service.go:78.41,81.17 3 0
fp_kata/internal/services/orders_service.go:81.17,83.4 1 0
fp_kata/internal/services/orders_service.go:84.3,85.36 2 0
fp_kata/internal/services/orders_service.go:88.2,88.28 1 0
fp_kata/internal/services/orders_service.go:91.104,94.17 2 0
fp_kata/internal/services/orders_service.go:94.17,96.3 1 0
fp_kata/internal/services/orders_service.go:98.2,99.16 2 0
fp_kata/internal/services/orders_service.go:99.16,101.3 1 0
fp_kata/internal/services/orders_service.go:103.2,104.16 2 0
fp_kata/internal/services/orders_service.go:104.16,106.3 1 0
fp_kata/internal/services/orders_service.go:108.2,108.19 1 0
fp_kata/internal/services/orders_service.go:111.99,114.17 2 0
fp_kata/internal/services/orders_service.go:114.17,116.3 1 0
fp_kata/internal/services/orders_service.go:117.2,118.16 2 0
fp_kata/internal/services/orders_service.go:118.16,120.3 1 0
fp_kata/internal/services/orders_service.go:122.2,123.35 2 0
fp_kata/internal/services/orders_service.go:123.35,125.17 2 0
fp_kata/internal/services/orders_service.go:125.17,127.4 1 0
fp_kata/internal/services/orders_service.go:128.3,128.33 1 0
fp_kata/internal/services/orders_service.go:131.2,131.20 1 0
fp_kata/internal/services/orders_service.go:134.148,137.17 2 0
fp_kata/internal/services/orders_service.go:137.17,139.3 1 0
fp_kata/internal/services/orders_service.go:140.2,141.16 2 0
fp_kata/internal/services/orders_service.go:141.16,143.3 1 0
fp_kata/internal/services/orders_service.go:145.2,146.38 2 0
fp_kata/internal/services/orders_service.go:146.38,148.20 2 0
fp_kata/internal/services/orders_service.go:148.20,150.18 2 0
fp_kata/internal/services/orders_service.go:150.18,152.5 1 0
fp_kata/internal/services/orders_service.go:153.4,153.50 1 0
fp_kata/internal/services/orders_service.go:157.2,157.28 1 0
fp_kata/internal/services/orders_service.go:160.130,166.16 3 0
fp_kata/internal/services/orders_service.go:166.16,168.3 1 0
fp_kata/internal/services/orders_service.go:169.2,169.19 1 0
fp_kata/internal/services/orders_service.go:172.121,176.16 2 0
fp_kata/internal/services/orders_service.go:176.16,178.3 1 0
fp_kata/internal/services/orders_service.go:179.2,179.19 1 0
fp_kata/internal/services/orders_service.go:179.19,181.3 1 0
fp_kata/internal/services/orders_service.go:184.2,185.16 2 0
fp_kata/internal/services/orders_service.go:185.16,187.3 1 0
fp_kata/internal/services/orders_service.go:190.2,191.16 2 0
fp_kata/internal/services/orders_service.go:191.16,193.3 1 0
fp_kata/internal/services/orders_service.go:195.2,195.19 1 0
fp_kata/internal/services/orders_service.go:198.108,202.16 3 0
fp_kata/internal/services/orders_service.go:202.16,204.3 1 0
fp_kata/internal/services/orders_service.go:205.2,206.19 2 0
fp_kata/internal/services/orders_service.go:209.104,214.17 3 0
fp_kata/internal/services/orders_service.go:214.17,216.3 1 0
fp_kata/internal/services/orders_service.go:217.2,218.19 2 0
fp_kata/internal/services/payments_service.go:23.81,25.2 1 0
fp_kata/internal/services/payments_service.go:27.116,32.21 4 0
fp_kata/internal/services/payments_service.go:32.21,34.3 1 0
fp_kata/internal/services/payments_service.go:34.8,36.3 1 0
fp_kata/internal/services/payments_service.go:37.2,37.16 1 0
fp_kata/internal/services/payments_service.go:37.16,39.3 1 0
fp_kata/internal/services/payments_service.go:40.2,41.28 2 0
fp_kata/internal/services/payments_service.go:44.102,48.16 3 0
fp_kata/internal/services/payments_service.go:48.16,50.3 1 0
fp_kata/internal/services/payments_service.go:51.2,52.21 2 0
fp_kata/internal/services/payments_service.go:55.113,59.16 3 0
fp_kata/internal/services/payments_service.go:59.16,61.3 1 0
fp_kata/internal/services/payments_service.go:62.2,63.39 2 0
fp_kata/internal/services/payments_service.go:63.39,65.3 1 0
fp_kata/internal/services/payments_service.go:66.2,66.22 1 0
fp_kata/internal/services/users_service.go:23.97,28.2 1 0
fp_kata/internal/services/users_service.go:30.88,34.13 3 0
fp_kata/internal/services/users_service.go:34.13,36.3 1 0
fp_kata/internal/services/users_service.go:37.2,38.18 2 0
fp_kata/internal/services/users_service.go:41.93,46.14 4 0
fp_kata/internal/services/users_service.go:46.14,48.3 1 0
fp_kata/internal/services/users_service.go:49.2,51.16 3 0
fp_kata/internal/services/users_service.go:51.16,53.3 1 0
fp_kata/internal/services/users_service.go:55.2,55.25 1 0
fp_kata/pkg/log/logger.go:17.19,19.2 1 0
fp_kata/pkg/log/logger.go:21.52,23.2 1 1
fp_kata/pkg/log/logger.go:25.60,27.2 1 1
fp_kata/pkg/log/logger.go:29.53,31.2 1 1
fp_kata/pkg/log/logger.go:33.67,35.2 1 1
fp_kata/pkg/transports/order.go:28.81,31.51 2 1
fp_kata/pkg/transports/order.go:31.51,34.3 2 1
fp_kata/pkg/transports/order.go:36.2,44.3 1 1
fp_kata/pkg/transports/order.go:48.60,52.23 2 1
fp_kata/pkg/transports/order.go:52.23,54.3 1 1
fp_kata/pkg/transports/order.go:56.2,65.3 1 1
fp_kata/pkg/transports/order.go:69.69,71.35 2 1
fp_kata/pkg/transports/order.go:71.35,73.3 1 1
fp_kata/pkg/transports/order.go:74.2,74.25 1 1
fp_kata/pkg/transports/payment.go:14.68,20.2 1 1
fp_kata/pkg/transports/payment.go:27.69,33.2 1 1
fp_kata/pkg/transports/user.go:26.52,28.41 1 1
fp_kata/pkg/transports/user.go:28.41,30.3 1 1
fp_kata/pkg/transports/user.go:32.2,36.3 1 1
fp_kata/pkg/transports/user.go:39.68,40.51 1 1
fp_kata/pkg/transports/user.go:40.51,42.21 2 1
fp_kata/pkg/transports/user.go:42.21,44.4 1 1
fp_kata/pkg/transports/user.go:44.9,47.4 2 0
fp_kata/pkg/transports/user.go:48.8,51.3 2 0
fp_kata/pkg/transports/user.go:52.2,52.17 1 1
fp_kata/pkg/transports/user.go:55.56,62.2 1 1
fp_kata/common/middleware/auth-middleware.go:10.104,11.35 1 1
fp_kata/common/middleware/auth-middleware.go:11.35,16.23 4 1
fp_kata/common/middleware/auth-middleware.go:16.23,20.4 1 1
fp_kata/common/middleware/auth-middleware.go:23.3,27.17 3 1
fp_kata/common/middleware/auth-middleware.go:27.17,32.4 2 0
fp_kata/common/middleware/auth-middleware.go:34.3,35.17 2 1
fp_kata/common/middleware/auth-middleware.go:35.17,40.4 2 0
fp_kata/common/middleware/auth-middleware.go:41.3,49.20 5 1
fp_kata/common/middleware/logging-middleware.go:12.62,13.33 1 1
fp_kata/common/middleware/logging-middleware.go:13.33,31.3 7 1
fp_kata/common/utils/utils.go:9.26,11.2 1 0
fp_kata/common/utils/utils.go:13.65,15.2 1 1
fp_kata/internal/app/app.go:11.27,26.2 8 1
fp_kata/internal/app/wire_gen.go:22.41,36.2 13 1
fp_kata/internal/app/wire_gen.go:54.15,60.2 1 1
fp_kata/internal/controllers/orders_controller.go:23.80,27.2 1 1
fp_kata/internal/controllers/orders_controller.go:29.94,33.2 3 1
fp_kata/internal/controllers/orders_controller.go:35.61,45.54 7 0
fp_kata/internal/controllers/orders_controller.go:45.54,49.3 1 0
fp_kata/internal/controllers/orders_controller.go:51.2,52.54 2 0
fp_kata/internal/controllers/orders_controller.go:52.54,57.3 1 0
fp_kata/internal/controllers/orders_controller.go:59.2,62.16 3 0
fp_kata/internal/controllers/orders_controller.go:62.16,66.3 1 0
fp_kata/internal/controllers/orders_controller.go:68.2,69.60 2 0
fp_kata/internal/controllers/orders_controller.go:73.66,86.17 9 0
fp_kata/internal/controllers/orders_controller.go:86.17,88.17 2 0
fp_kata/internal/controllers/orders_controller.go:88.17,90.4 1 0
fp_kata/internal/controllers/orders_controller.go:92.3,92.44 1 0
fp_kata/internal/controllers/orders_controller.go:92.44,94.4 1 0
fp_kata/internal/controllers/orders_controller.go:96.3,97.17 2 0
fp_kata/internal/controllers/orders_controller.go:97.17,99.4 1 0
fp_kata/internal/controllers/orders_controller.go:100.8,103.17 3 0
fp_kata/internal/controllers/orders_controller.go:103.17,105.4 1 0
fp_kata/internal/controllers/orders_controller.go:108.2,109.31 2 0
fp_kata/internal/controllers/orders_controller.go:109.31,111.3 1 0
fp_kata/internal/controllers/orders_controller.go:112.2,112.63 1 0
fp_kata/internal/controllers/orders_controller.go:117.65,126.16 7 0
fp_kata/internal/controllers/orders_controller.go:126.16,128.3 1 0
fp_kata/internal/controllers/orders_controller.go:130.2,137.16 6 0
fp_kata/internal/controllers/orders_controller.go:137.16,139.3 1 0
fp_kata/internal/controllers/orders_controller.go:141.2,143.62 2 0
fp_kata/internal/controllers/users_controller.go:20.76,22.2 1 1
fp_kata/internal/controllers/users_controller.go:25.92,28.2 2 1
fp_kata/internal/controllers/users_controller.go:31.55,39.53 5 1
fp_kata/internal/controllers/users_controller.go:39.53,43.3 1 0
fp_kata/internal/controllers/users_controller.go:45.2,46.17 2 1
[...]
fp_kata/internal/services/orders_service.go:117.2,118.16 2 0
fp_kata/internal/services/orders_service.go:118.16,120.3 1 0
fp_kata/internal/services/orders_service.go:122.2,123.35 2 0
fp_kata/internal/services/orders_service.go:123.35,125.17 2 0
fp_kata/internal/services/orders_service.go:125.17,127.4 1 0
fp_kata/internal/services/orders_service.go:128.3,128.33 1 0
fp_kata/internal/services/orders_service.go:131.2,131.20 1 0
fp_kata/internal/services/orders_service.go:134.148,137.17 2 0
fp_kata/internal/services/orders_service.go:137.17,139.3 1 0
fp_kata/internal/services/orders_service.go:140.2,141.16 2 0
fp_kata/internal/services/orders_service.go:141.16,143.3 1 0
fp_kata/internal/services/orders_service.go:145.2,146.38 2 0
fp_kata/internal/services/orders_service.go:146.38,148.20 2 0
fp_kata/internal/services/orders_service.go:148.20,150.18 2 0
fp_kata/internal/services/orders_service.go:150.18,152.5 1 0
fp_kata/internal/services/orders_service.go:153.4,153.50 1 0
fp_kata/internal/services/orders_service.go:157.2,157.28 1 0
fp_kata/internal/services/orders_service.go:160.130,166.16 3 0
fp_kata/internal/services/orders_service.go:166.16,168.3 1 0
fp_kata/internal/services/orders_service.go:169.2,169.19 1 0
fp_kata/internal/services/orders_service.go:172.121,176.16 2 0
fp_kata/internal/services/orders_service.go:176.16,178.3 1 0
fp_kata/internal/services/orders_service.go:179.2,179.19 1 0
fp_kata/internal/services/orders_service.go:179.19,181.3 1 0
fp_kata/internal/services/orders_service.go:184.2,185.16 2 0
fp_kata/internal/services/orders_service.go:185.16,187.3 1 0
fp_kata/internal/services/orders_service.go:190.2,191.16 2 0
fp_kata/internal/services/orders_service.go:191.16,193.3 1 0
fp_kata/internal/services/orders_service.go:195.2,195.19 1 0
fp_kata/internal/services/orders_service.go:198.108,202.16 3 0
fp_kata/internal/services/orders_service.go:202.16,204.3 1 0
fp_kata/internal/services/orders_service.go:205.2,206.19 2 0
fp_kata/internal/services/orders_service.go:209.104,214.17 3 0
fp_kata/internal/services/orders_service.go:214.17,216.3 1 0
fp_kata/internal/services/orders_service.go:217.2,218.19 2 0
fp_kata/internal/services/payments_service.go:23.81,25.2 1 1
fp_kata/internal/services/payments_service.go:27.116,32.21 4 0
fp_kata/internal/services/payments_service.go:32.21,34.3 1 0
fp_kata/internal/services/payments_service.go:34.8,36.3 1 0
fp_kata/internal/services/payments_service.go:37.2,37.16 1 0
fp_kata/internal/services/payments_service.go:37.16,39.3 1 0
fp_kata/internal/services/payments_service.go:40.2,41.28 2 0
fp_kata/internal/services/payments_service.go:44.102,48.16 3 0
fp_kata/internal/services/payments_service.go:48.16,50.3 1 0
fp_kata/internal/services/payments_service.go:51.2,52.21 2 0
fp_kata/internal/services/payments_service.go:55.113,59.16 3 0
fp_kata/internal/services/payments_service.go:59.16,61.3 1 0
fp_kata/internal/services/payments_service.go:62.2,63.39 2 0
fp_kata/internal/services/payments_service.go:63.39,65.3 1 0
fp_kata/internal/services/payments_service.go:66.2,66.22 1 0
fp_kata/internal/services/users_service.go:23.97,28.2 1 1
fp_kata/internal/services/users_service.go:30.88,34.13 3 1
fp_kata/internal/services/users_service.go:34.13,36.3 1 0
fp_kata/internal/services/users_service.go:37.2,38.18 2 1
fp_kata/internal/services/users_service.go:41.93,46.14 4 1
fp_kata/internal/services/users_service.go:46.14,48.3 1 0
fp_kata/internal/services/users_service.go:49.2,51.16 3 1
fp_kata/internal/services/users_service.go:51.16,53.3 1 0
fp_kata/internal/services/users_service.go:55.2,55.25 1 1
fp_kata/pkg/log/logger.go:17.19,19.2 1 1
fp_kata/pkg/log/logger.go:21.52,23.2 1 1
fp_kata/pkg/log/logger.go:25.60,27.2 1 1
fp_kata/pkg/log/logger.go:29.53,31.2 1 1
fp_kata/pkg/log/logger.go:33.67,35.2 1 1
fp_kata/pkg/transports/order.go:28.81,31.51 2 0
fp_kata/pkg/transports/order.go:31.51,34.3 2 0
fp_kata/pkg/transports/order.go:36.2,44.3 1 0
fp_kata/pkg/transports/order.go:48.60,52.23 2 0
fp_kata/pkg/transports/order.go:52.23,54.3 1 0
fp_kata/pkg/transports/order.go:56.2,65.3 1 0
fp_kata/pkg/transports/order.go:69.69,71.35 2 0
fp_kata/pkg/transports/order.go:71.35,73.3 1 0
fp_kata/pkg/transports/order.go:74.2,74.25 1 0
fp_kata/pkg/transports/payment.go:14.68,20.2 1 0
fp_kata/pkg/transports/payment.go:27.69,33.2 1 0
fp_kata/pkg/transports/user.go:26.52,28.41 1 1
fp_kata/pkg/transports/user.go:28.41,30.3 1 1
fp_kata/pkg/transports/user.go:32.2,36.3 1 1
fp_kata/pkg/transports/user.go:39.68,40.51 1 1
fp_kata/pkg/transports/user.go:40.51,42.21 2 1
fp_kata/pkg/transports/user.go:42.21,44.4 1 1
fp_kata/pkg/transports/user.go:44.9,47.4 2 0
fp_kata/pkg/transports/user.go:48.8,51.3 2 0
fp_kata/pkg/transports/user.go:52.2,52.17 1 1
fp_kata/pkg/transports/user.go:55.56,62.2 1 1
fp_kata/common/middleware/auth-middleware.go:10.104,11.35 1 0
fp_kata/common/middleware/auth-middleware.go:11.35,16.23 4 0
fp_kata/common/middleware/auth-middleware.go:16.23,20.4 1 0
fp_kata/common/middleware/auth-middleware.go:23.3,27.17 3 0
fp_kata/common/middleware/auth-middleware.go:27.17,32.4 2 0
fp_kata/common/middleware/auth-middleware.go:34.3,35.17 2 0
fp_kata/common/middleware/auth-middleware.go:35.17,40.4 2 0
fp_kata/common/middleware/auth-middleware.go:41.3,49.20 5 0
fp_kata/common/middleware/logging-middleware.go:12.62,13.33 1 0
fp_kata/common/middleware/logging-middleware.go:13.33,31.3 7 0
fp_kata/common/utils/utils.go:9.26,11.2 1 0
fp_kata/common/utils/utils.go:13.65,15.2 1 0
fp_kata/internal/app/app.go:11.27,26.2 8 0
fp_kata/internal/app/wire_gen.go:22.41,36.2 13 0
fp_kata/internal/app/wire_gen.go:54.15,60.2 1 0
fp_kata/internal/controllers/orders_controller.go:23.80,27.2 1 0
fp_kata/internal/controllers/orders_controller.go:29.94,33.2 3 0
fp_kata/internal/controllers/orders_controller.go:35.61,45.54 7 0
fp_kata/internal/controllers/orders_controller.go:45.54,49.3 1 0
fp_kata/internal/controllers/orders_controller.go:51.2,52.54 2 0
fp_kata/internal/controllers/orders_controller.go:52.54,57.3 1 0
fp_kata/internal/controllers/orders_controller.go:59.2,62.16 3 0
fp_kata/internal/controllers/orders_controller.go:62.16,66.3 1 0
fp_kata/internal/controllers/orders_controller.go:68.2,69.60 2 0
fp_kata/internal/controllers/orders_controller.go:73.66,86.17 9 0
fp_kata/internal/controllers/orders_controller.go:86.17,88.17 2 0
fp_kata/internal/controllers/orders_controller.go:88.17,90.4 1 0
fp_kata/internal/controllers/orders_controller.go:92.3,92.44 1 0
fp_kata/internal/controllers/orders_controller.go:92.44,94.4 1 0
fp_kata/internal/controllers/orders_controller.go:96.3,97.17 2 0
fp_kata/internal/controllers/orders_controller.go:97.17,99.4 1 0
fp_kata/internal/controllers/orders_controller.go:100.8,103.17 3 0
fp_kata/internal/controllers/orders_controller.go:103.17,105.4 1 0
fp_kata/internal/controllers/orders_controller.go:108.2,109.31 2 0
fp_kata/internal/controllers/orders_controller.go:109.31,111.3 1 0
fp_kata/internal/controllers/orders_controller.go:112.2,112.63 1 0
fp_kata/internal/controllers/orders_controller.go:117.65,126.16 7 0
fp_kata/internal/controllers/orders_controller.go:126.16,128.3 1 0
fp_kata/internal/controllers/orders_controller.go:130.2,137.16 6 0
fp_kata/internal/controllers/orders_controller.go:137.16,139.3 1 0
fp_kata/internal/controllers/orders_controller.go:141.2,143.62 2 0
fp_kata/internal/controllers/users_controller.go:20.76,22.2 1 0
fp_kata/internal/controllers/users_controller.go:25.92,28.2 2 0
fp_kata/internal/controllers/users_controller.go:31.55,39.53 5 0
fp_kata/internal/controllers/users_controller.go:39.53,43.3 1 0
fp_kata/internal/controllers/users_controller.go:45.2,46.17 2 0
fp_kata/internal/controllers/users_controller.go:46.17,50.3 1 0
fp_kata/internal/controllers/users_controller.go:52.2,53.16 2 0
fp_kata/internal/controllers/users_controller.go:53.16,57.3 1 0
fp_kata/internal/controllers/users_controller.go:58.2,58.85 1 0
fp_kata/internal/controllers/users_controller.go:62.56,68.24 5 0
fp_kata/internal/controllers/users_controller.go:68.24,72.3 1 0
fp_kata/internal/controllers/users_controller.go:73.2,76.16 3 0
fp_kata/internal/controllers/users_controller.go:76.16,80.3 1 0
fp_kata/internal/controllers/users_controller.go:82.2,82.77 1 0
fp_kata/internal/datasources/file/orders_mem_storage.go:17.101,21.13 3 0
fp_kata/internal/datasources/file/orders_mem_storage.go:21.13,23.3 1 0
fp_kata/internal/datasources/file/orders_mem_storage.go:24.2,24.20 1 0
fp_kata/internal/datasources/file/orders_mem_storage.go:27.112,31.33 3 0
fp_kata/internal/datasources/file/orders_mem_storage.go:31.33,32.29 1 0
fp_kata/internal/datasources/file/orders_mem_storage.go:32.29,34.4 1 0
fp_kata/internal/datasources/file/orders_mem_storage.go:36.2,36.24 1 0
fp_kata/internal/datasources/file/orders_mem_storage.go:39.85,42.45 2 0
fp_kata/internal/datasources/file/orders_mem_storage.go:42.45,44.3 1 0
fp_kata/internal/datasources/file/orders_mem_storage.go:45.2,46.12 2 0
fp_kata/internal/datasources/file/orders_mem_storage.go:49.113,53.13 3 0
fp_kata/internal/datasources/file/orders_mem_storage.go:53.13,55.3 1 0
fp_kata/internal/datasources/file/orders_mem_storage.go:56.2,57.20 2 0
fp_kata/internal/datasources/file/orders_mem_storage.go:60.113,63.45 2 0
fp_kata/internal/datasources/file/orders_mem_storage.go:63.45,65.3 1 0
fp_kata/internal/datasources/file/orders_mem_storage.go:66.2,67.20 2 0
fp_kata/internal/datasources/file/orders_mem_storage.go:70.54,74.2 1 0
fp_kata/internal/datasources/file/users_mem_storage.go:17.52,22.2 1 0
fp_kata/internal/datasources/file/users_mem_storage.go:24.102,29.19 3 0
fp_kata/internal/datasources/file/users_mem_storage.go:29.19,31.3 1 0
fp_kata/internal/datasources/file/users_mem_storage.go:33.2,35.19 3 0
fp_kata/internal/datasources/file/users_mem_storage.go:38.88,41.13 3 0
fp_kata/internal/datasources/file/users_mem_storage.go:41.13,43.3 1 0
fp_kata/internal/datasources/file/users_mem_storage.go:44.2,44.19 1 0
fp_kata/internal/datasources/file/users_mem_storage.go:47.93,51.12 3 0
fp_kata/internal/datasources/file/users_mem_storage.go:51.12,53.3 1 0
fp_kata/internal/datasources/file/users_mem_storage.go:54.2,54.15 1 0
fp_kata/internal/datasources/file/users_mem_storage.go:57.73,60.39 2 0
fp_kata/internal/datasources/file/users_mem_storage.go:60.39,62.3 1 0
fp_kata/internal/datasources/file/users_mem_storage.go:64.2,66.16 3 0
fp_kata/internal/datasources/yugabyte/payments_mem_storage.go:18.58,20.2 1 0
fp_kata/internal/datasources/yugabyte/payments_mem_storage.go:22.108,29.2 5 0
fp_kata/internal/datasources/yugabyte/payments_mem_storage.go:31.94,34.41 2 0
fp_kata/internal/datasources/yugabyte/payments_mem_storage.go:34.41,36.3 1 0
fp_kata/internal/datasources/yugabyte/payments_mem_storage.go:37.2,37.75 1 0
fp_kata/internal/datasources/yugabyte/payments_mem_storage.go:40.108,43.43 2 0
fp_kata/internal/datasources/yugabyte/payments_mem_storage.go:43.43,46.3 2 0
fp_kata/internal/datasources/yugabyte/payments_mem_storage.go:47.2,47.77 1 0
fp_kata/internal/datasources/yugabyte/payments_mem_storage.go:50.76,53.41 2 0
fp_kata/internal/datasources/yugabyte/payments_mem_storage.go:53.41,56.3 2 0
fp_kata/internal/datasources/yugabyte/payments_mem_storage.go:57.2,57.55 1 0
fp_kata/internal/datasources/yugabyte/payments_mem_storage.go:60.109,64.37 3 0
fp_kata/internal/datasources/yugabyte/payments_mem_storage.go:64.37,65.33 1 0
fp_kata/internal/datasources/yugabyte/payments_mem_storage.go:65.33,67.4 1 0
fp_kata/internal/datasources/yugabyte/payments_mem_storage.go:71.2,71.43 1 0
fp_kata/internal/datasources/yugabyte/payments_mem_storage.go:71.43,73.3 1 0
fp_kata/internal/datasources/yugabyte/payments_mem_storage.go:74.2,74.24 1 0
fp_kata/internal/datasources/yugabyte/payments_mem_storage.go:74.24,76.3 1 0
fp_kata/internal/datasources/yugabyte/payments_mem_storage.go:77.2,77.22 1 0
fp_kata/internal/models/order.go:20.45,22.19 1 0
fp_kata/internal/models/order.go:22.19,24.3 1 0
fp_kata/internal/models/order.go:26.2,27.37 2 0
fp_kata/internal/models/order.go:27.37,29.3 1 0
fp_kata/internal/models/order.go:31.2,40.3 1 0
fp_kata/internal/models/order.go:44.44,56.2 1 0
fp_kata/internal/models/payment.go:16.48,17.37 1 0
fp_kata/internal/models/payment.go:17.37,19.3 1 0
fp_kata/internal/models/payment.go:20.2,26.3 1 0
fp_kata/internal/models/payment.go:28.82,29.33 1 0
fp_kata/internal/models/payment.go:29.33,31.3 1 0
fp_kata/internal/models/payment.go:32.2,38.3 1 0
fp_kata/internal/models/user.go:13.42,20.2 1 0
fp_kata/internal/models/user.go:21.44,29.2 1 0
fp_kata/internal/services/authentications_service.go:31.35,35.2 1 0
fp_kata/internal/services/authentications_service.go:38.96,42.18 3 0
fp_kata/internal/services/authentications_service.go:42.18,44.3 1 0
fp_kata/internal/services/authentications_service.go:46.2,54.23 6 0
fp_kata/internal/services/authentications_service.go:58.92,62.21 3 0
fp_kata/internal/services/authentications_service.go:62.21,64.3 1 0
fp_kata/internal/services/authentications_service.go:65.2,72.13 6 0
fp_kata/internal/services/authentications_service.go:72.13,74.3 1 0
fp_kata/internal/services/authentications_service.go:76.2,76.20 1 0
fp_kata/internal/services/authentications_service.go:80.39,83.2 1 0
fp_kata/internal/services/authorization_service.go:18.53,20.2 1 0
fp_kata/internal/services/authorization_service.go:22.113,25.17 2 0
fp_kata/internal/services/authorization_service.go:25.17,27.3 1 0
fp_kata/internal/services/authorization_service.go:28.2,28.23 1 0
fp_kata/internal/services/authorization_service.go:28.23,30.3 1 0
fp_kata/internal/services/authorization_service.go:31.2,31.37 1 0
fp_kata/internal/services/orders_service.go:29.150,31.2 1 0
fp_kata/internal/services/orders_service.go:35.118,39.65 2 0
fp_kata/internal/services/orders_service.go:39.65,41.3 1 0
fp_kata/internal/services/orders_service.go:43.2,45.16 2 0
fp_kata/internal/services/orders_service.go:45.16,47.3 1 0
fp_kata/internal/services/orders_service.go:51.2,52.16 2 0
fp_kata/internal/services/orders_service.go:52.16,54.3 1 0
fp_kata/internal/services/orders_service.go:57.2,58.16 2 0
fp_kata/internal/services/orders_service.go:58.16,60.3 1 0
fp_kata/internal/services/orders_service.go:60.8,62.3 1 0
fp_kata/internal/services/orders_service.go:63.2,63.16 1 0
fp_kata/internal/services/orders_service.go:63.16,65.3 1 0
fp_kata/internal/services/orders_service.go:68.2,71.22 3 0
fp_kata/internal/services/orders_service.go:75.116,78.41 2 0
fp_kata/internal/services/orders_service.go:78.41,81.17 3 0
fp_kata/internal/services/orders_service.go:81.17,83.4 1 0
fp_kata/internal/services/orders_service.go:84.3,85.36 2 0
fp_kata/internal/services/orders_service.go:88.2,88.28 1 0
fp_kata/internal/services/orders_service.go:91.104,94.17 2 0
fp_kata/internal/services/orders_service.go:94.17,96.3 1 0
fp_kata/internal/services/orders_service.go:98.2,99.16 2 0
fp_kata/internal/services/orders_service.go:99.16,101.3 1 0
fp_kata/internal/services/orders_service.go:103.2,104.16 2 0
fp_kata/internal/services/orders_service.go:104.16,106.3 1 0
fp_kata/internal/services/orders_service.go:108.2,108.19 1 0
fp_kata/internal/services/orders_service.go:111.99,114.17 2 0
fp_kata/internal/services/orders_service.go:114.17,116.3 1 0
fp_kata/internal/services/orders_service.go:117.2,118.16 2 0
fp_kata/internal/services/orders_service.go:118.16,120.3 1 0
fp_kata/internal/services/orders_service.go:122.2,123.35 2 0
fp_kata/internal/services/orders_service.go:123.35,125.17 2 0
fp_kata/internal/services/orders_service.go:125.17,127.4 1 0
fp_kata/internal/services/orders_service.go:128.3,128.33 1 0
fp_kata/internal/services/orders_service.go:131.2,131.20 1 0
fp_kata/internal/services/orders_service.go:134.148,137.17 2 0
fp_kata/internal/services/orders_service.go:137.17,139.3 1 0
fp_kata/internal/services/orders_service.go:140.2,141.16 2 0
fp_kata/internal/services/orders_service.go:141.16,143.3 1 0
fp_kata/internal/services/orders_service.go:145.2,146.38 2 0
fp_kata/internal/services/orders_service.go:146.38,148.20 2 0
fp_kata/internal/services/orders_service.go:148.20,150.18 2 0
fp_kata/internal/services/orders_service.go:150.18,152.5 1 0
fp_kata/internal/services/orders_service.go:153.4,153.50 1 0
fp_kata/internal/services/orders_service.go:157.2,157.28 1 0
fp_kata/internal/services/orders_service.go:160.130,166.16 3 0
fp_kata/internal/services/orders_service.go:166.16,168.3 1 0
fp_kata/internal/services/orders_service.go:169.2,169.19 1 0
fp_kata/internal/services/orders_service.go:172.121,176.16 2 0
fp_kata/internal/services/orders_service.go:176.16,178.3 1 0
fp_kata/internal/services/orders_service.go:179.2,179.19 1 0
fp_kata/internal/services/orders_service.go:179.19,181.3 1 0
fp_kata/internal/services/orders_service.go:184.2,185.16 2 0
fp_kata/internal/services/orders_service.go:185.16,187.3 1 0
fp_kata/internal/services/orders_service.go:190.2,191.16 2 0
fp_kata/internal/services/orders_service.go:191.16,193.3 1 0
fp_kata/internal/services/orders_service.go:195.2,195.19 1 0
fp_kata/internal/services/orders_service.go:198.108,202.16 3 0
fp_kata/internal/services/orders_service.go:202.16,204.3 1 0
fp_kata/internal/services/orders_service.go:205.2,206.19 2 0
fp_kata/internal/services/orders_service.go:209.104,214.17 3 0
fp_kata/internal/services/orders_service.go:214.17,216.3 1 0
fp_kata/internal/services/orders_service.go:217.2,218.19 2 0
fp_kata/internal/services/payments_service.go:23.81,25.2 1 0
fp_kata/internal/services/payments_service.go:27.116,32.21 4 0
fp_kata/internal/services/payments_service.go:32.21,34.3 1 0
fp_kata/internal/services/payments_service.go:34.8,36.3 1 0
fp_kata/internal/services/payments_service.go:37.2,37.16 1 0
fp_kata/internal/services/payments_service.go:37.16,39.3 1 0
fp_kata/internal/services/payments_service.go:40.2,41.28 2 0
fp_kata/internal/services/payments_service.go:44.102,48.16 3 0
fp_kata/internal/services/payments_service.go:48.16,50.3 1 0
fp_kata/internal/services/payments_service.go:51.2,52.21 2 0
fp_kata/internal/services/payments_service.go:55.113,59.16 3 0
fp_kata/internal/services/payments_service.go:59.16,61.3 1 0
fp_kata/internal/services/payments_service.go:62.2,63.39 2 0
fp_kata/internal/services/payments_service.go:63.39,65.3 1 0
fp_kata/internal/services/payments_service.go:66.2,66.22 1 0
fp_kata/internal/services/users_service.go:23.97,28.2 1 0
fp_kata/internal/services/users_service.go:30.88,34.13 3 0
fp_kata/internal/services/users_service.go:34.13,36.3 1 0
fp_kata/internal/services/users_service.go:37.2,38.18 2 0
fp_kata/internal/services/users_service.go:41.93,46.14 4 0
fp_kata/internal/services/users_service.go:46.14,48.3 1 0
fp_kata/internal/services/users_service.go:49.2,51.16 3 0
fp_kata/internal/services/users_service.go:51.16,53.3 1 0
fp_kata/internal/services/users_service.go:55.2,55.25 1 0
fp_kata/pkg/log/logger.go:17.19,19.2 1 0
fp_kata/pkg/log/logger.go:21.52,23.2 1 0
fp_kata/pkg/log/logger.go:25.60,27.2 1 0
fp_kata/pkg/log/logger.go:29.53,31.2 1 0
fp_kata/pkg/log/logger.go:33.67,35.2 1 0
fp_kata/pkg/transports/order.go:28.81,31.51 2 1
fp_kata/pkg/transports/order.go:31.51,34.3 2 1
fp_kata/pkg/transports/order.go:36.2,44.3 1 1
fp_kata/pkg/transports/order.go:48.60,52.23 2 1
fp_kata/pkg/transports/order.go:52.23,54.3 1 1
fp_kata/pkg/transports/order.go:56.2,65.3 1 1
fp_kata/pkg/transports/order.go:69.69,71.35 2 1
fp_kata/pkg/transports/order.go:71.35,73.3 1 1
fp_kata/pkg/transports/order.go:74.2,74.25 1 1
fp_kata/pkg/transports/payment.go:14.68,20.2 1 1
fp_kata/pkg/transports/payment.go:27.69,33.2 1 1
fp_kata/pkg/transports/user.go:26.52,28.41 1 1
fp_kata/pkg/transports/user.go:28.41,30.3 1 1
fp_kata/pkg/transports/user.go:32.2,36.3 1 1
fp_kata/pkg/transports/user.go:39.68,40.51 1 1
fp_kata/pkg/transports/user.go:40.51,42.21 2 1
fp_kata/pkg/transports/user.go:42.21,44.4 1 1
fp_kata/pkg/transports/user.go:44.9,47.4 2 1
fp_kata/pkg/transports/user.go:48.8,51.3 2 1
fp_kata/pkg/transports/user.go:52.2,52.17 1 1
fp_kata/pkg/transports/user.go:55.56,62.2 1 1
